-- The CXX compiler identification is GNU 13.3.0
-- Detecting CXX compiler ABI info
-- Detecting CXX compiler ABI info - done
-- Check for working CXX compiler: /usr/bin/c++ - skipped
-- Detecting CXX compile features
-- Detecting CXX compile features - done
-- Found ros2_control_cmake: 0.3.0 (/opt/ros/jazzy/share/ros2_control_cmake/cmake)
-- Compiler warnings enabled for GNU
-- Detected GCC Version: 13.3.0 (Major: 13, Minor: 3)
-- Found ament_cmake: 2.5.5 (/opt/ros/jazzy/share/ament_cmake/cmake)
-- Found Python3: /usr/bin/python3 (found version "3.12.3") found components: Interpreter 
-- Override CMake install command with custom implementation using symlinks instead of copying resources
-- Found angles: 1.16.1 (/opt/ros/jazzy/share/angles/cmake)
-- Found rclcpp: 28.1.16 (/opt/ros/jazzy/share/rclcpp/cmake)
-- Found rosidl_generator_c: 4.6.7 (/opt/ros/jazzy/share/rosidl_generator_c/cmake)
-- Found rosidl_generator_cpp: 4.6.7 (/opt/ros/jazzy/share/rosidl_generator_cpp/cmake)
-- Using all available rosidl_typesupport_c: rosidl_typesupport_fastrtps_c;rosidl_typesupport_introspection_c
-- Using all available rosidl_typesupport_cpp: rosidl_typesupport_fastrtps_cpp;rosidl_typesupport_introspection_cpp
-- Found rmw_implementation_cmake: 7.3.3 (/opt/ros/jazzy/share/rmw_implementation_cmake/cmake)
-- Found rmw_fastrtps_cpp: 8.4.3 (/opt/ros/jazzy/share/rmw_fastrtps_cpp/cmake)
-- Found OpenSSL: /usr/lib/x86_64-linux-gnu/libcrypto.so (found version "3.0.13")  
-- Found FastRTPS: /opt/ros/jazzy/include (Required is at least version "2.13") 
-- Using RMW implementation 'rmw_fastrtps_cpp' as default
-- Found hardware_interface: 4.42.2 (/opt/ros/jazzy/share/hardware_interface/cmake)
-- Found ament_cmake_gmock: 2.5.5 (/opt/ros/jazzy/share/ament_cmake_gmock/cmake)
-- Found ros2_control_test_assets: 4.42.2 (/opt/ros/jazzy/share/ros2_control_test_assets/cmake)
-- Found gmock sources under '/opt/ros/jazzy/src/gmock_vendor': C++ tests using 'Google Mock' will be built
-- The C compiler identification is GNU 13.3.0
-- Detecting C compiler ABI info
-- Detecting C compiler ABI info - done
-- Check for working C compiler: /usr/bin/cc - skipped
-- Detecting C compile features
-- Detecting C compile features - done
-- Found ament_cmake_gtest: 2.5.5 (/opt/ros/jazzy/share/ament_cmake_gtest/cmake)
-- Found gtest sources under '/opt/ros/jazzy/src/gtest_vendor': C++ tests using 'Google Test' will be built
-- Found ament_cmake_ros: 0.12.0 (/opt/ros/jazzy/share/ament_cmake_ros/cmake)
-- Found launch_testing_ament_cmake: 3.4.10 (/opt/ros/jazzy/share/launch_testing_ament_cmake/cmake)
-- Found python_cmake_module: 0.11.1 (/opt/ros/jazzy/share/python_cmake_module/cmake)
-- Found PythonExtra: /usr/bin/python3  
-- Configuring done (10.0s)
-- Generating done (0.2s)
-- Build files have been written to: /home/kenji/Lakbay_Akbay_ros/build/joint_state_topic_hardware_interface
[  7%] [32mBuilding CXX object gmock/CMakeFiles/gmock.dir/opt/ros/jazzy/src/gtest_vendor/src/gtest-all.cc.o[0m
[ 15%] [32mBuilding CXX object CMakeFiles/joint_state_topic_hardware_interface.dir/src/joint_state_topic_hardware_interface.cpp.o[0m
[ 23%] [32mBuilding CXX object gmock/CMakeFiles/gmock_main.dir/src/gmock_main.cc.o[0m
[ 30%] [32mBuilding CXX object CMakeFiles/jtc_client_position.dir/test/rrr/jtc_client_position.cpp.o[0m
[ 38%] [32m[1mLinking CXX static library libgmock_main.a[0m
[ 38%] Built target gmock_main
[ 46%] [32mBuilding CXX object gmock/CMakeFiles/gmock.dir/src/gmock-all.cc.o[0m
[ 53%] [32mBuilding CXX object CMakeFiles/test_gripper.dir/test/gripper/test_gripper.cpp.o[0m
[ 61%] [32m[1mLinking CXX static library libgmock.a[0m
[ 61%] Built target gmock
[ 69%] [32m[1mLinking CXX executable jtc_client_position[0m
[ 69%] Built target jtc_client_position
[ 76%] [32m[1mLinking CXX executable test_gripper[0m
[ 76%] Built target test_gripper
[ 84%] [32m[1mLinking CXX shared library libjoint_state_topic_hardware_interface.so[0m
[ 84%] Built target joint_state_topic_hardware_interface
[ 92%] [32mBuilding CXX object CMakeFiles/joint_state_topic_hardware_interface_test.dir/test/joint_state_topic_hardware_interface_test.cpp.o[0m
[100%] [32m[1mLinking CXX executable joint_state_topic_hardware_interface_test[0m
[100%] Built target joint_state_topic_hardware_interface_test
-- Install configuration: ""
-- Execute custom install script
-- Symlinking: /home/kenji/Lakbay_Akbay_ros/install/joint_state_topic_hardware_interface/share/joint_state_topic_hardware_interface//joint_state_topic_hardware_interface_plugin_description.xml
-- Symlinking: /home/kenji/Lakbay_Akbay_ros/install/joint_state_topic_hardware_interface/share/joint_state_topic_hardware_interface/environment/library_path.sh
-- Symlinking: /home/kenji/Lakbay_Akbay_ros/install/joint_state_topic_hardware_interface/share/joint_state_topic_hardware_interface/environment/library_path.dsv
-- Symlinking: /home/kenji/Lakbay_Akbay_ros/install/joint_state_topic_hardware_interface/share/ament_index/resource_index/package_run_dependencies/joint_state_topic_hardware_interface
-- Symlinking: /home/kenji/Lakbay_Akbay_ros/install/joint_state_topic_hardware_interface/share/ament_index/resource_index/parent_prefix_path/joint_state_topic_hardware_interface
-- Symlinking: /home/kenji/Lakbay_Akbay_ros/install/joint_state_topic_hardware_interface/share/joint_state_topic_hardware_interface/environment/ament_prefix_path.sh
-- Symlinking: /home/kenji/Lakbay_Akbay_ros/install/joint_state_topic_hardware_interface/share/joint_state_topic_hardware_interface/environment/ament_prefix_path.dsv
-- Symlinking: /home/kenji/Lakbay_Akbay_ros/install/joint_state_topic_hardware_interface/share/joint_state_topic_hardware_interface/environment/path.sh
-- Symlinking: /home/kenji/Lakbay_Akbay_ros/install/joint_state_topic_hardware_interface/share/joint_state_topic_hardware_interface/environment/path.dsv
-- Symlinking: /home/kenji/Lakbay_Akbay_ros/install/joint_state_topic_hardware_interface/share/joint_state_topic_hardware_interface/local_setup.bash
-- Symlinking: /home/kenji/Lakbay_Akbay_ros/install/joint_state_topic_hardware_interface/share/joint_state_topic_hardware_interface/local_setup.sh
-- Symlinking: /home/kenji/Lakbay_Akbay_ros/install/joint_state_topic_hardware_interface/share/joint_state_topic_hardware_interface/local_setup.zsh
-- Symlinking: /home/kenji/Lakbay_Akbay_ros/install/joint_state_topic_hardware_interface/share/joint_state_topic_hardware_interface/local_setup.dsv
-- Symlinking: /home/kenji/Lakbay_Akbay_ros/install/joint_state_topic_hardware_interface/share/joint_state_topic_hardware_interface/package.dsv
-- Symlinking: /home/kenji/Lakbay_Akbay_ros/install/joint_state_topic_hardware_interface/share/ament_index/resource_index/packages/joint_state_topic_hardware_interface
-- Symlinking: /home/kenji/Lakbay_Akbay_ros/install/joint_state_topic_hardware_interface/share/ament_index/resource_index/hardware_interface__pluginlib__plugin/joint_state_topic_hardware_interface
-- Symlinking: /home/kenji/Lakbay_Akbay_ros/install/joint_state_topic_hardware_interface/share/joint_state_topic_hardware_interface/cmake/ament_cmake_export_targets-extras.cmake
-- Symlinking: /home/kenji/Lakbay_Akbay_ros/install/joint_state_topic_hardware_interface/share/joint_state_topic_hardware_interface/cmake/ament_cmake_export_dependencies-extras.cmake
-- Symlinking: /home/kenji/Lakbay_Akbay_ros/install/joint_state_topic_hardware_interface/share/joint_state_topic_hardware_interface/cmake/joint_state_topic_hardware_interfaceConfig.cmake
-- Symlinking: /home/kenji/Lakbay_Akbay_ros/install/joint_state_topic_hardware_interface/share/joint_state_topic_hardware_interface/cmake/joint_state_topic_hardware_interfaceConfig-version.cmake
-- Symlinking: /home/kenji/Lakbay_Akbay_ros/install/joint_state_topic_hardware_interface/share/joint_state_topic_hardware_interface/package.xml
-- Installing: /home/kenji/Lakbay_Akbay_ros/install/joint_state_topic_hardware_interface/lib/libjoint_state_topic_hardware_interface.so
-- Set non-toolchain portion of runtime path of "/home/kenji/Lakbay_Akbay_ros/install/joint_state_topic_hardware_interface/lib/libjoint_state_topic_hardware_interface.so" to ""
-- Installing: /home/kenji/Lakbay_Akbay_ros/install/joint_state_topic_hardware_interface/share/joint_state_topic_hardware_interface/cmake/joint_state_topic_hardware_interfaceTargetsExport.cmake
-- Installing: /home/kenji/Lakbay_Akbay_ros/install/joint_state_topic_hardware_interface/share/joint_state_topic_hardware_interface/cmake/joint_state_topic_hardware_interfaceTargetsExport-noconfig.cmake
