[0.387s] DEBUG:colcon:Command line arguments: ['/usr/bin/colcon', 'build', '--symlink-install']
[0.388s] DEBUG:colcon:Parsed command line arguments: Namespace(log_base=None, log_level=None, verb_name='build', build_base='build', install_base='install', merge_install=False, symlink_install=True, test_result_base=None, continue_on_error=False, executor='parallel', parallel_workers=4, event_handlers=None, ignore_user_meta=False, metas=['./colcon.meta'], base_paths=['.'], packages_ignore=None, packages_ignore_regex=None, paths=None, packages_up_to=None, packages_up_to_regex=None, packages_above=None, packages_above_and_dependencies=None, packages_above_depth=None, packages_select_by_dep=None, packages_skip_by_dep=None, packages_skip_up_to=None, packages_select_build_failed=False, packages_skip_build_finished=False, packages_select_test_failures=False, packages_skip_test_passed=False, packages_select=None, packages_skip=None, packages_select_regex=None, packages_skip_regex=None, packages_start=None, packages_end=None, allow_overriding=[], cmake_args=None, cmake_target=None, cmake_target_skip_unavailable=False, cmake_clean_cache=False, cmake_clean_first=False, cmake_force_configure=False, ament_cmake_args=None, catkin_cmake_args=None, catkin_skip_building_tests=False, mixin_files=None, mixin=None, verb_parser=<colcon_mixin.mixin.mixin_argument.MixinArgumentDecorator object at 0x7b1ac5599ee0>, verb_extension=<colcon_core.verb.build.BuildVerb object at 0x7b1ac5523bf0>, main=<bound method BuildVerb.main of <colcon_core.verb.build.BuildVerb object at 0x7b1ac5523bf0>>, mixin_verb=('build',))
[0.530s] Level 1:colcon.colcon_core.package_discovery:discover_packages(colcon_meta) check parameters
[0.531s] Level 1:colcon.colcon_core.package_discovery:discover_packages(recursive) check parameters
[0.531s] Level 1:colcon.colcon_core.package_discovery:discover_packages(ignore) check parameters
[0.531s] Level 1:colcon.colcon_core.package_discovery:discover_packages(path) check parameters
[0.531s] Level 1:colcon.colcon_core.package_discovery:discover_packages(colcon_meta) discover
[0.531s] Level 1:colcon.colcon_core.package_discovery:discover_packages(recursive) discover
[0.531s] INFO:colcon.colcon_core.package_discovery:Crawling recursively for packages in '/home/kenji/Lakbay_Akbay_ros'
[0.532s] Level 1:colcon.colcon_core.package_identification:_identify(.) by extensions ['ignore', 'ignore_ament_install']
[0.532s] Level 1:colcon.colcon_core.package_identification:_identify(.) by extension 'ignore'
[0.532s] Level 1:colcon.colcon_core.package_identification:_identify(.) by extension 'ignore_ament_install'
[0.532s] Level 1:colcon.colcon_core.package_identification:_identify(.) by extensions ['colcon_pkg']
[0.532s] Level 1:colcon.colcon_core.package_identification:_identify(.) by extension 'colcon_pkg'
[0.532s] Level 1:colcon.colcon_core.package_identification:_identify(.) by extensions ['colcon_meta']
[0.532s] Level 1:colcon.colcon_core.package_identification:_identify(.) by extension 'colcon_meta'
[0.533s] Level 1:colcon.colcon_core.package_identification:_identify(.) by extensions ['ros']
[0.533s] Level 1:colcon.colcon_core.package_identification:_identify(.) by extension 'ros'
[0.611s] Level 1:colcon.colcon_core.package_identification:_identify(.) by extensions ['cmake', 'python']
[0.612s] Level 1:colcon.colcon_core.package_identification:_identify(.) by extension 'cmake'
[0.612s] Level 1:colcon.colcon_core.package_identification:_identify(.) by extension 'python'
[0.612s] Level 1:colcon.colcon_core.package_identification:_identify(.) by extensions ['python_setup_py']
[0.612s] Level 1:colcon.colcon_core.package_identification:_identify(.) by extension 'python_setup_py'
[0.613s] Level 1:colcon.colcon_core.package_identification:_identify(build) by extensions ['ignore', 'ignore_ament_install']
[0.613s] Level 1:colcon.colcon_core.package_identification:_identify(build) by extension 'ignore'
[0.613s] Level 1:colcon.colcon_core.package_identification:_identify(build) ignored
[0.614s] Level 1:colcon.colcon_core.package_identification:_identify(install) by extensions ['ignore', 'ignore_ament_install']
[0.614s] Level 1:colcon.colcon_core.package_identification:_identify(install) by extension 'ignore'
[0.614s] Level 1:colcon.colcon_core.package_identification:_identify(install) ignored
[0.614s] Level 1:colcon.colcon_core.package_identification:_identify(log) by extensions ['ignore', 'ignore_ament_install']
[0.615s] Level 1:colcon.colcon_core.package_identification:_identify(log) by extension 'ignore'
[0.615s] Level 1:colcon.colcon_core.package_identification:_identify(log) ignored
[0.615s] Level 1:colcon.colcon_core.package_identification:_identify(src) by extensions ['ignore', 'ignore_ament_install']
[0.616s] Level 1:colcon.colcon_core.package_identification:_identify(src) by extension 'ignore'
[0.616s] Level 1:colcon.colcon_core.package_identification:_identify(src) by extension 'ignore_ament_install'
[0.616s] Level 1:colcon.colcon_core.package_identification:_identify(src) by extensions ['colcon_pkg']
[0.616s] Level 1:colcon.colcon_core.package_identification:_identify(src) by extension 'colcon_pkg'
[0.616s] Level 1:colcon.colcon_core.package_identification:_identify(src) by extensions ['colcon_meta']
[0.616s] Level 1:colcon.colcon_core.package_identification:_identify(src) by extension 'colcon_meta'
[0.616s] Level 1:colcon.colcon_core.package_identification:_identify(src) by extensions ['ros']
[0.616s] Level 1:colcon.colcon_core.package_identification:_identify(src) by extension 'ros'
[0.617s] Level 1:colcon.colcon_core.package_identification:_identify(src) by extensions ['cmake', 'python']
[0.617s] Level 1:colcon.colcon_core.package_identification:_identify(src) by extension 'cmake'
[0.617s] Level 1:colcon.colcon_core.package_identification:_identify(src) by extension 'python'
[0.617s] Level 1:colcon.colcon_core.package_identification:_identify(src) by extensions ['python_setup_py']
[0.617s] Level 1:colcon.colcon_core.package_identification:_identify(src) by extension 'python_setup_py'
[0.618s] Level 1:colcon.colcon_core.package_identification:_identify(src/arm_controller_switch) by extensions ['ignore', 'ignore_ament_install']
[0.618s] Level 1:colcon.colcon_core.package_identification:_identify(src/arm_controller_switch) by extension 'ignore'
[0.618s] Level 1:colcon.colcon_core.package_identification:_identify(src/arm_controller_switch) by extension 'ignore_ament_install'
[0.618s] Level 1:colcon.colcon_core.package_identification:_identify(src/arm_controller_switch) by extensions ['colcon_pkg']
[0.618s] Level 1:colcon.colcon_core.package_identification:_identify(src/arm_controller_switch) by extension 'colcon_pkg'
[0.618s] Level 1:colcon.colcon_core.package_identification:_identify(src/arm_controller_switch) by extensions ['colcon_meta']
[0.619s] Level 1:colcon.colcon_core.package_identification:_identify(src/arm_controller_switch) by extension 'colcon_meta'
[0.619s] Level 1:colcon.colcon_core.package_identification:_identify(src/arm_controller_switch) by extensions ['ros']
[0.619s] Level 1:colcon.colcon_core.package_identification:_identify(src/arm_controller_switch) by extension 'ros'
[0.629s] DEBUG:colcon.colcon_core.package_identification:Package 'src/arm_controller_switch' with type 'ros.ament_python' and name 'arm_controller_switch'
[0.630s] Level 1:colcon.colcon_core.package_identification:_identify(src/pose_estimation) by extensions ['ignore', 'ignore_ament_install']
[0.630s] Level 1:colcon.colcon_core.package_identification:_identify(src/pose_estimation) by extension 'ignore'
[0.631s] Level 1:colcon.colcon_core.package_identification:_identify(src/pose_estimation) by extension 'ignore_ament_install'
[0.631s] Level 1:colcon.colcon_core.package_identification:_identify(src/pose_estimation) by extensions ['colcon_pkg']
[0.631s] Level 1:colcon.colcon_core.package_identification:_identify(src/pose_estimation) by extension 'colcon_pkg'
[0.631s] Level 1:colcon.colcon_core.package_identification:_identify(src/pose_estimation) by extensions ['colcon_meta']
[0.631s] Level 1:colcon.colcon_core.package_identification:_identify(src/pose_estimation) by extension 'colcon_meta'
[0.631s] Level 1:colcon.colcon_core.package_identification:_identify(src/pose_estimation) by extensions ['ros']
[0.631s] Level 1:colcon.colcon_core.package_identification:_identify(src/pose_estimation) by extension 'ros'
[0.633s] DEBUG:colcon.colcon_core.package_identification:Package 'src/pose_estimation' with type 'ros.ament_python' and name 'pose_estimation'
[0.633s] Level 1:colcon.colcon_core.package_identification:_identify(src/robot_description) by extensions ['ignore', 'ignore_ament_install']
[0.634s] Level 1:colcon.colcon_core.package_identification:_identify(src/robot_description) by extension 'ignore'
[0.634s] Level 1:colcon.colcon_core.package_identification:_identify(src/robot_description) by extension 'ignore_ament_install'
[0.634s] Level 1:colcon.colcon_core.package_identification:_identify(src/robot_description) by extensions ['colcon_pkg']
[0.634s] Level 1:colcon.colcon_core.package_identification:_identify(src/robot_description) by extension 'colcon_pkg'
[0.635s] Level 1:colcon.colcon_core.package_identification:_identify(src/robot_description) by extensions ['colcon_meta']
[0.635s] Level 1:colcon.colcon_core.package_identification:_identify(src/robot_description) by extension 'colcon_meta'
[0.635s] Level 1:colcon.colcon_core.package_identification:_identify(src/robot_description) by extensions ['ros']
[0.635s] Level 1:colcon.colcon_core.package_identification:_identify(src/robot_description) by extension 'ros'
[0.636s] DEBUG:colcon.colcon_core.package_identification:Package 'src/robot_description' with type 'ros.ament_cmake' and name 'robot_description'
[0.637s] Level 1:colcon.colcon_core.package_identification:_identify(src/robot_moveit_config) by extensions ['ignore', 'ignore_ament_install']
[0.637s] Level 1:colcon.colcon_core.package_identification:_identify(src/robot_moveit_config) by extension 'ignore'
[0.637s] Level 1:colcon.colcon_core.package_identification:_identify(src/robot_moveit_config) by extension 'ignore_ament_install'
[0.638s] Level 1:colcon.colcon_core.package_identification:_identify(src/robot_moveit_config) by extensions ['colcon_pkg']
[0.638s] Level 1:colcon.colcon_core.package_identification:_identify(src/robot_moveit_config) by extension 'colcon_pkg'
[0.638s] Level 1:colcon.colcon_core.package_identification:_identify(src/robot_moveit_config) by extensions ['colcon_meta']
[0.638s] Level 1:colcon.colcon_core.package_identification:_identify(src/robot_moveit_config) by extension 'colcon_meta'
[0.638s] Level 1:colcon.colcon_core.package_identification:_identify(src/robot_moveit_config) by extensions ['ros']
[0.638s] Level 1:colcon.colcon_core.package_identification:_identify(src/robot_moveit_config) by extension 'ros'
[0.642s] DEBUG:colcon.colcon_core.package_identification:Package 'src/robot_moveit_config' with type 'ros.ament_cmake' and name 'robot_moveit_config'
[0.642s] Level 1:colcon.colcon_core.package_identification:_identify(src/topic_based_hardware_interfaces) by extensions ['ignore', 'ignore_ament_install']
[0.643s] Level 1:colcon.colcon_core.package_identification:_identify(src/topic_based_hardware_interfaces) by extension 'ignore'
[0.643s] Level 1:colcon.colcon_core.package_identification:_identify(src/topic_based_hardware_interfaces) by extension 'ignore_ament_install'
[0.643s] Level 1:colcon.colcon_core.package_identification:_identify(src/topic_based_hardware_interfaces) by extensions ['colcon_pkg']
[0.643s] Level 1:colcon.colcon_core.package_identification:_identify(src/topic_based_hardware_interfaces) by extension 'colcon_pkg'
[0.643s] Level 1:colcon.colcon_core.package_identification:_identify(src/topic_based_hardware_interfaces) by extensions ['colcon_meta']
[0.644s] Level 1:colcon.colcon_core.package_identification:_identify(src/topic_based_hardware_interfaces) by extension 'colcon_meta'
[0.644s] Level 1:colcon.colcon_core.package_identification:_identify(src/topic_based_hardware_interfaces) by extensions ['ros']
[0.644s] Level 1:colcon.colcon_core.package_identification:_identify(src/topic_based_hardware_interfaces) by extension 'ros'
[0.644s] Level 1:colcon.colcon_core.package_identification:_identify(src/topic_based_hardware_interfaces) by extensions ['cmake', 'python']
[0.644s] Level 1:colcon.colcon_core.package_identification:_identify(src/topic_based_hardware_interfaces) by extension 'cmake'
[0.644s] Level 1:colcon.colcon_core.package_identification:_identify(src/topic_based_hardware_interfaces) by extension 'python'
[0.645s] Level 1:colcon.colcon_core.package_identification:_identify(src/topic_based_hardware_interfaces) by extensions ['python_setup_py']
[0.645s] Level 1:colcon.colcon_core.package_identification:_identify(src/topic_based_hardware_interfaces) by extension 'python_setup_py'
[0.645s] Level 1:colcon.colcon_core.package_identification:_identify(src/topic_based_hardware_interfaces/doc) by extensions ['ignore', 'ignore_ament_install']
[0.645s] Level 1:colcon.colcon_core.package_identification:_identify(src/topic_based_hardware_interfaces/doc) by extension 'ignore'
[0.645s] Level 1:colcon.colcon_core.package_identification:_identify(src/topic_based_hardware_interfaces/doc) by extension 'ignore_ament_install'
[0.646s] Level 1:colcon.colcon_core.package_identification:_identify(src/topic_based_hardware_interfaces/doc) by extensions ['colcon_pkg']
[0.646s] Level 1:colcon.colcon_core.package_identification:_identify(src/topic_based_hardware_interfaces/doc) by extension 'colcon_pkg'
[0.646s] Level 1:colcon.colcon_core.package_identification:_identify(src/topic_based_hardware_interfaces/doc) by extensions ['colcon_meta']
[0.646s] Level 1:colcon.colcon_core.package_identification:_identify(src/topic_based_hardware_interfaces/doc) by extension 'colcon_meta'
[0.646s] Level 1:colcon.colcon_core.package_identification:_identify(src/topic_based_hardware_interfaces/doc) by extensions ['ros']
[0.646s] Level 1:colcon.colcon_core.package_identification:_identify(src/topic_based_hardware_interfaces/doc) by extension 'ros'
[0.646s] Level 1:colcon.colcon_core.package_identification:_identify(src/topic_based_hardware_interfaces/doc) by extensions ['cmake', 'python']
[0.646s] Level 1:colcon.colcon_core.package_identification:_identify(src/topic_based_hardware_interfaces/doc) by extension 'cmake'
[0.647s] Level 1:colcon.colcon_core.package_identification:_identify(src/topic_based_hardware_interfaces/doc) by extension 'python'
[0.647s] Level 1:colcon.colcon_core.package_identification:_identify(src/topic_based_hardware_interfaces/doc) by extensions ['python_setup_py']
[0.647s] Level 1:colcon.colcon_core.package_identification:_identify(src/topic_based_hardware_interfaces/doc) by extension 'python_setup_py'
[0.647s] Level 1:colcon.colcon_core.package_identification:_identify(src/topic_based_hardware_interfaces/joint_state_topic_hardware_interface) by extensions ['ignore', 'ignore_ament_install']
[0.647s] Level 1:colcon.colcon_core.package_identification:_identify(src/topic_based_hardware_interfaces/joint_state_topic_hardware_interface) by extension 'ignore'
[0.648s] Level 1:colcon.colcon_core.package_identification:_identify(src/topic_based_hardware_interfaces/joint_state_topic_hardware_interface) by extension 'ignore_ament_install'
[0.648s] Level 1:colcon.colcon_core.package_identification:_identify(src/topic_based_hardware_interfaces/joint_state_topic_hardware_interface) by extensions ['colcon_pkg']
[0.648s] Level 1:colcon.colcon_core.package_identification:_identify(src/topic_based_hardware_interfaces/joint_state_topic_hardware_interface) by extension 'colcon_pkg'
[0.648s] Level 1:colcon.colcon_core.package_identification:_identify(src/topic_based_hardware_interfaces/joint_state_topic_hardware_interface) by extensions ['colcon_meta']
[0.648s] Level 1:colcon.colcon_core.package_identification:_identify(src/topic_based_hardware_interfaces/joint_state_topic_hardware_interface) by extension 'colcon_meta'
[0.648s] Level 1:colcon.colcon_core.package_identification:_identify(src/topic_based_hardware_interfaces/joint_state_topic_hardware_interface) by extensions ['ros']
[0.648s] Level 1:colcon.colcon_core.package_identification:_identify(src/topic_based_hardware_interfaces/joint_state_topic_hardware_interface) by extension 'ros'
[0.651s] DEBUG:colcon.colcon_core.package_identification:Package 'src/topic_based_hardware_interfaces/joint_state_topic_hardware_interface' with type 'ros.ament_cmake' and name 'joint_state_topic_hardware_interface'
[0.651s] Level 1:colcon.colcon_core.package_discovery:discover_packages(recursive) using defaults
[0.651s] Level 1:colcon.colcon_core.package_discovery:discover_packages(ignore) discover
[0.651s] Level 1:colcon.colcon_core.package_discovery:discover_packages(ignore) using defaults
[0.651s] Level 1:colcon.colcon_core.package_discovery:discover_packages(path) discover
[0.652s] Level 1:colcon.colcon_core.package_discovery:discover_packages(path) using defaults
[0.718s] Level 1:colcon.colcon_core.package_discovery:discover_packages(prefix_path) check parameters
[0.718s] Level 1:colcon.colcon_core.package_discovery:discover_packages(prefix_path) discover
[0.757s] DEBUG:colcon.colcon_installed_package_information.package_discovery:Found 5 installed packages in /home/kenji/Lakbay_Akbay_ros/install
[0.758s] DEBUG:colcon.colcon_installed_package_information.package_discovery:Found 3 installed packages in /home/kenji/uros_ws/install
[0.766s] DEBUG:colcon.colcon_installed_package_information.package_discovery:Found 70 installed packages in /home/kenji/ws_moveit/install
[0.776s] DEBUG:colcon.colcon_installed_package_information.package_discovery:Found 389 installed packages in /opt/ros/jazzy
[0.780s] Level 1:colcon.colcon_core.package_discovery:discover_packages(prefix_path) using defaults
[1.007s] Level 5:colcon.colcon_core.verb:set package 'arm_controller_switch' build argument 'cmake_args' from command line to 'None'
[1.008s] Level 5:colcon.colcon_core.verb:set package 'arm_controller_switch' build argument 'cmake_target' from command line to 'None'
[1.008s] Level 5:colcon.colcon_core.verb:set package 'arm_controller_switch' build argument 'cmake_target_skip_unavailable' from command line to 'False'
[1.008s] Level 5:colcon.colcon_core.verb:set package 'arm_controller_switch' build argument 'cmake_clean_cache' from command line to 'False'
[1.008s] Level 5:colcon.colcon_core.verb:set package 'arm_controller_switch' build argument 'cmake_clean_first' from command line to 'False'
[1.008s] Level 5:colcon.colcon_core.verb:set package 'arm_controller_switch' build argument 'cmake_force_configure' from command line to 'False'
[1.008s] Level 5:colcon.colcon_core.verb:set package 'arm_controller_switch' build argument 'ament_cmake_args' from command line to 'None'
[1.008s] Level 5:colcon.colcon_core.verb:set package 'arm_controller_switch' build argument 'catkin_cmake_args' from command line to 'None'
[1.008s] Level 5:colcon.colcon_core.verb:set package 'arm_controller_switch' build argument 'catkin_skip_building_tests' from command line to 'False'
[1.008s] DEBUG:colcon.colcon_core.verb:Building package 'arm_controller_switch' with the following arguments: {'ament_cmake_args': None, 'build_base': '/home/kenji/Lakbay_Akbay_ros/build/arm_controller_switch', 'catkin_cmake_args': None, 'catkin_skip_building_tests': False, 'cmake_args': None, 'cmake_clean_cache': False, 'cmake_clean_first': False, 'cmake_force_configure': False, 'cmake_target': None, 'cmake_target_skip_unavailable': False, 'install_base': '/home/kenji/Lakbay_Akbay_ros/install/arm_controller_switch', 'merge_install': False, 'path': '/home/kenji/Lakbay_Akbay_ros/src/arm_controller_switch', 'symlink_install': True, 'test_result_base': None}
[1.009s] Level 5:colcon.colcon_core.verb:set package 'joint_state_topic_hardware_interface' build argument 'cmake_args' from command line to 'None'
[1.009s] Level 5:colcon.colcon_core.verb:set package 'joint_state_topic_hardware_interface' build argument 'cmake_target' from command line to 'None'
[1.009s] Level 5:colcon.colcon_core.verb:set package 'joint_state_topic_hardware_interface' build argument 'cmake_target_skip_unavailable' from command line to 'False'
[1.010s] Level 5:colcon.colcon_core.verb:set package 'joint_state_topic_hardware_interface' build argument 'cmake_clean_cache' from command line to 'False'
[1.010s] Level 5:colcon.colcon_core.verb:set package 'joint_state_topic_hardware_interface' build argument 'cmake_clean_first' from command line to 'False'
[1.010s] Level 5:colcon.colcon_core.verb:set package 'joint_state_topic_hardware_interface' build argument 'cmake_force_configure' from command line to 'False'
[1.010s] Level 5:colcon.colcon_core.verb:set package 'joint_state_topic_hardware_interface' build argument 'ament_cmake_args' from command line to 'None'
[1.010s] Level 5:colcon.colcon_core.verb:set package 'joint_state_topic_hardware_interface' build argument 'catkin_cmake_args' from command line to 'None'
[1.010s] Level 5:colcon.colcon_core.verb:set package 'joint_state_topic_hardware_interface' build argument 'catkin_skip_building_tests' from command line to 'False'
[1.010s] DEBUG:colcon.colcon_core.verb:Building package 'joint_state_topic_hardware_interface' with the following arguments: {'ament_cmake_args': None, 'build_base': '/home/kenji/Lakbay_Akbay_ros/build/joint_state_topic_hardware_interface', 'catkin_cmake_args': None, 'catkin_skip_building_tests': False, 'cmake_args': None, 'cmake_clean_cache': False, 'cmake_clean_first': False, 'cmake_force_configure': False, 'cmake_target': None, 'cmake_target_skip_unavailable': False, 'install_base': '/home/kenji/Lakbay_Akbay_ros/install/joint_state_topic_hardware_interface', 'merge_install': False, 'path': '/home/kenji/Lakbay_Akbay_ros/src/topic_based_hardware_interfaces/joint_state_topic_hardware_interface', 'symlink_install': True, 'test_result_base': None}
[1.011s] Level 5:colcon.colcon_core.verb:set package 'pose_estimation' build argument 'cmake_args' from command line to 'None'
[1.011s] Level 5:colcon.colcon_core.verb:set package 'pose_estimation' build argument 'cmake_target' from command line to 'None'
[1.011s] Level 5:colcon.colcon_core.verb:set package 'pose_estimation' build argument 'cmake_target_skip_unavailable' from command line to 'False'
[1.011s] Level 5:colcon.colcon_core.verb:set package 'pose_estimation' build argument 'cmake_clean_cache' from command line to 'False'
[1.011s] Level 5:colcon.colcon_core.verb:set package 'pose_estimation' build argument 'cmake_clean_first' from command line to 'False'
[1.011s] Level 5:colcon.colcon_core.verb:set package 'pose_estimation' build argument 'cmake_force_configure' from command line to 'False'
[1.011s] Level 5:colcon.colcon_core.verb:set package 'pose_estimation' build argument 'ament_cmake_args' from command line to 'None'
[1.012s] Level 5:colcon.colcon_core.verb:set package 'pose_estimation' build argument 'catkin_cmake_args' from command line to 'None'
[1.012s] Level 5:colcon.colcon_core.verb:set package 'pose_estimation' build argument 'catkin_skip_building_tests' from command line to 'False'
[1.012s] DEBUG:colcon.colcon_core.verb:Building package 'pose_estimation' with the following arguments: {'ament_cmake_args': None, 'build_base': '/home/kenji/Lakbay_Akbay_ros/build/pose_estimation', 'catkin_cmake_args': None, 'catkin_skip_building_tests': False, 'cmake_args': None, 'cmake_clean_cache': False, 'cmake_clean_first': False, 'cmake_force_configure': False, 'cmake_target': None, 'cmake_target_skip_unavailable': False, 'install_base': '/home/kenji/Lakbay_Akbay_ros/install/pose_estimation', 'merge_install': False, 'path': '/home/kenji/Lakbay_Akbay_ros/src/pose_estimation', 'symlink_install': True, 'test_result_base': None}
[1.013s] Level 5:colcon.colcon_core.verb:set package 'robot_description' build argument 'cmake_args' from command line to 'None'
[1.013s] Level 5:colcon.colcon_core.verb:set package 'robot_description' build argument 'cmake_target' from command line to 'None'
[1.013s] Level 5:colcon.colcon_core.verb:set package 'robot_description' build argument 'cmake_target_skip_unavailable' from command line to 'False'
[1.013s] Level 5:colcon.colcon_core.verb:set package 'robot_description' build argument 'cmake_clean_cache' from command line to 'False'
[1.013s] Level 5:colcon.colcon_core.verb:set package 'robot_description' build argument 'cmake_clean_first' from command line to 'False'
[1.013s] Level 5:colcon.colcon_core.verb:set package 'robot_description' build argument 'cmake_force_configure' from command line to 'False'
[1.013s] Level 5:colcon.colcon_core.verb:set package 'robot_description' build argument 'ament_cmake_args' from command line to 'None'
[1.013s] Level 5:colcon.colcon_core.verb:set package 'robot_description' build argument 'catkin_cmake_args' from command line to 'None'
[1.013s] Level 5:colcon.colcon_core.verb:set package 'robot_description' build argument 'catkin_skip_building_tests' from command line to 'False'
[1.014s] DEBUG:colcon.colcon_core.verb:Building package 'robot_description' with the following arguments: {'ament_cmake_args': None, 'build_base': '/home/kenji/Lakbay_Akbay_ros/build/robot_description', 'catkin_cmake_args': None, 'catkin_skip_building_tests': False, 'cmake_args': None, 'cmake_clean_cache': False, 'cmake_clean_first': False, 'cmake_force_configure': False, 'cmake_target': None, 'cmake_target_skip_unavailable': False, 'install_base': '/home/kenji/Lakbay_Akbay_ros/install/robot_description', 'merge_install': False, 'path': '/home/kenji/Lakbay_Akbay_ros/src/robot_description', 'symlink_install': True, 'test_result_base': None}
[1.015s] Level 5:colcon.colcon_core.verb:set package 'robot_moveit_config' build argument 'cmake_args' from command line to 'None'
[1.015s] Level 5:colcon.colcon_core.verb:set package 'robot_moveit_config' build argument 'cmake_target' from command line to 'None'
[1.015s] Level 5:colcon.colcon_core.verb:set package 'robot_moveit_config' build argument 'cmake_target_skip_unavailable' from command line to 'False'
[1.015s] Level 5:colcon.colcon_core.verb:set package 'robot_moveit_config' build argument 'cmake_clean_cache' from command line to 'False'
[1.015s] Level 5:colcon.colcon_core.verb:set package 'robot_moveit_config' build argument 'cmake_clean_first' from command line to 'False'
[1.015s] Level 5:colcon.colcon_core.verb:set package 'robot_moveit_config' build argument 'cmake_force_configure' from command line to 'False'
[1.015s] Level 5:colcon.colcon_core.verb:set package 'robot_moveit_config' build argument 'ament_cmake_args' from command line to 'None'
[1.015s] Level 5:colcon.colcon_core.verb:set package 'robot_moveit_config' build argument 'catkin_cmake_args' from command line to 'None'
[1.016s] Level 5:colcon.colcon_core.verb:set package 'robot_moveit_config' build argument 'catkin_skip_building_tests' from command line to 'False'
[1.016s] DEBUG:colcon.colcon_core.verb:Building package 'robot_moveit_config' with the following arguments: {'ament_cmake_args': None, 'build_base': '/home/kenji/Lakbay_Akbay_ros/build/robot_moveit_config', 'catkin_cmake_args': None, 'catkin_skip_building_tests': False, 'cmake_args': None, 'cmake_clean_cache': False, 'cmake_clean_first': False, 'cmake_force_configure': False, 'cmake_target': None, 'cmake_target_skip_unavailable': False, 'install_base': '/home/kenji/Lakbay_Akbay_ros/install/robot_moveit_config', 'merge_install': False, 'path': '/home/kenji/Lakbay_Akbay_ros/src/robot_moveit_config', 'symlink_install': True, 'test_result_base': None}
[1.016s] INFO:colcon.colcon_core.executor:Executing jobs using 'parallel' executor
[1.018s] DEBUG:colcon.colcon_parallel_executor.executor.parallel:run_until_complete
[1.019s] INFO:colcon.colcon_ros.task.ament_cmake.build:Building ROS package in '/home/kenji/Lakbay_Akbay_ros/src/robot_description' with build type 'ament_cmake'
[1.019s] INFO:colcon.colcon_cmake.task.cmake.build:Building CMake package in '/home/kenji/Lakbay_Akbay_ros/src/robot_description'
[1.034s] INFO:colcon.colcon_core.plugin_system:Skipping extension 'colcon_core.shell.bat': Not used on non-Windows systems
[1.035s] INFO:colcon.colcon_core.shell:Skip shell extension 'powershell' for command environment: Not usable outside of PowerShell
[1.035s] DEBUG:colcon.colcon_core.shell:Skip shell extension 'dsv' for command environment
[1.066s] INFO:colcon.colcon_ros.task.ament_python.build:Building ROS package in '/home/kenji/Lakbay_Akbay_ros/src/arm_controller_switch' with build type 'ament_python'
[1.067s] Level 1:colcon.colcon_core.shell:create_environment_hook('arm_controller_switch', 'ament_prefix_path')
[1.067s] INFO:colcon.colcon_core.shell:Creating environment hook '/home/kenji/Lakbay_Akbay_ros/install/arm_controller_switch/share/arm_controller_switch/hook/ament_prefix_path.ps1'
[1.070s] INFO:colcon.colcon_core.shell:Creating environment descriptor '/home/kenji/Lakbay_Akbay_ros/install/arm_controller_switch/share/arm_controller_switch/hook/ament_prefix_path.dsv'
[1.073s] INFO:colcon.colcon_core.shell:Creating environment hook '/home/kenji/Lakbay_Akbay_ros/install/arm_controller_switch/share/arm_controller_switch/hook/ament_prefix_path.sh'
[1.075s] INFO:colcon.colcon_core.shell:Skip shell extension 'powershell' for command environment: Not usable outside of PowerShell
[1.075s] DEBUG:colcon.colcon_core.shell:Skip shell extension 'dsv' for command environment
[1.108s] INFO:colcon.colcon_ros.task.ament_cmake.build:Building ROS package in '/home/kenji/Lakbay_Akbay_ros/src/topic_based_hardware_interfaces/joint_state_topic_hardware_interface' with build type 'ament_cmake'
[1.108s] INFO:colcon.colcon_cmake.task.cmake.build:Building CMake package in '/home/kenji/Lakbay_Akbay_ros/src/topic_based_hardware_interfaces/joint_state_topic_hardware_interface'
[1.109s] INFO:colcon.colcon_core.shell:Skip shell extension 'powershell' for command environment: Not usable outside of PowerShell
[1.109s] DEBUG:colcon.colcon_core.shell:Skip shell extension 'dsv' for command environment
[1.141s] INFO:colcon.colcon_ros.task.ament_python.build:Building ROS package in '/home/kenji/Lakbay_Akbay_ros/src/pose_estimation' with build type 'ament_python'
[1.141s] Level 1:colcon.colcon_core.shell:create_environment_hook('pose_estimation', 'ament_prefix_path')
[1.141s] INFO:colcon.colcon_core.shell:Creating environment hook '/home/kenji/Lakbay_Akbay_ros/install/pose_estimation/share/pose_estimation/hook/ament_prefix_path.ps1'
[1.143s] INFO:colcon.colcon_core.shell:Creating environment descriptor '/home/kenji/Lakbay_Akbay_ros/install/pose_estimation/share/pose_estimation/hook/ament_prefix_path.dsv'
[1.144s] INFO:colcon.colcon_core.shell:Creating environment hook '/home/kenji/Lakbay_Akbay_ros/install/pose_estimation/share/pose_estimation/hook/ament_prefix_path.sh'
[1.146s] INFO:colcon.colcon_core.shell:Skip shell extension 'powershell' for command environment: Not usable outside of PowerShell
[1.147s] DEBUG:colcon.colcon_core.shell:Skip shell extension 'dsv' for command environment
[1.186s] DEBUG:colcon.colcon_core.event_handler.log_command:Invoking command in '/home/kenji/Lakbay_Akbay_ros/build/robot_description': CMAKE_PREFIX_PATH=${CMAKE_PREFIX_PATH}:/home/kenji/Lakbay_Akbay_ros/install/pose_estimation:/home/kenji/Lakbay_Akbay_ros/install/arm_controller_switch:/home/kenji/ws_moveit/install/moveit_configs_utils:/opt/ros/jazzy DEBUGINFOD_URLS=https://debuginfod.ubuntu.com /usr/bin/cmake --build /home/kenji/Lakbay_Akbay_ros/build/robot_description -- -j4 -l4
[1.919s] INFO:colcon.colcon_core.task.python.build:Building Python package in '/home/kenji/Lakbay_Akbay_ros/src/arm_controller_switch'
[1.920s] INFO:colcon.colcon_core.shell:Skip shell extension 'powershell' for command environment: Not usable outside of PowerShell
[1.920s] DEBUG:colcon.colcon_core.shell:Skip shell extension 'dsv' for command environment
[1.958s] DEBUG:colcon.colcon_core.event_handler.log_command:Invoking command in '/home/kenji/Lakbay_Akbay_ros/build/joint_state_topic_hardware_interface': CMAKE_PREFIX_PATH=${CMAKE_PREFIX_PATH}:/home/kenji/Lakbay_Akbay_ros/install/pose_estimation:/home/kenji/Lakbay_Akbay_ros/install/arm_controller_switch:/home/kenji/ws_moveit/install/moveit_configs_utils:/opt/ros/jazzy DEBUGINFOD_URLS=https://debuginfod.ubuntu.com /usr/bin/cmake --build /home/kenji/Lakbay_Akbay_ros/build/joint_state_topic_hardware_interface -- -j4 -l4
[1.970s] DEBUG:colcon.colcon_core.event_handler.log_command:Invoked command in '/home/kenji/Lakbay_Akbay_ros/build/robot_description' returned '0': CMAKE_PREFIX_PATH=${CMAKE_PREFIX_PATH}:/home/kenji/Lakbay_Akbay_ros/install/pose_estimation:/home/kenji/Lakbay_Akbay_ros/install/arm_controller_switch:/home/kenji/ws_moveit/install/moveit_configs_utils:/opt/ros/jazzy DEBUGINFOD_URLS=https://debuginfod.ubuntu.com /usr/bin/cmake --build /home/kenji/Lakbay_Akbay_ros/build/robot_description -- -j4 -l4
[2.004s] DEBUG:colcon.colcon_core.event_handler.log_command:Invoking command in '/home/kenji/Lakbay_Akbay_ros/build/robot_description': CMAKE_PREFIX_PATH=${CMAKE_PREFIX_PATH}:/home/kenji/Lakbay_Akbay_ros/install/pose_estimation:/home/kenji/Lakbay_Akbay_ros/install/arm_controller_switch:/home/kenji/ws_moveit/install/moveit_configs_utils:/opt/ros/jazzy DEBUGINFOD_URLS=https://debuginfod.ubuntu.com /usr/bin/cmake --install /home/kenji/Lakbay_Akbay_ros/build/robot_description
[2.809s] INFO:colcon.colcon_core.task.python.build:Building Python package in '/home/kenji/Lakbay_Akbay_ros/src/pose_estimation'
[2.810s] INFO:colcon.colcon_core.shell:Skip shell extension 'powershell' for command environment: Not usable outside of PowerShell
[2.810s] DEBUG:colcon.colcon_core.shell:Skip shell extension 'dsv' for command environment
[2.867s] DEBUG:colcon.colcon_core.event_handler.log_command:Invoked command in '/home/kenji/Lakbay_Akbay_ros/build/joint_state_topic_hardware_interface' returned '0': CMAKE_PREFIX_PATH=${CMAKE_PREFIX_PATH}:/home/kenji/Lakbay_Akbay_ros/install/pose_estimation:/home/kenji/Lakbay_Akbay_ros/install/arm_controller_switch:/home/kenji/ws_moveit/install/moveit_configs_utils:/opt/ros/jazzy DEBUGINFOD_URLS=https://debuginfod.ubuntu.com /usr/bin/cmake --build /home/kenji/Lakbay_Akbay_ros/build/joint_state_topic_hardware_interface -- -j4 -l4
[2.874s] DEBUG:colcon.colcon_core.event_handler.log_command:Invoking command in '/home/kenji/Lakbay_Akbay_ros/build/joint_state_topic_hardware_interface': CMAKE_PREFIX_PATH=${CMAKE_PREFIX_PATH}:/home/kenji/Lakbay_Akbay_ros/install/pose_estimation:/home/kenji/Lakbay_Akbay_ros/install/arm_controller_switch:/home/kenji/ws_moveit/install/moveit_configs_utils:/opt/ros/jazzy DEBUGINFOD_URLS=https://debuginfod.ubuntu.com /usr/bin/cmake --install /home/kenji/Lakbay_Akbay_ros/build/joint_state_topic_hardware_interface
[2.883s] Level 1:colcon.colcon_core.environment:create_environment_scripts_only(robot_description)
[2.885s] DEBUG:colcon.colcon_core.event_handler.log_command:Invoked command in '/home/kenji/Lakbay_Akbay_ros/build/robot_description' returned '0': CMAKE_PREFIX_PATH=${CMAKE_PREFIX_PATH}:/home/kenji/Lakbay_Akbay_ros/install/pose_estimation:/home/kenji/Lakbay_Akbay_ros/install/arm_controller_switch:/home/kenji/ws_moveit/install/moveit_configs_utils:/opt/ros/jazzy DEBUGINFOD_URLS=https://debuginfod.ubuntu.com /usr/bin/cmake --install /home/kenji/Lakbay_Akbay_ros/build/robot_description
[2.909s] Level 1:colcon.colcon_core.environment:checking '/home/kenji/Lakbay_Akbay_ros/install/robot_description' for CMake module files
[2.966s] Level 1:colcon.colcon_core.environment:checking '/home/kenji/Lakbay_Akbay_ros/install/robot_description' for CMake config files
[2.969s] Level 1:colcon.colcon_core.shell:create_environment_hook('robot_description', 'cmake_prefix_path')
[2.971s] INFO:colcon.colcon_core.shell:Creating environment hook '/home/kenji/Lakbay_Akbay_ros/install/robot_description/share/robot_description/hook/cmake_prefix_path.ps1'
[2.976s] INFO:colcon.colcon_core.shell:Creating environment descriptor '/home/kenji/Lakbay_Akbay_ros/install/robot_description/share/robot_description/hook/cmake_prefix_path.dsv'
[2.980s] INFO:colcon.colcon_core.shell:Creating environment hook '/home/kenji/Lakbay_Akbay_ros/install/robot_description/share/robot_description/hook/cmake_prefix_path.sh'
[2.987s] Level 1:colcon.colcon_core.environment:checking '/home/kenji/Lakbay_Akbay_ros/install/robot_description/bin'
[2.990s] Level 1:colcon.colcon_core.environment:checking '/home/kenji/Lakbay_Akbay_ros/install/robot_description/lib/pkgconfig/robot_description.pc'
[2.991s] Level 1:colcon.colcon_core.environment:checking '/home/kenji/Lakbay_Akbay_ros/install/robot_description/lib/python3.12/site-packages'
[2.994s] Level 1:colcon.colcon_core.environment:checking '/home/kenji/Lakbay_Akbay_ros/install/robot_description/bin'
[2.995s] INFO:colcon.colcon_core.shell:Creating package script '/home/kenji/Lakbay_Akbay_ros/install/robot_description/share/robot_description/package.ps1'
[3.006s] INFO:colcon.colcon_core.shell:Creating package descriptor '/home/kenji/Lakbay_Akbay_ros/install/robot_description/share/robot_description/package.dsv'
[3.008s] INFO:colcon.colcon_core.shell:Creating package script '/home/kenji/Lakbay_Akbay_ros/install/robot_description/share/robot_description/package.sh'
[3.014s] INFO:colcon.colcon_core.shell:Creating package script '/home/kenji/Lakbay_Akbay_ros/install/robot_description/share/robot_description/package.bash'
[3.020s] INFO:colcon.colcon_core.shell:Creating package script '/home/kenji/Lakbay_Akbay_ros/install/robot_description/share/robot_description/package.zsh'
[3.029s] Level 1:colcon.colcon_core.environment:create_file_with_runtime_dependencies(/home/kenji/Lakbay_Akbay_ros/install/robot_description/share/colcon-core/packages/robot_description)
[3.033s] Level 1:colcon.colcon_core.environment:create_environment_scripts_only(robot_description)
[3.034s] Level 1:colcon.colcon_core.environment:checking '/home/kenji/Lakbay_Akbay_ros/install/robot_description' for CMake module files
[3.038s] Level 1:colcon.colcon_core.environment:checking '/home/kenji/Lakbay_Akbay_ros/install/robot_description' for CMake config files
[3.038s] Level 1:colcon.colcon_core.shell:create_environment_hook('robot_description', 'cmake_prefix_path')
[3.039s] INFO:colcon.colcon_core.shell:Creating environment hook '/home/kenji/Lakbay_Akbay_ros/install/robot_description/share/robot_description/hook/cmake_prefix_path.ps1'
[3.043s] INFO:colcon.colcon_core.shell:Creating environment descriptor '/home/kenji/Lakbay_Akbay_ros/install/robot_description/share/robot_description/hook/cmake_prefix_path.dsv'
[3.044s] INFO:colcon.colcon_core.shell:Creating environment hook '/home/kenji/Lakbay_Akbay_ros/install/robot_description/share/robot_description/hook/cmake_prefix_path.sh'
[3.046s] Level 1:colcon.colcon_core.environment:checking '/home/kenji/Lakbay_Akbay_ros/install/robot_description/bin'
[3.050s] Level 1:colcon.colcon_core.environment:checking '/home/kenji/Lakbay_Akbay_ros/install/robot_description/lib/pkgconfig/robot_description.pc'
[3.051s] Level 1:colcon.colcon_core.environment:checking '/home/kenji/Lakbay_Akbay_ros/install/robot_description/lib/python3.12/site-packages'
[3.052s] Level 1:colcon.colcon_core.environment:checking '/home/kenji/Lakbay_Akbay_ros/install/robot_description/bin'
[3.053s] INFO:colcon.colcon_core.shell:Creating package script '/home/kenji/Lakbay_Akbay_ros/install/robot_description/share/robot_description/package.ps1'
[3.059s] INFO:colcon.colcon_core.shell:Creating package descriptor '/home/kenji/Lakbay_Akbay_ros/install/robot_description/share/robot_description/package.dsv'
[3.063s] INFO:colcon.colcon_core.shell:Creating package script '/home/kenji/Lakbay_Akbay_ros/install/robot_description/share/robot_description/package.sh'
[3.069s] INFO:colcon.colcon_core.shell:Creating package script '/home/kenji/Lakbay_Akbay_ros/install/robot_description/share/robot_description/package.bash'
[3.070s] INFO:colcon.colcon_core.shell:Creating package script '/home/kenji/Lakbay_Akbay_ros/install/robot_description/share/robot_description/package.zsh'
[3.078s] Level 1:colcon.colcon_core.environment:create_file_with_runtime_dependencies(/home/kenji/Lakbay_Akbay_ros/install/robot_description/share/colcon-core/packages/robot_description)
[3.079s] INFO:colcon.colcon_ros.task.ament_cmake.build:Building ROS package in '/home/kenji/Lakbay_Akbay_ros/src/robot_moveit_config' with build type 'ament_cmake'
[3.080s] INFO:colcon.colcon_cmake.task.cmake.build:Building CMake package in '/home/kenji/Lakbay_Akbay_ros/src/robot_moveit_config'
[3.080s] INFO:colcon.colcon_core.shell:Skip shell extension 'powershell' for command environment: Not usable outside of PowerShell
[3.080s] DEBUG:colcon.colcon_core.shell:Skip shell extension 'dsv' for command environment
[3.138s] Level 1:colcon.colcon_core.environment:create_environment_scripts_only(joint_state_topic_hardware_interface)
[3.138s] Level 1:colcon.colcon_core.environment:checking '/home/kenji/Lakbay_Akbay_ros/install/joint_state_topic_hardware_interface' for CMake module files
[3.142s] DEBUG:colcon.colcon_core.event_handler.log_command:Invoked command in '/home/kenji/Lakbay_Akbay_ros/build/joint_state_topic_hardware_interface' returned '0': CMAKE_PREFIX_PATH=${CMAKE_PREFIX_PATH}:/home/kenji/Lakbay_Akbay_ros/install/pose_estimation:/home/kenji/Lakbay_Akbay_ros/install/arm_controller_switch:/home/kenji/ws_moveit/install/moveit_configs_utils:/opt/ros/jazzy DEBUGINFOD_URLS=https://debuginfod.ubuntu.com /usr/bin/cmake --install /home/kenji/Lakbay_Akbay_ros/build/joint_state_topic_hardware_interface
[3.144s] Level 1:colcon.colcon_core.environment:checking '/home/kenji/Lakbay_Akbay_ros/install/joint_state_topic_hardware_interface' for CMake config files
[3.151s] Level 1:colcon.colcon_core.shell:create_environment_hook('joint_state_topic_hardware_interface', 'cmake_prefix_path')
[3.153s] INFO:colcon.colcon_core.shell:Creating environment hook '/home/kenji/Lakbay_Akbay_ros/install/joint_state_topic_hardware_interface/share/joint_state_topic_hardware_interface/hook/cmake_prefix_path.ps1'
[3.154s] INFO:colcon.colcon_core.shell:Creating environment descriptor '/home/kenji/Lakbay_Akbay_ros/install/joint_state_topic_hardware_interface/share/joint_state_topic_hardware_interface/hook/cmake_prefix_path.dsv'
[3.155s] INFO:colcon.colcon_core.shell:Creating environment hook '/home/kenji/Lakbay_Akbay_ros/install/joint_state_topic_hardware_interface/share/joint_state_topic_hardware_interface/hook/cmake_prefix_path.sh'
[3.156s] Level 1:colcon.colcon_core.environment:checking '/home/kenji/Lakbay_Akbay_ros/install/joint_state_topic_hardware_interface/lib'
[3.156s] Level 1:colcon.colcon_core.shell:create_environment_hook('joint_state_topic_hardware_interface', 'ld_library_path_lib')
[3.157s] INFO:colcon.colcon_core.shell:Creating environment hook '/home/kenji/Lakbay_Akbay_ros/install/joint_state_topic_hardware_interface/share/joint_state_topic_hardware_interface/hook/ld_library_path_lib.ps1'
[3.159s] INFO:colcon.colcon_core.shell:Creating environment descriptor '/home/kenji/Lakbay_Akbay_ros/install/joint_state_topic_hardware_interface/share/joint_state_topic_hardware_interface/hook/ld_library_path_lib.dsv'
[3.160s] INFO:colcon.colcon_core.shell:Creating environment hook '/home/kenji/Lakbay_Akbay_ros/install/joint_state_topic_hardware_interface/share/joint_state_topic_hardware_interface/hook/ld_library_path_lib.sh'
[3.161s] Level 1:colcon.colcon_core.environment:checking '/home/kenji/Lakbay_Akbay_ros/install/joint_state_topic_hardware_interface/bin'
[3.161s] Level 1:colcon.colcon_core.environment:checking '/home/kenji/Lakbay_Akbay_ros/install/joint_state_topic_hardware_interface/lib/pkgconfig/joint_state_topic_hardware_interface.pc'
[3.162s] Level 1:colcon.colcon_core.environment:checking '/home/kenji/Lakbay_Akbay_ros/install/joint_state_topic_hardware_interface/lib/python3.12/site-packages'
[3.163s] Level 1:colcon.colcon_core.environment:checking '/home/kenji/Lakbay_Akbay_ros/install/joint_state_topic_hardware_interface/bin'
[3.164s] INFO:colcon.colcon_core.shell:Creating package script '/home/kenji/Lakbay_Akbay_ros/install/joint_state_topic_hardware_interface/share/joint_state_topic_hardware_interface/package.ps1'
[3.168s] INFO:colcon.colcon_core.shell:Creating package descriptor '/home/kenji/Lakbay_Akbay_ros/install/joint_state_topic_hardware_interface/share/joint_state_topic_hardware_interface/package.dsv'
[3.170s] INFO:colcon.colcon_core.shell:Creating package script '/home/kenji/Lakbay_Akbay_ros/install/joint_state_topic_hardware_interface/share/joint_state_topic_hardware_interface/package.sh'
[3.171s] INFO:colcon.colcon_core.shell:Creating package script '/home/kenji/Lakbay_Akbay_ros/install/joint_state_topic_hardware_interface/share/joint_state_topic_hardware_interface/package.bash'
[3.173s] INFO:colcon.colcon_core.shell:Creating package script '/home/kenji/Lakbay_Akbay_ros/install/joint_state_topic_hardware_interface/share/joint_state_topic_hardware_interface/package.zsh'
[3.175s] Level 1:colcon.colcon_core.environment:create_file_with_runtime_dependencies(/home/kenji/Lakbay_Akbay_ros/install/joint_state_topic_hardware_interface/share/colcon-core/packages/joint_state_topic_hardware_interface)
[3.176s] Level 1:colcon.colcon_core.environment:create_environment_scripts_only(joint_state_topic_hardware_interface)
[3.177s] Level 1:colcon.colcon_core.environment:checking '/home/kenji/Lakbay_Akbay_ros/install/joint_state_topic_hardware_interface' for CMake module files
[3.179s] Level 1:colcon.colcon_core.environment:checking '/home/kenji/Lakbay_Akbay_ros/install/joint_state_topic_hardware_interface' for CMake config files
[3.180s] Level 1:colcon.colcon_core.shell:create_environment_hook('joint_state_topic_hardware_interface', 'cmake_prefix_path')
[3.182s] INFO:colcon.colcon_core.shell:Creating environment hook '/home/kenji/Lakbay_Akbay_ros/install/joint_state_topic_hardware_interface/share/joint_state_topic_hardware_interface/hook/cmake_prefix_path.ps1'
[3.183s] INFO:colcon.colcon_core.shell:Creating environment descriptor '/home/kenji/Lakbay_Akbay_ros/install/joint_state_topic_hardware_interface/share/joint_state_topic_hardware_interface/hook/cmake_prefix_path.dsv'
[3.184s] INFO:colcon.colcon_core.shell:Creating environment hook '/home/kenji/Lakbay_Akbay_ros/install/joint_state_topic_hardware_interface/share/joint_state_topic_hardware_interface/hook/cmake_prefix_path.sh'
[3.186s] Level 1:colcon.colcon_core.environment:checking '/home/kenji/Lakbay_Akbay_ros/install/joint_state_topic_hardware_interface/lib'
[3.186s] Level 1:colcon.colcon_core.shell:create_environment_hook('joint_state_topic_hardware_interface', 'ld_library_path_lib')
[3.187s] INFO:colcon.colcon_core.shell:Creating environment hook '/home/kenji/Lakbay_Akbay_ros/install/joint_state_topic_hardware_interface/share/joint_state_topic_hardware_interface/hook/ld_library_path_lib.ps1'
[3.188s] INFO:colcon.colcon_core.shell:Creating environment descriptor '/home/kenji/Lakbay_Akbay_ros/install/joint_state_topic_hardware_interface/share/joint_state_topic_hardware_interface/hook/ld_library_path_lib.dsv'
[3.189s] INFO:colcon.colcon_core.shell:Creating environment hook '/home/kenji/Lakbay_Akbay_ros/install/joint_state_topic_hardware_interface/share/joint_state_topic_hardware_interface/hook/ld_library_path_lib.sh'
[3.190s] Level 1:colcon.colcon_core.environment:checking '/home/kenji/Lakbay_Akbay_ros/install/joint_state_topic_hardware_interface/bin'
[3.190s] Level 1:colcon.colcon_core.environment:checking '/home/kenji/Lakbay_Akbay_ros/install/joint_state_topic_hardware_interface/lib/pkgconfig/joint_state_topic_hardware_interface.pc'
[3.191s] Level 1:colcon.colcon_core.environment:checking '/home/kenji/Lakbay_Akbay_ros/install/joint_state_topic_hardware_interface/lib/python3.12/site-packages'
[3.192s] Level 1:colcon.colcon_core.environment:checking '/home/kenji/Lakbay_Akbay_ros/install/joint_state_topic_hardware_interface/bin'
[3.193s] INFO:colcon.colcon_core.shell:Creating package script '/home/kenji/Lakbay_Akbay_ros/install/joint_state_topic_hardware_interface/share/joint_state_topic_hardware_interface/package.ps1'
[3.195s] INFO:colcon.colcon_core.shell:Creating package descriptor '/home/kenji/Lakbay_Akbay_ros/install/joint_state_topic_hardware_interface/share/joint_state_topic_hardware_interface/package.dsv'
[3.199s] INFO:colcon.colcon_core.shell:Creating package script '/home/kenji/Lakbay_Akbay_ros/install/joint_state_topic_hardware_interface/share/joint_state_topic_hardware_interface/package.sh'
[3.201s] INFO:colcon.colcon_core.shell:Creating package script '/home/kenji/Lakbay_Akbay_ros/install/joint_state_topic_hardware_interface/share/joint_state_topic_hardware_interface/package.bash'
[3.202s] INFO:colcon.colcon_core.shell:Creating package script '/home/kenji/Lakbay_Akbay_ros/install/joint_state_topic_hardware_interface/share/joint_state_topic_hardware_interface/package.zsh'
[3.203s] Level 1:colcon.colcon_core.environment:create_file_with_runtime_dependencies(/home/kenji/Lakbay_Akbay_ros/install/joint_state_topic_hardware_interface/share/colcon-core/packages/joint_state_topic_hardware_interface)
[3.212s] DEBUG:colcon.colcon_core.event_handler.log_command:Invoking command in '/home/kenji/Lakbay_Akbay_ros/build/robot_moveit_config': CMAKE_PREFIX_PATH=/home/kenji/Lakbay_Akbay_ros/install/robot_description:/home/kenji/Lakbay_Akbay_ros/install/robot_moveit_config:/home/kenji/Lakbay_Akbay_ros/install/joint_state_topic_hardware_interface:/home/kenji/uros_ws/install/micro_ros_setup:/home/kenji/uros_ws/install/micro_ros_agent:/home/kenji/uros_ws/install/micro_ros_msgs:/home/kenji/ws_moveit/install/robotiq_hardware_tests:/home/kenji/ws_moveit/install/robotiq_driver:/home/kenji/ws_moveit/install/serial:/home/kenji/ws_moveit/install/moveit2_tutorials:/home/kenji/ws_moveit/install/moveit_visual_tools:/home/kenji/ws_moveit/install/rviz_visual_tools:/home/kenji/ws_moveit/install/moveit_task_constructor_demo:/home/kenji/ws_moveit/install/moveit_task_constructor_visualization:/home/kenji/ws_moveit/install/moveit_task_constructor_capabilities:/home/kenji/ws_moveit/install/moveit_task_constructor_core:/home/kenji/ws_moveit/install/rviz_marker_tools:/home/kenji/ws_moveit/install/kortex_bringup:/home/kenji/ws_moveit/install/kinova_gen3_lite_moveit_config:/home/kenji/ws_moveit/install/kinova_gen3_7dof_robotiq_2f_85_moveit_config:/home/kenji/ws_moveit/install/kinova_gen3_6dof_robotiq_2f_85_moveit_config:/home/kenji/ws_moveit/install/kortex_description:/home/kenji/ws_moveit/install/robotiq_description:/home/kenji/ws_moveit/install/robotiq_controllers:/home/kenji/ws_moveit/install/pilz_industrial_motion_planner_testutils:/home/kenji/ws_moveit/install/moveit_runtime:/home/kenji/ws_moveit/install/moveit:/home/kenji/ws_moveit/install/moveit_planners:/home/kenji/ws_moveit/install/pilz_industrial_motion_planner:/home/kenji/ws_moveit/install/moveit_task_constructor_msgs:/home/kenji/ws_moveit/install/moveit_ros_control_interface:/home/kenji/ws_moveit/install/moveit_plugins:/home/kenji/ws_moveit/install/moveit_simple_controller_manager:/home/kenji/ws_moveit/install/moveit_setup_assistant:/home/kenji/ws_moveit/install/moveit_setup_srdf_plugins:/home/kenji/ws_moveit/install/moveit_setup_core_plugins:/home/kenji/ws_moveit/install/moveit_setup_controllers:/home/kenji/ws_moveit/install/moveit_setup_app_plugins:/home/kenji/ws_moveit/install/moveit_setup_framework:/home/kenji/ws_moveit/install/moveit_servo:/home/kenji/ws_moveit/install/moveit_ros_trajectory_cache:/home/kenji/ws_moveit/install/moveit_ros:/home/kenji/ws_moveit/install/moveit_ros_visualization:/home/kenji/ws_moveit/install/moveit_py:/home/kenji/ws_moveit/install/moveit_hybrid_planning:/home/kenji/ws_moveit/install/moveit_ros_planning_interface:/home/kenji/ws_moveit/install/moveit_ros_benchmarks:/home/kenji/ws_moveit/install/moveit_ros_warehouse:/home/kenji/ws_moveit/install/moveit_ros_robot_interaction:/home/kenji/ws_moveit/install/moveit_ros_perception:/home/kenji/ws_moveit/install/moveit_resources_prbt_pg70_support:/home/kenji/ws_moveit/install/moveit_resources_prbt_moveit_config:/home/kenji/ws_moveit/install/moveit_ros_move_group:/home/kenji/ws_moveit/install/moveit_planners_ompl:/home/kenji/ws_moveit/install/moveit_kinematics:/home/kenji/ws_moveit/install/moveit_ros_planning:/home/kenji/ws_moveit/install/moveit_ros_occupancy_map_monitor:/home/kenji/ws_moveit/install/moveit_resources_prbt_support:/home/kenji/ws_moveit/install/moveit_resources_prbt_ikfast_manipulator_plugin:/home/kenji/ws_moveit/install/moveit_resources:/home/kenji/ws_moveit/install/moveit_resources_pr2_description:/home/kenji/ws_moveit/install/moveit_resources_panda_moveit_config:/home/kenji/ws_moveit/install/dual_arm_panda_moveit_config:/home/kenji/ws_moveit/install/moveit_resources_panda_description:/home/kenji/ws_moveit/install/moveit_resources_fanuc_moveit_config:/home/kenji/ws_moveit/install/moveit_resources_fanuc_description:/home/kenji/ws_moveit/install/moveit_planners_stomp:/home/kenji/ws_moveit/install/moveit_planners_chomp:/home/kenji/ws_moveit/install/chomp_motion_planner:/home/kenji/ws_moveit/install/moveit_core:/home/kenji/ws_moveit/install/moveit_msgs:/home/kenji/ws_moveit/install/moveit_common:/home/kenji/ws_moveit/install/kortex_driver:/home/kenji/ws_moveit/install/kortex_api:/opt/ros/jazzy/opt/gz_sim_vendor:/opt/ros/jazzy/opt/gz_sensors_vendor:/opt/ros/jazzy/opt/gz_physics_vendor:/opt/ros/jazzy/opt/sdformat_vendor:/opt/ros/jazzy/opt/gz_gui_vendor:/opt/ros/jazzy/opt/gz_transport_vendor:/opt/ros/jazzy/opt/gz_rendering_vendor:/opt/ros/jazzy/opt/gz_plugin_vendor:/opt/ros/jazzy/opt/gz_fuel_tools_vendor:/opt/ros/jazzy/opt/gz_msgs_vendor:/opt/ros/jazzy/opt/gz_common_vendor:/opt/ros/jazzy/opt/gz_math_vendor:/opt/ros/jazzy/opt/gz_utils_vendor:/opt/ros/jazzy/opt/gz_tools_vendor:/opt/ros/jazzy/opt/gz_ogre_next_vendor:/opt/ros/jazzy/opt/gz_dartsim_vendor:/opt/ros/jazzy/opt/gz_cmake_vendor:/home/kenji/Lakbay_Akbay_ros/install/pose_estimation:/home/kenji/Lakbay_Akbay_ros/install/arm_controller_switch:/home/kenji/ws_moveit/install/moveit_configs_utils:/opt/ros/jazzy DEBUGINFOD_URLS=https://debuginfod.ubuntu.com /usr/bin/cmake --build /home/kenji/Lakbay_Akbay_ros/build/robot_moveit_config -- -j4 -l4
[3.445s] DEBUG:colcon.colcon_core.event_handler.log_command:Invoked command in '/home/kenji/Lakbay_Akbay_ros/build/robot_moveit_config' returned '0': CMAKE_PREFIX_PATH=/home/kenji/Lakbay_Akbay_ros/install/robot_description:/home/kenji/Lakbay_Akbay_ros/install/robot_moveit_config:/home/kenji/Lakbay_Akbay_ros/install/joint_state_topic_hardware_interface:/home/kenji/uros_ws/install/micro_ros_setup:/home/kenji/uros_ws/install/micro_ros_agent:/home/kenji/uros_ws/install/micro_ros_msgs:/home/kenji/ws_moveit/install/robotiq_hardware_tests:/home/kenji/ws_moveit/install/robotiq_driver:/home/kenji/ws_moveit/install/serial:/home/kenji/ws_moveit/install/moveit2_tutorials:/home/kenji/ws_moveit/install/moveit_visual_tools:/home/kenji/ws_moveit/install/rviz_visual_tools:/home/kenji/ws_moveit/install/moveit_task_constructor_demo:/home/kenji/ws_moveit/install/moveit_task_constructor_visualization:/home/kenji/ws_moveit/install/moveit_task_constructor_capabilities:/home/kenji/ws_moveit/install/moveit_task_constructor_core:/home/kenji/ws_moveit/install/rviz_marker_tools:/home/kenji/ws_moveit/install/kortex_bringup:/home/kenji/ws_moveit/install/kinova_gen3_lite_moveit_config:/home/kenji/ws_moveit/install/kinova_gen3_7dof_robotiq_2f_85_moveit_config:/home/kenji/ws_moveit/install/kinova_gen3_6dof_robotiq_2f_85_moveit_config:/home/kenji/ws_moveit/install/kortex_description:/home/kenji/ws_moveit/install/robotiq_description:/home/kenji/ws_moveit/install/robotiq_controllers:/home/kenji/ws_moveit/install/pilz_industrial_motion_planner_testutils:/home/kenji/ws_moveit/install/moveit_runtime:/home/kenji/ws_moveit/install/moveit:/home/kenji/ws_moveit/install/moveit_planners:/home/kenji/ws_moveit/install/pilz_industrial_motion_planner:/home/kenji/ws_moveit/install/moveit_task_constructor_msgs:/home/kenji/ws_moveit/install/moveit_ros_control_interface:/home/kenji/ws_moveit/install/moveit_plugins:/home/kenji/ws_moveit/install/moveit_simple_controller_manager:/home/kenji/ws_moveit/install/moveit_setup_assistant:/home/kenji/ws_moveit/install/moveit_setup_srdf_plugins:/home/kenji/ws_moveit/install/moveit_setup_core_plugins:/home/kenji/ws_moveit/install/moveit_setup_controllers:/home/kenji/ws_moveit/install/moveit_setup_app_plugins:/home/kenji/ws_moveit/install/moveit_setup_framework:/home/kenji/ws_moveit/install/moveit_servo:/home/kenji/ws_moveit/install/moveit_ros_trajectory_cache:/home/kenji/ws_moveit/install/moveit_ros:/home/kenji/ws_moveit/install/moveit_ros_visualization:/home/kenji/ws_moveit/install/moveit_py:/home/kenji/ws_moveit/install/moveit_hybrid_planning:/home/kenji/ws_moveit/install/moveit_ros_planning_interface:/home/kenji/ws_moveit/install/moveit_ros_benchmarks:/home/kenji/ws_moveit/install/moveit_ros_warehouse:/home/kenji/ws_moveit/install/moveit_ros_robot_interaction:/home/kenji/ws_moveit/install/moveit_ros_perception:/home/kenji/ws_moveit/install/moveit_resources_prbt_pg70_support:/home/kenji/ws_moveit/install/moveit_resources_prbt_moveit_config:/home/kenji/ws_moveit/install/moveit_ros_move_group:/home/kenji/ws_moveit/install/moveit_planners_ompl:/home/kenji/ws_moveit/install/moveit_kinematics:/home/kenji/ws_moveit/install/moveit_ros_planning:/home/kenji/ws_moveit/install/moveit_ros_occupancy_map_monitor:/home/kenji/ws_moveit/install/moveit_resources_prbt_support:/home/kenji/ws_moveit/install/moveit_resources_prbt_ikfast_manipulator_plugin:/home/kenji/ws_moveit/install/moveit_resources:/home/kenji/ws_moveit/install/moveit_resources_pr2_description:/home/kenji/ws_moveit/install/moveit_resources_panda_moveit_config:/home/kenji/ws_moveit/install/dual_arm_panda_moveit_config:/home/kenji/ws_moveit/install/moveit_resources_panda_description:/home/kenji/ws_moveit/install/moveit_resources_fanuc_moveit_config:/home/kenji/ws_moveit/install/moveit_resources_fanuc_description:/home/kenji/ws_moveit/install/moveit_planners_stomp:/home/kenji/ws_moveit/install/moveit_planners_chomp:/home/kenji/ws_moveit/install/chomp_motion_planner:/home/kenji/ws_moveit/install/moveit_core:/home/kenji/ws_moveit/install/moveit_msgs:/home/kenji/ws_moveit/install/moveit_common:/home/kenji/ws_moveit/install/kortex_driver:/home/kenji/ws_moveit/install/kortex_api:/opt/ros/jazzy/opt/gz_sim_vendor:/opt/ros/jazzy/opt/gz_sensors_vendor:/opt/ros/jazzy/opt/gz_physics_vendor:/opt/ros/jazzy/opt/sdformat_vendor:/opt/ros/jazzy/opt/gz_gui_vendor:/opt/ros/jazzy/opt/gz_transport_vendor:/opt/ros/jazzy/opt/gz_rendering_vendor:/opt/ros/jazzy/opt/gz_plugin_vendor:/opt/ros/jazzy/opt/gz_fuel_tools_vendor:/opt/ros/jazzy/opt/gz_msgs_vendor:/opt/ros/jazzy/opt/gz_common_vendor:/opt/ros/jazzy/opt/gz_math_vendor:/opt/ros/jazzy/opt/gz_utils_vendor:/opt/ros/jazzy/opt/gz_tools_vendor:/opt/ros/jazzy/opt/gz_ogre_next_vendor:/opt/ros/jazzy/opt/gz_dartsim_vendor:/opt/ros/jazzy/opt/gz_cmake_vendor:/home/kenji/Lakbay_Akbay_ros/install/pose_estimation:/home/kenji/Lakbay_Akbay_ros/install/arm_controller_switch:/home/kenji/ws_moveit/install/moveit_configs_utils:/opt/ros/jazzy DEBUGINFOD_URLS=https://debuginfod.ubuntu.com /usr/bin/cmake --build /home/kenji/Lakbay_Akbay_ros/build/robot_moveit_config -- -j4 -l4
[3.449s] DEBUG:colcon.colcon_core.event_handler.log_command:Invoking command in '/home/kenji/Lakbay_Akbay_ros/build/robot_moveit_config': CMAKE_PREFIX_PATH=/home/kenji/Lakbay_Akbay_ros/install/robot_description:/home/kenji/Lakbay_Akbay_ros/install/robot_moveit_config:/home/kenji/Lakbay_Akbay_ros/install/joint_state_topic_hardware_interface:/home/kenji/uros_ws/install/micro_ros_setup:/home/kenji/uros_ws/install/micro_ros_agent:/home/kenji/uros_ws/install/micro_ros_msgs:/home/kenji/ws_moveit/install/robotiq_hardware_tests:/home/kenji/ws_moveit/install/robotiq_driver:/home/kenji/ws_moveit/install/serial:/home/kenji/ws_moveit/install/moveit2_tutorials:/home/kenji/ws_moveit/install/moveit_visual_tools:/home/kenji/ws_moveit/install/rviz_visual_tools:/home/kenji/ws_moveit/install/moveit_task_constructor_demo:/home/kenji/ws_moveit/install/moveit_task_constructor_visualization:/home/kenji/ws_moveit/install/moveit_task_constructor_capabilities:/home/kenji/ws_moveit/install/moveit_task_constructor_core:/home/kenji/ws_moveit/install/rviz_marker_tools:/home/kenji/ws_moveit/install/kortex_bringup:/home/kenji/ws_moveit/install/kinova_gen3_lite_moveit_config:/home/kenji/ws_moveit/install/kinova_gen3_7dof_robotiq_2f_85_moveit_config:/home/kenji/ws_moveit/install/kinova_gen3_6dof_robotiq_2f_85_moveit_config:/home/kenji/ws_moveit/install/kortex_description:/home/kenji/ws_moveit/install/robotiq_description:/home/kenji/ws_moveit/install/robotiq_controllers:/home/kenji/ws_moveit/install/pilz_industrial_motion_planner_testutils:/home/kenji/ws_moveit/install/moveit_runtime:/home/kenji/ws_moveit/install/moveit:/home/kenji/ws_moveit/install/moveit_planners:/home/kenji/ws_moveit/install/pilz_industrial_motion_planner:/home/kenji/ws_moveit/install/moveit_task_constructor_msgs:/home/kenji/ws_moveit/install/moveit_ros_control_interface:/home/kenji/ws_moveit/install/moveit_plugins:/home/kenji/ws_moveit/install/moveit_simple_controller_manager:/home/kenji/ws_moveit/install/moveit_setup_assistant:/home/kenji/ws_moveit/install/moveit_setup_srdf_plugins:/home/kenji/ws_moveit/install/moveit_setup_core_plugins:/home/kenji/ws_moveit/install/moveit_setup_controllers:/home/kenji/ws_moveit/install/moveit_setup_app_plugins:/home/kenji/ws_moveit/install/moveit_setup_framework:/home/kenji/ws_moveit/install/moveit_servo:/home/kenji/ws_moveit/install/moveit_ros_trajectory_cache:/home/kenji/ws_moveit/install/moveit_ros:/home/kenji/ws_moveit/install/moveit_ros_visualization:/home/kenji/ws_moveit/install/moveit_py:/home/kenji/ws_moveit/install/moveit_hybrid_planning:/home/kenji/ws_moveit/install/moveit_ros_planning_interface:/home/kenji/ws_moveit/install/moveit_ros_benchmarks:/home/kenji/ws_moveit/install/moveit_ros_warehouse:/home/kenji/ws_moveit/install/moveit_ros_robot_interaction:/home/kenji/ws_moveit/install/moveit_ros_perception:/home/kenji/ws_moveit/install/moveit_resources_prbt_pg70_support:/home/kenji/ws_moveit/install/moveit_resources_prbt_moveit_config:/home/kenji/ws_moveit/install/moveit_ros_move_group:/home/kenji/ws_moveit/install/moveit_planners_ompl:/home/kenji/ws_moveit/install/moveit_kinematics:/home/kenji/ws_moveit/install/moveit_ros_planning:/home/kenji/ws_moveit/install/moveit_ros_occupancy_map_monitor:/home/kenji/ws_moveit/install/moveit_resources_prbt_support:/home/kenji/ws_moveit/install/moveit_resources_prbt_ikfast_manipulator_plugin:/home/kenji/ws_moveit/install/moveit_resources:/home/kenji/ws_moveit/install/moveit_resources_pr2_description:/home/kenji/ws_moveit/install/moveit_resources_panda_moveit_config:/home/kenji/ws_moveit/install/dual_arm_panda_moveit_config:/home/kenji/ws_moveit/install/moveit_resources_panda_description:/home/kenji/ws_moveit/install/moveit_resources_fanuc_moveit_config:/home/kenji/ws_moveit/install/moveit_resources_fanuc_description:/home/kenji/ws_moveit/install/moveit_planners_stomp:/home/kenji/ws_moveit/install/moveit_planners_chomp:/home/kenji/ws_moveit/install/chomp_motion_planner:/home/kenji/ws_moveit/install/moveit_core:/home/kenji/ws_moveit/install/moveit_msgs:/home/kenji/ws_moveit/install/moveit_common:/home/kenji/ws_moveit/install/kortex_driver:/home/kenji/ws_moveit/install/kortex_api:/opt/ros/jazzy/opt/gz_sim_vendor:/opt/ros/jazzy/opt/gz_sensors_vendor:/opt/ros/jazzy/opt/gz_physics_vendor:/opt/ros/jazzy/opt/sdformat_vendor:/opt/ros/jazzy/opt/gz_gui_vendor:/opt/ros/jazzy/opt/gz_transport_vendor:/opt/ros/jazzy/opt/gz_rendering_vendor:/opt/ros/jazzy/opt/gz_plugin_vendor:/opt/ros/jazzy/opt/gz_fuel_tools_vendor:/opt/ros/jazzy/opt/gz_msgs_vendor:/opt/ros/jazzy/opt/gz_common_vendor:/opt/ros/jazzy/opt/gz_math_vendor:/opt/ros/jazzy/opt/gz_utils_vendor:/opt/ros/jazzy/opt/gz_tools_vendor:/opt/ros/jazzy/opt/gz_ogre_next_vendor:/opt/ros/jazzy/opt/gz_dartsim_vendor:/opt/ros/jazzy/opt/gz_cmake_vendor:/home/kenji/Lakbay_Akbay_ros/install/pose_estimation:/home/kenji/Lakbay_Akbay_ros/install/arm_controller_switch:/home/kenji/ws_moveit/install/moveit_configs_utils:/opt/ros/jazzy DEBUGINFOD_URLS=https://debuginfod.ubuntu.com /usr/bin/cmake --install /home/kenji/Lakbay_Akbay_ros/build/robot_moveit_config
[3.640s] Level 1:colcon.colcon_core.environment:create_environment_scripts_only(robot_moveit_config)
[3.642s] Level 1:colcon.colcon_core.environment:checking '/home/kenji/Lakbay_Akbay_ros/install/robot_moveit_config' for CMake module files
[3.641s] DEBUG:colcon.colcon_core.event_handler.log_command:Invoked command in '/home/kenji/Lakbay_Akbay_ros/build/robot_moveit_config' returned '0': CMAKE_PREFIX_PATH=/home/kenji/Lakbay_Akbay_ros/install/robot_description:/home/kenji/Lakbay_Akbay_ros/install/robot_moveit_config:/home/kenji/Lakbay_Akbay_ros/install/joint_state_topic_hardware_interface:/home/kenji/uros_ws/install/micro_ros_setup:/home/kenji/uros_ws/install/micro_ros_agent:/home/kenji/uros_ws/install/micro_ros_msgs:/home/kenji/ws_moveit/install/robotiq_hardware_tests:/home/kenji/ws_moveit/install/robotiq_driver:/home/kenji/ws_moveit/install/serial:/home/kenji/ws_moveit/install/moveit2_tutorials:/home/kenji/ws_moveit/install/moveit_visual_tools:/home/kenji/ws_moveit/install/rviz_visual_tools:/home/kenji/ws_moveit/install/moveit_task_constructor_demo:/home/kenji/ws_moveit/install/moveit_task_constructor_visualization:/home/kenji/ws_moveit/install/moveit_task_constructor_capabilities:/home/kenji/ws_moveit/install/moveit_task_constructor_core:/home/kenji/ws_moveit/install/rviz_marker_tools:/home/kenji/ws_moveit/install/kortex_bringup:/home/kenji/ws_moveit/install/kinova_gen3_lite_moveit_config:/home/kenji/ws_moveit/install/kinova_gen3_7dof_robotiq_2f_85_moveit_config:/home/kenji/ws_moveit/install/kinova_gen3_6dof_robotiq_2f_85_moveit_config:/home/kenji/ws_moveit/install/kortex_description:/home/kenji/ws_moveit/install/robotiq_description:/home/kenji/ws_moveit/install/robotiq_controllers:/home/kenji/ws_moveit/install/pilz_industrial_motion_planner_testutils:/home/kenji/ws_moveit/install/moveit_runtime:/home/kenji/ws_moveit/install/moveit:/home/kenji/ws_moveit/install/moveit_planners:/home/kenji/ws_moveit/install/pilz_industrial_motion_planner:/home/kenji/ws_moveit/install/moveit_task_constructor_msgs:/home/kenji/ws_moveit/install/moveit_ros_control_interface:/home/kenji/ws_moveit/install/moveit_plugins:/home/kenji/ws_moveit/install/moveit_simple_controller_manager:/home/kenji/ws_moveit/install/moveit_setup_assistant:/home/kenji/ws_moveit/install/moveit_setup_srdf_plugins:/home/kenji/ws_moveit/install/moveit_setup_core_plugins:/home/kenji/ws_moveit/install/moveit_setup_controllers:/home/kenji/ws_moveit/install/moveit_setup_app_plugins:/home/kenji/ws_moveit/install/moveit_setup_framework:/home/kenji/ws_moveit/install/moveit_servo:/home/kenji/ws_moveit/install/moveit_ros_trajectory_cache:/home/kenji/ws_moveit/install/moveit_ros:/home/kenji/ws_moveit/install/moveit_ros_visualization:/home/kenji/ws_moveit/install/moveit_py:/home/kenji/ws_moveit/install/moveit_hybrid_planning:/home/kenji/ws_moveit/install/moveit_ros_planning_interface:/home/kenji/ws_moveit/install/moveit_ros_benchmarks:/home/kenji/ws_moveit/install/moveit_ros_warehouse:/home/kenji/ws_moveit/install/moveit_ros_robot_interaction:/home/kenji/ws_moveit/install/moveit_ros_perception:/home/kenji/ws_moveit/install/moveit_resources_prbt_pg70_support:/home/kenji/ws_moveit/install/moveit_resources_prbt_moveit_config:/home/kenji/ws_moveit/install/moveit_ros_move_group:/home/kenji/ws_moveit/install/moveit_planners_ompl:/home/kenji/ws_moveit/install/moveit_kinematics:/home/kenji/ws_moveit/install/moveit_ros_planning:/home/kenji/ws_moveit/install/moveit_ros_occupancy_map_monitor:/home/kenji/ws_moveit/install/moveit_resources_prbt_support:/home/kenji/ws_moveit/install/moveit_resources_prbt_ikfast_manipulator_plugin:/home/kenji/ws_moveit/install/moveit_resources:/home/kenji/ws_moveit/install/moveit_resources_pr2_description:/home/kenji/ws_moveit/install/moveit_resources_panda_moveit_config:/home/kenji/ws_moveit/install/dual_arm_panda_moveit_config:/home/kenji/ws_moveit/install/moveit_resources_panda_description:/home/kenji/ws_moveit/install/moveit_resources_fanuc_moveit_config:/home/kenji/ws_moveit/install/moveit_resources_fanuc_description:/home/kenji/ws_moveit/install/moveit_planners_stomp:/home/kenji/ws_moveit/install/moveit_planners_chomp:/home/kenji/ws_moveit/install/chomp_motion_planner:/home/kenji/ws_moveit/install/moveit_core:/home/kenji/ws_moveit/install/moveit_msgs:/home/kenji/ws_moveit/install/moveit_common:/home/kenji/ws_moveit/install/kortex_driver:/home/kenji/ws_moveit/install/kortex_api:/opt/ros/jazzy/opt/gz_sim_vendor:/opt/ros/jazzy/opt/gz_sensors_vendor:/opt/ros/jazzy/opt/gz_physics_vendor:/opt/ros/jazzy/opt/sdformat_vendor:/opt/ros/jazzy/opt/gz_gui_vendor:/opt/ros/jazzy/opt/gz_transport_vendor:/opt/ros/jazzy/opt/gz_rendering_vendor:/opt/ros/jazzy/opt/gz_plugin_vendor:/opt/ros/jazzy/opt/gz_fuel_tools_vendor:/opt/ros/jazzy/opt/gz_msgs_vendor:/opt/ros/jazzy/opt/gz_common_vendor:/opt/ros/jazzy/opt/gz_math_vendor:/opt/ros/jazzy/opt/gz_utils_vendor:/opt/ros/jazzy/opt/gz_tools_vendor:/opt/ros/jazzy/opt/gz_ogre_next_vendor:/opt/ros/jazzy/opt/gz_dartsim_vendor:/opt/ros/jazzy/opt/gz_cmake_vendor:/home/kenji/Lakbay_Akbay_ros/install/pose_estimation:/home/kenji/Lakbay_Akbay_ros/install/arm_controller_switch:/home/kenji/ws_moveit/install/moveit_configs_utils:/opt/ros/jazzy DEBUGINFOD_URLS=https://debuginfod.ubuntu.com /usr/bin/cmake --install /home/kenji/Lakbay_Akbay_ros/build/robot_moveit_config
[3.644s] Level 1:colcon.colcon_core.environment:checking '/home/kenji/Lakbay_Akbay_ros/install/robot_moveit_config' for CMake config files
[3.646s] Level 1:colcon.colcon_core.shell:create_environment_hook('robot_moveit_config', 'cmake_prefix_path')
[3.647s] INFO:colcon.colcon_core.shell:Creating environment hook '/home/kenji/Lakbay_Akbay_ros/install/robot_moveit_config/share/robot_moveit_config/hook/cmake_prefix_path.ps1'
[3.648s] INFO:colcon.colcon_core.shell:Creating environment descriptor '/home/kenji/Lakbay_Akbay_ros/install/robot_moveit_config/share/robot_moveit_config/hook/cmake_prefix_path.dsv'
[3.650s] INFO:colcon.colcon_core.shell:Creating environment hook '/home/kenji/Lakbay_Akbay_ros/install/robot_moveit_config/share/robot_moveit_config/hook/cmake_prefix_path.sh'
[3.651s] Level 1:colcon.colcon_core.environment:checking '/home/kenji/Lakbay_Akbay_ros/install/robot_moveit_config/bin'
[3.652s] Level 1:colcon.colcon_core.environment:checking '/home/kenji/Lakbay_Akbay_ros/install/robot_moveit_config/lib/pkgconfig/robot_moveit_config.pc'
[3.652s] Level 1:colcon.colcon_core.environment:checking '/home/kenji/Lakbay_Akbay_ros/install/robot_moveit_config/lib/python3.12/site-packages'
[3.653s] Level 1:colcon.colcon_core.environment:checking '/home/kenji/Lakbay_Akbay_ros/install/robot_moveit_config/bin'
[3.654s] INFO:colcon.colcon_core.shell:Creating package script '/home/kenji/Lakbay_Akbay_ros/install/robot_moveit_config/share/robot_moveit_config/package.ps1'
[3.655s] INFO:colcon.colcon_core.shell:Creating package descriptor '/home/kenji/Lakbay_Akbay_ros/install/robot_moveit_config/share/robot_moveit_config/package.dsv'
[3.656s] INFO:colcon.colcon_core.shell:Creating package script '/home/kenji/Lakbay_Akbay_ros/install/robot_moveit_config/share/robot_moveit_config/package.sh'
[3.657s] INFO:colcon.colcon_core.shell:Creating package script '/home/kenji/Lakbay_Akbay_ros/install/robot_moveit_config/share/robot_moveit_config/package.bash'
[3.658s] INFO:colcon.colcon_core.shell:Creating package script '/home/kenji/Lakbay_Akbay_ros/install/robot_moveit_config/share/robot_moveit_config/package.zsh'
[3.660s] Level 1:colcon.colcon_core.environment:create_file_with_runtime_dependencies(/home/kenji/Lakbay_Akbay_ros/install/robot_moveit_config/share/colcon-core/packages/robot_moveit_config)
[3.664s] Level 1:colcon.colcon_core.environment:create_environment_scripts_only(robot_moveit_config)
[3.665s] Level 1:colcon.colcon_core.environment:checking '/home/kenji/Lakbay_Akbay_ros/install/robot_moveit_config' for CMake module files
[3.672s] Level 1:colcon.colcon_core.environment:checking '/home/kenji/Lakbay_Akbay_ros/install/robot_moveit_config' for CMake config files
[3.673s] Level 1:colcon.colcon_core.shell:create_environment_hook('robot_moveit_config', 'cmake_prefix_path')
[3.674s] INFO:colcon.colcon_core.shell:Creating environment hook '/home/kenji/Lakbay_Akbay_ros/install/robot_moveit_config/share/robot_moveit_config/hook/cmake_prefix_path.ps1'
[3.678s] INFO:colcon.colcon_core.shell:Creating environment descriptor '/home/kenji/Lakbay_Akbay_ros/install/robot_moveit_config/share/robot_moveit_config/hook/cmake_prefix_path.dsv'
[3.681s] INFO:colcon.colcon_core.shell:Creating environment hook '/home/kenji/Lakbay_Akbay_ros/install/robot_moveit_config/share/robot_moveit_config/hook/cmake_prefix_path.sh'
[3.683s] Level 1:colcon.colcon_core.environment:checking '/home/kenji/Lakbay_Akbay_ros/install/robot_moveit_config/bin'
[3.684s] Level 1:colcon.colcon_core.environment:checking '/home/kenji/Lakbay_Akbay_ros/install/robot_moveit_config/lib/pkgconfig/robot_moveit_config.pc'
[3.684s] Level 1:colcon.colcon_core.environment:checking '/home/kenji/Lakbay_Akbay_ros/install/robot_moveit_config/lib/python3.12/site-packages'
[3.685s] Level 1:colcon.colcon_core.environment:checking '/home/kenji/Lakbay_Akbay_ros/install/robot_moveit_config/bin'
[3.686s] INFO:colcon.colcon_core.shell:Creating package script '/home/kenji/Lakbay_Akbay_ros/install/robot_moveit_config/share/robot_moveit_config/package.ps1'
[3.687s] INFO:colcon.colcon_core.shell:Creating package descriptor '/home/kenji/Lakbay_Akbay_ros/install/robot_moveit_config/share/robot_moveit_config/package.dsv'
[3.689s] INFO:colcon.colcon_core.shell:Creating package script '/home/kenji/Lakbay_Akbay_ros/install/robot_moveit_config/share/robot_moveit_config/package.sh'
[3.690s] INFO:colcon.colcon_core.shell:Creating package script '/home/kenji/Lakbay_Akbay_ros/install/robot_moveit_config/share/robot_moveit_config/package.bash'
[3.692s] INFO:colcon.colcon_core.shell:Creating package script '/home/kenji/Lakbay_Akbay_ros/install/robot_moveit_config/share/robot_moveit_config/package.zsh'
[3.693s] Level 1:colcon.colcon_core.environment:create_file_with_runtime_dependencies(/home/kenji/Lakbay_Akbay_ros/install/robot_moveit_config/share/colcon-core/packages/robot_moveit_config)
[5.352s] DEBUG:colcon.colcon_core.event_handler.log_command:Invoking command in '/home/kenji/Lakbay_Akbay_ros/build/pose_estimation': DEBUGINFOD_URLS=https://debuginfod.ubuntu.com PYTHONPATH=/home/kenji/Lakbay_Akbay_ros/build/pose_estimation/prefix_override:/usr/lib/python3/dist-packages/colcon_core/task/python/colcon_distutils_commands:/home/kenji/Lakbay_Akbay_ros/install/pose_estimation/lib/python3.12/site-packages:${PYTHONPATH} /usr/bin/python3 -W ignore:setup.py install is deprecated -W ignore:easy_install command is deprecated setup.py develop --editable --build-directory /home/kenji/Lakbay_Akbay_ros/build/pose_estimation/build --no-deps symlink_data
[5.493s] DEBUG:colcon.colcon_core.event_handler.log_command:Invoking command in '/home/kenji/Lakbay_Akbay_ros/build/arm_controller_switch': DEBUGINFOD_URLS=https://debuginfod.ubuntu.com PYTHONPATH=/home/kenji/Lakbay_Akbay_ros/build/arm_controller_switch/prefix_override:/usr/lib/python3/dist-packages/colcon_core/task/python/colcon_distutils_commands:/home/kenji/Lakbay_Akbay_ros/install/arm_controller_switch/lib/python3.12/site-packages:${PYTHONPATH} /usr/bin/python3 -W ignore:setup.py install is deprecated -W ignore:easy_install command is deprecated setup.py develop --editable --build-directory /home/kenji/Lakbay_Akbay_ros/build/arm_controller_switch/build --no-deps symlink_data
[7.300s] Level 1:colcon.colcon_core.shell:create_environment_hook('pose_estimation', 'pythonpath_develop')
[7.301s] INFO:colcon.colcon_core.shell:Creating environment hook '/home/kenji/Lakbay_Akbay_ros/build/pose_estimation/share/pose_estimation/hook/pythonpath_develop.ps1'
[7.303s] DEBUG:colcon.colcon_core.event_handler.log_command:Invoked command in '/home/kenji/Lakbay_Akbay_ros/build/pose_estimation' returned '0': DEBUGINFOD_URLS=https://debuginfod.ubuntu.com PYTHONPATH=/home/kenji/Lakbay_Akbay_ros/build/pose_estimation/prefix_override:/usr/lib/python3/dist-packages/colcon_core/task/python/colcon_distutils_commands:/home/kenji/Lakbay_Akbay_ros/install/pose_estimation/lib/python3.12/site-packages:${PYTHONPATH} /usr/bin/python3 -W ignore:setup.py install is deprecated -W ignore:easy_install command is deprecated setup.py develop --editable --build-directory /home/kenji/Lakbay_Akbay_ros/build/pose_estimation/build --no-deps symlink_data
[7.303s] INFO:colcon.colcon_core.shell:Creating environment descriptor '/home/kenji/Lakbay_Akbay_ros/build/pose_estimation/share/pose_estimation/hook/pythonpath_develop.dsv'
[7.304s] INFO:colcon.colcon_core.shell:Creating environment hook '/home/kenji/Lakbay_Akbay_ros/build/pose_estimation/share/pose_estimation/hook/pythonpath_develop.sh'
[7.306s] Level 1:colcon.colcon_core.environment:checking '/home/kenji/Lakbay_Akbay_ros/install/pose_estimation' for CMake module files
[7.311s] Level 1:colcon.colcon_core.environment:checking '/home/kenji/Lakbay_Akbay_ros/install/pose_estimation' for CMake config files
[7.314s] Level 1:colcon.colcon_core.environment:checking '/home/kenji/Lakbay_Akbay_ros/install/pose_estimation/lib'
[7.315s] Level 1:colcon.colcon_core.environment:checking '/home/kenji/Lakbay_Akbay_ros/install/pose_estimation/bin'
[7.316s] Level 1:colcon.colcon_core.environment:checking '/home/kenji/Lakbay_Akbay_ros/install/pose_estimation/lib/pkgconfig/pose_estimation.pc'
[7.317s] Level 1:colcon.colcon_core.environment:checking '/home/kenji/Lakbay_Akbay_ros/install/pose_estimation/lib/python3.12/site-packages'
[7.318s] Level 1:colcon.colcon_core.shell:create_environment_hook('pose_estimation', 'pythonpath')
[7.321s] INFO:colcon.colcon_core.shell:Creating environment hook '/home/kenji/Lakbay_Akbay_ros/install/pose_estimation/share/pose_estimation/hook/pythonpath.ps1'
[7.322s] INFO:colcon.colcon_core.shell:Creating environment descriptor '/home/kenji/Lakbay_Akbay_ros/install/pose_estimation/share/pose_estimation/hook/pythonpath.dsv'
[7.324s] INFO:colcon.colcon_core.shell:Creating environment hook '/home/kenji/Lakbay_Akbay_ros/install/pose_estimation/share/pose_estimation/hook/pythonpath.sh'
[7.326s] Level 1:colcon.colcon_core.environment:checking '/home/kenji/Lakbay_Akbay_ros/install/pose_estimation/bin'
[7.326s] Level 1:colcon.colcon_core.environment:create_environment_scripts_only(pose_estimation)
[7.327s] INFO:colcon.colcon_core.shell:Creating package script '/home/kenji/Lakbay_Akbay_ros/install/pose_estimation/share/pose_estimation/package.ps1'
[7.328s] INFO:colcon.colcon_core.shell:Creating package descriptor '/home/kenji/Lakbay_Akbay_ros/install/pose_estimation/share/pose_estimation/package.dsv'
[7.330s] INFO:colcon.colcon_core.shell:Creating package script '/home/kenji/Lakbay_Akbay_ros/install/pose_estimation/share/pose_estimation/package.sh'
[7.331s] INFO:colcon.colcon_core.shell:Creating package script '/home/kenji/Lakbay_Akbay_ros/install/pose_estimation/share/pose_estimation/package.bash'
[7.332s] INFO:colcon.colcon_core.shell:Creating package script '/home/kenji/Lakbay_Akbay_ros/install/pose_estimation/share/pose_estimation/package.zsh'
[7.334s] Level 1:colcon.colcon_core.environment:create_file_with_runtime_dependencies(/home/kenji/Lakbay_Akbay_ros/install/pose_estimation/share/colcon-core/packages/pose_estimation)
[8.289s] Level 1:colcon.colcon_core.shell:create_environment_hook('arm_controller_switch', 'pythonpath_develop')
[8.290s] INFO:colcon.colcon_core.shell:Creating environment hook '/home/kenji/Lakbay_Akbay_ros/build/arm_controller_switch/share/arm_controller_switch/hook/pythonpath_develop.ps1'
[8.290s] DEBUG:colcon.colcon_core.event_handler.log_command:Invoked command in '/home/kenji/Lakbay_Akbay_ros/build/arm_controller_switch' returned '0': DEBUGINFOD_URLS=https://debuginfod.ubuntu.com PYTHONPATH=/home/kenji/Lakbay_Akbay_ros/build/arm_controller_switch/prefix_override:/usr/lib/python3/dist-packages/colcon_core/task/python/colcon_distutils_commands:/home/kenji/Lakbay_Akbay_ros/install/arm_controller_switch/lib/python3.12/site-packages:${PYTHONPATH} /usr/bin/python3 -W ignore:setup.py install is deprecated -W ignore:easy_install command is deprecated setup.py develop --editable --build-directory /home/kenji/Lakbay_Akbay_ros/build/arm_controller_switch/build --no-deps symlink_data
[8.292s] INFO:colcon.colcon_core.shell:Creating environment descriptor '/home/kenji/Lakbay_Akbay_ros/build/arm_controller_switch/share/arm_controller_switch/hook/pythonpath_develop.dsv'
[8.292s] INFO:colcon.colcon_core.shell:Creating environment hook '/home/kenji/Lakbay_Akbay_ros/build/arm_controller_switch/share/arm_controller_switch/hook/pythonpath_develop.sh'
[8.294s] Level 1:colcon.colcon_core.environment:checking '/home/kenji/Lakbay_Akbay_ros/install/arm_controller_switch' for CMake module files
[8.296s] Level 1:colcon.colcon_core.environment:checking '/home/kenji/Lakbay_Akbay_ros/install/arm_controller_switch' for CMake config files
[8.298s] Level 1:colcon.colcon_core.environment:checking '/home/kenji/Lakbay_Akbay_ros/install/arm_controller_switch/lib'
[8.298s] Level 1:colcon.colcon_core.environment:checking '/home/kenji/Lakbay_Akbay_ros/install/arm_controller_switch/bin'
[8.298s] Level 1:colcon.colcon_core.environment:checking '/home/kenji/Lakbay_Akbay_ros/install/arm_controller_switch/lib/pkgconfig/arm_controller_switch.pc'
[8.299s] Level 1:colcon.colcon_core.environment:checking '/home/kenji/Lakbay_Akbay_ros/install/arm_controller_switch/lib/python3.12/site-packages'
[8.299s] Level 1:colcon.colcon_core.shell:create_environment_hook('arm_controller_switch', 'pythonpath')
[8.300s] INFO:colcon.colcon_core.shell:Creating environment hook '/home/kenji/Lakbay_Akbay_ros/install/arm_controller_switch/share/arm_controller_switch/hook/pythonpath.ps1'
[8.301s] INFO:colcon.colcon_core.shell:Creating environment descriptor '/home/kenji/Lakbay_Akbay_ros/install/arm_controller_switch/share/arm_controller_switch/hook/pythonpath.dsv'
[8.302s] INFO:colcon.colcon_core.shell:Creating environment hook '/home/kenji/Lakbay_Akbay_ros/install/arm_controller_switch/share/arm_controller_switch/hook/pythonpath.sh'
[8.304s] Level 1:colcon.colcon_core.environment:checking '/home/kenji/Lakbay_Akbay_ros/install/arm_controller_switch/bin'
[8.304s] Level 1:colcon.colcon_core.environment:create_environment_scripts_only(arm_controller_switch)
[8.305s] INFO:colcon.colcon_core.shell:Creating package script '/home/kenji/Lakbay_Akbay_ros/install/arm_controller_switch/share/arm_controller_switch/package.ps1'
[8.307s] INFO:colcon.colcon_core.shell:Creating package descriptor '/home/kenji/Lakbay_Akbay_ros/install/arm_controller_switch/share/arm_controller_switch/package.dsv'
[8.309s] INFO:colcon.colcon_core.shell:Creating package script '/home/kenji/Lakbay_Akbay_ros/install/arm_controller_switch/share/arm_controller_switch/package.sh'
[8.313s] INFO:colcon.colcon_core.shell:Creating package script '/home/kenji/Lakbay_Akbay_ros/install/arm_controller_switch/share/arm_controller_switch/package.bash'
[8.314s] INFO:colcon.colcon_core.shell:Creating package script '/home/kenji/Lakbay_Akbay_ros/install/arm_controller_switch/share/arm_controller_switch/package.zsh'
[8.315s] Level 1:colcon.colcon_core.environment:create_file_with_runtime_dependencies(/home/kenji/Lakbay_Akbay_ros/install/arm_controller_switch/share/colcon-core/packages/arm_controller_switch)
[8.317s] DEBUG:colcon.colcon_parallel_executor.executor.parallel:closing loop
[8.318s] DEBUG:colcon.colcon_parallel_executor.executor.parallel:loop closed
[8.318s] DEBUG:colcon.colcon_parallel_executor.executor.parallel:run_until_complete finished with '0'
[8.319s] DEBUG:colcon.colcon_core.event_reactor:joining thread
[8.351s] INFO:colcon.colcon_core.plugin_system:Skipping extension 'colcon_notification.desktop_notification.terminal_notifier': Not used on non-Darwin systems
[8.351s] INFO:colcon.colcon_core.plugin_system:Skipping extension 'colcon_notification.desktop_notification.win32': Not used on non-Windows systems
[8.351s] INFO:colcon.colcon_notification.desktop_notification:Sending desktop notification using 'notify2'
[8.392s] DEBUG:colcon.colcon_core.event_reactor:joined thread
[8.393s] INFO:colcon.colcon_core.shell:Creating prefix script '/home/kenji/Lakbay_Akbay_ros/install/local_setup.ps1'
[8.395s] INFO:colcon.colcon_core.shell:Creating prefix util module '/home/kenji/Lakbay_Akbay_ros/install/_local_setup_util_ps1.py'
[8.401s] INFO:colcon.colcon_core.shell:Creating prefix chain script '/home/kenji/Lakbay_Akbay_ros/install/setup.ps1'
[8.416s] INFO:colcon.colcon_core.shell:Creating prefix script '/home/kenji/Lakbay_Akbay_ros/install/local_setup.sh'
[8.418s] INFO:colcon.colcon_core.shell:Creating prefix util module '/home/kenji/Lakbay_Akbay_ros/install/_local_setup_util_sh.py'
[8.420s] INFO:colcon.colcon_core.shell:Creating prefix chain script '/home/kenji/Lakbay_Akbay_ros/install/setup.sh'
[8.433s] INFO:colcon.colcon_core.shell:Creating prefix script '/home/kenji/Lakbay_Akbay_ros/install/local_setup.bash'
[8.435s] INFO:colcon.colcon_core.shell:Creating prefix chain script '/home/kenji/Lakbay_Akbay_ros/install/setup.bash'
[8.448s] INFO:colcon.colcon_core.shell:Creating prefix script '/home/kenji/Lakbay_Akbay_ros/install/local_setup.zsh'
[8.450s] INFO:colcon.colcon_core.shell:Creating prefix chain script '/home/kenji/Lakbay_Akbay_ros/install/setup.zsh'
