[0.175s] DEBUG:colcon:Command line arguments: ['/usr/bin/colcon', 'build', '--symlink-install']
[0.176s] DEBUG:colcon:Parsed command line arguments: Namespace(log_base=None, log_level=None, verb_name='build', build_base='build', install_base='install', merge_install=False, symlink_install=True, test_result_base=None, continue_on_error=False, executor='parallel', parallel_workers=12, event_handlers=None, ignore_user_meta=False, metas=['./colcon.meta'], base_paths=['.'], packages_ignore=None, packages_ignore_regex=None, paths=None, packages_up_to=None, packages_up_to_regex=None, packages_above=None, packages_above_and_dependencies=None, packages_above_depth=None, packages_select_by_dep=None, packages_skip_by_dep=None, packages_skip_up_to=None, packages_select_build_failed=False, packages_skip_build_finished=False, packages_select_test_failures=False, packages_skip_test_passed=False, packages_select=None, packages_skip=None, packages_select_regex=None, packages_skip_regex=None, packages_start=None, packages_end=None, allow_overriding=[], cmake_args=None, cmake_target=None, cmake_target_skip_unavailable=False, cmake_clean_cache=False, cmake_clean_first=False, cmake_force_configure=False, ament_cmake_args=None, catkin_cmake_args=None, catkin_skip_building_tests=False, mixin_files=None, mixin=None, verb_parser=<colcon_mixin.mixin.mixin_argument.MixinArgumentDecorator object at 0x7e5e97ea9b50>, verb_extension=<colcon_core.verb.build.BuildVerb object at 0x7e5e97e33950>, main=<bound method BuildVerb.main of <colcon_core.verb.build.BuildVerb object at 0x7e5e97e33950>>, mixin_verb=('build',))
[0.270s] Level 1:colcon.colcon_core.package_discovery:discover_packages(colcon_meta) check parameters
[0.270s] Level 1:colcon.colcon_core.package_discovery:discover_packages(recursive) check parameters
[0.270s] Level 1:colcon.colcon_core.package_discovery:discover_packages(ignore) check parameters
[0.270s] Level 1:colcon.colcon_core.package_discovery:discover_packages(path) check parameters
[0.270s] Level 1:colcon.colcon_core.package_discovery:discover_packages(colcon_meta) discover
[0.271s] Level 1:colcon.colcon_core.package_discovery:discover_packages(recursive) discover
[0.271s] INFO:colcon.colcon_core.package_discovery:Crawling recursively for packages in '/home/kenji/Lakbay_Akbay_ros'
[0.271s] Level 1:colcon.colcon_core.package_identification:_identify(.) by extensions ['ignore', 'ignore_ament_install']
[0.271s] Level 1:colcon.colcon_core.package_identification:_identify(.) by extension 'ignore'
[0.271s] Level 1:colcon.colcon_core.package_identification:_identify(.) by extension 'ignore_ament_install'
[0.271s] Level 1:colcon.colcon_core.package_identification:_identify(.) by extensions ['colcon_pkg']
[0.271s] Level 1:colcon.colcon_core.package_identification:_identify(.) by extension 'colcon_pkg'
[0.271s] Level 1:colcon.colcon_core.package_identification:_identify(.) by extensions ['colcon_meta']
[0.271s] Level 1:colcon.colcon_core.package_identification:_identify(.) by extension 'colcon_meta'
[0.271s] Level 1:colcon.colcon_core.package_identification:_identify(.) by extensions ['ros']
[0.271s] Level 1:colcon.colcon_core.package_identification:_identify(.) by extension 'ros'
[0.293s] Level 1:colcon.colcon_core.package_identification:_identify(.) by extensions ['cmake', 'python']
[0.293s] Level 1:colcon.colcon_core.package_identification:_identify(.) by extension 'cmake'
[0.294s] Level 1:colcon.colcon_core.package_identification:_identify(.) by extension 'python'
[0.294s] Level 1:colcon.colcon_core.package_identification:_identify(.) by extensions ['python_setup_py']
[0.294s] Level 1:colcon.colcon_core.package_identification:_identify(.) by extension 'python_setup_py'
[0.294s] Level 1:colcon.colcon_core.package_identification:_identify(build) by extensions ['ignore', 'ignore_ament_install']
[0.294s] Level 1:colcon.colcon_core.package_identification:_identify(build) by extension 'ignore'
[0.294s] Level 1:colcon.colcon_core.package_identification:_identify(build) ignored
[0.294s] Level 1:colcon.colcon_core.package_identification:_identify(install) by extensions ['ignore', 'ignore_ament_install']
[0.294s] Level 1:colcon.colcon_core.package_identification:_identify(install) by extension 'ignore'
[0.294s] Level 1:colcon.colcon_core.package_identification:_identify(install) ignored
[0.294s] Level 1:colcon.colcon_core.package_identification:_identify(log) by extensions ['ignore', 'ignore_ament_install']
[0.294s] Level 1:colcon.colcon_core.package_identification:_identify(log) by extension 'ignore'
[0.294s] Level 1:colcon.colcon_core.package_identification:_identify(log) ignored
[0.294s] Level 1:colcon.colcon_core.package_identification:_identify(src) by extensions ['ignore', 'ignore_ament_install']
[0.294s] Level 1:colcon.colcon_core.package_identification:_identify(src) by extension 'ignore'
[0.294s] Level 1:colcon.colcon_core.package_identification:_identify(src) by extension 'ignore_ament_install'
[0.294s] Level 1:colcon.colcon_core.package_identification:_identify(src) by extensions ['colcon_pkg']
[0.294s] Level 1:colcon.colcon_core.package_identification:_identify(src) by extension 'colcon_pkg'
[0.294s] Level 1:colcon.colcon_core.package_identification:_identify(src) by extensions ['colcon_meta']
[0.294s] Level 1:colcon.colcon_core.package_identification:_identify(src) by extension 'colcon_meta'
[0.295s] Level 1:colcon.colcon_core.package_identification:_identify(src) by extensions ['ros']
[0.295s] Level 1:colcon.colcon_core.package_identification:_identify(src) by extension 'ros'
[0.295s] Level 1:colcon.colcon_core.package_identification:_identify(src) by extensions ['cmake', 'python']
[0.295s] Level 1:colcon.colcon_core.package_identification:_identify(src) by extension 'cmake'
[0.295s] Level 1:colcon.colcon_core.package_identification:_identify(src) by extension 'python'
[0.295s] Level 1:colcon.colcon_core.package_identification:_identify(src) by extensions ['python_setup_py']
[0.295s] Level 1:colcon.colcon_core.package_identification:_identify(src) by extension 'python_setup_py'
[0.295s] Level 1:colcon.colcon_core.package_identification:_identify(src/arm_controller_switch) by extensions ['ignore', 'ignore_ament_install']
[0.295s] Level 1:colcon.colcon_core.package_identification:_identify(src/arm_controller_switch) by extension 'ignore'
[0.295s] Level 1:colcon.colcon_core.package_identification:_identify(src/arm_controller_switch) by extension 'ignore_ament_install'
[0.295s] Level 1:colcon.colcon_core.package_identification:_identify(src/arm_controller_switch) by extensions ['colcon_pkg']
[0.295s] Level 1:colcon.colcon_core.package_identification:_identify(src/arm_controller_switch) by extension 'colcon_pkg'
[0.295s] Level 1:colcon.colcon_core.package_identification:_identify(src/arm_controller_switch) by extensions ['colcon_meta']
[0.295s] Level 1:colcon.colcon_core.package_identification:_identify(src/arm_controller_switch) by extension 'colcon_meta'
[0.295s] Level 1:colcon.colcon_core.package_identification:_identify(src/arm_controller_switch) by extensions ['ros']
[0.295s] Level 1:colcon.colcon_core.package_identification:_identify(src/arm_controller_switch) by extension 'ros'
[0.298s] DEBUG:colcon.colcon_core.package_identification:Package 'src/arm_controller_switch' with type 'ros.ament_python' and name 'arm_controller_switch'
[0.298s] Level 1:colcon.colcon_core.package_identification:_identify(src/pose_estimation) by extensions ['ignore', 'ignore_ament_install']
[0.298s] Level 1:colcon.colcon_core.package_identification:_identify(src/pose_estimation) by extension 'ignore'
[0.298s] Level 1:colcon.colcon_core.package_identification:_identify(src/pose_estimation) by extension 'ignore_ament_install'
[0.299s] Level 1:colcon.colcon_core.package_identification:_identify(src/pose_estimation) by extensions ['colcon_pkg']
[0.299s] Level 1:colcon.colcon_core.package_identification:_identify(src/pose_estimation) by extension 'colcon_pkg'
[0.299s] Level 1:colcon.colcon_core.package_identification:_identify(src/pose_estimation) by extensions ['colcon_meta']
[0.299s] Level 1:colcon.colcon_core.package_identification:_identify(src/pose_estimation) by extension 'colcon_meta'
[0.299s] Level 1:colcon.colcon_core.package_identification:_identify(src/pose_estimation) by extensions ['ros']
[0.299s] Level 1:colcon.colcon_core.package_identification:_identify(src/pose_estimation) by extension 'ros'
[0.299s] DEBUG:colcon.colcon_core.package_identification:Package 'src/pose_estimation' with type 'ros.ament_python' and name 'pose_estimation'
[0.300s] Level 1:colcon.colcon_core.package_identification:_identify(src/robot_description) by extensions ['ignore', 'ignore_ament_install']
[0.300s] Level 1:colcon.colcon_core.package_identification:_identify(src/robot_description) by extension 'ignore'
[0.300s] Level 1:colcon.colcon_core.package_identification:_identify(src/robot_description) by extension 'ignore_ament_install'
[0.300s] Level 1:colcon.colcon_core.package_identification:_identify(src/robot_description) by extensions ['colcon_pkg']
[0.300s] Level 1:colcon.colcon_core.package_identification:_identify(src/robot_description) by extension 'colcon_pkg'
[0.300s] Level 1:colcon.colcon_core.package_identification:_identify(src/robot_description) by extensions ['colcon_meta']
[0.300s] Level 1:colcon.colcon_core.package_identification:_identify(src/robot_description) by extension 'colcon_meta'
[0.300s] Level 1:colcon.colcon_core.package_identification:_identify(src/robot_description) by extensions ['ros']
[0.300s] Level 1:colcon.colcon_core.package_identification:_identify(src/robot_description) by extension 'ros'
[0.301s] DEBUG:colcon.colcon_core.package_identification:Package 'src/robot_description' with type 'ros.ament_cmake' and name 'robot_description'
[0.301s] Level 1:colcon.colcon_core.package_identification:_identify(src/robot_moveit_config) by extensions ['ignore', 'ignore_ament_install']
[0.301s] Level 1:colcon.colcon_core.package_identification:_identify(src/robot_moveit_config) by extension 'ignore'
[0.301s] Level 1:colcon.colcon_core.package_identification:_identify(src/robot_moveit_config) by extension 'ignore_ament_install'
[0.301s] Level 1:colcon.colcon_core.package_identification:_identify(src/robot_moveit_config) by extensions ['colcon_pkg']
[0.301s] Level 1:colcon.colcon_core.package_identification:_identify(src/robot_moveit_config) by extension 'colcon_pkg'
[0.301s] Level 1:colcon.colcon_core.package_identification:_identify(src/robot_moveit_config) by extensions ['colcon_meta']
[0.301s] Level 1:colcon.colcon_core.package_identification:_identify(src/robot_moveit_config) by extension 'colcon_meta'
[0.301s] Level 1:colcon.colcon_core.package_identification:_identify(src/robot_moveit_config) by extensions ['ros']
[0.301s] Level 1:colcon.colcon_core.package_identification:_identify(src/robot_moveit_config) by extension 'ros'
[0.302s] DEBUG:colcon.colcon_core.package_identification:Package 'src/robot_moveit_config' with type 'ros.ament_cmake' and name 'robot_moveit_config'
[0.302s] Level 1:colcon.colcon_core.package_identification:_identify(src/topic_based_hardware_interfaces) by extensions ['ignore', 'ignore_ament_install']
[0.302s] Level 1:colcon.colcon_core.package_identification:_identify(src/topic_based_hardware_interfaces) by extension 'ignore'
[0.302s] Level 1:colcon.colcon_core.package_identification:_identify(src/topic_based_hardware_interfaces) by extension 'ignore_ament_install'
[0.302s] Level 1:colcon.colcon_core.package_identification:_identify(src/topic_based_hardware_interfaces) by extensions ['colcon_pkg']
[0.302s] Level 1:colcon.colcon_core.package_identification:_identify(src/topic_based_hardware_interfaces) by extension 'colcon_pkg'
[0.302s] Level 1:colcon.colcon_core.package_identification:_identify(src/topic_based_hardware_interfaces) by extensions ['colcon_meta']
[0.302s] Level 1:colcon.colcon_core.package_identification:_identify(src/topic_based_hardware_interfaces) by extension 'colcon_meta'
[0.302s] Level 1:colcon.colcon_core.package_identification:_identify(src/topic_based_hardware_interfaces) by extensions ['ros']
[0.302s] Level 1:colcon.colcon_core.package_identification:_identify(src/topic_based_hardware_interfaces) by extension 'ros'
[0.302s] Level 1:colcon.colcon_core.package_identification:_identify(src/topic_based_hardware_interfaces) by extensions ['cmake', 'python']
[0.302s] Level 1:colcon.colcon_core.package_identification:_identify(src/topic_based_hardware_interfaces) by extension 'cmake'
[0.302s] Level 1:colcon.colcon_core.package_identification:_identify(src/topic_based_hardware_interfaces) by extension 'python'
[0.302s] Level 1:colcon.colcon_core.package_identification:_identify(src/topic_based_hardware_interfaces) by extensions ['python_setup_py']
[0.302s] Level 1:colcon.colcon_core.package_identification:_identify(src/topic_based_hardware_interfaces) by extension 'python_setup_py'
[0.303s] Level 1:colcon.colcon_core.package_identification:_identify(src/topic_based_hardware_interfaces/doc) by extensions ['ignore', 'ignore_ament_install']
[0.303s] Level 1:colcon.colcon_core.package_identification:_identify(src/topic_based_hardware_interfaces/doc) by extension 'ignore'
[0.303s] Level 1:colcon.colcon_core.package_identification:_identify(src/topic_based_hardware_interfaces/doc) by extension 'ignore_ament_install'
[0.303s] Level 1:colcon.colcon_core.package_identification:_identify(src/topic_based_hardware_interfaces/doc) by extensions ['colcon_pkg']
[0.303s] Level 1:colcon.colcon_core.package_identification:_identify(src/topic_based_hardware_interfaces/doc) by extension 'colcon_pkg'
[0.303s] Level 1:colcon.colcon_core.package_identification:_identify(src/topic_based_hardware_interfaces/doc) by extensions ['colcon_meta']
[0.303s] Level 1:colcon.colcon_core.package_identification:_identify(src/topic_based_hardware_interfaces/doc) by extension 'colcon_meta'
[0.303s] Level 1:colcon.colcon_core.package_identification:_identify(src/topic_based_hardware_interfaces/doc) by extensions ['ros']
[0.303s] Level 1:colcon.colcon_core.package_identification:_identify(src/topic_based_hardware_interfaces/doc) by extension 'ros'
[0.303s] Level 1:colcon.colcon_core.package_identification:_identify(src/topic_based_hardware_interfaces/doc) by extensions ['cmake', 'python']
[0.303s] Level 1:colcon.colcon_core.package_identification:_identify(src/topic_based_hardware_interfaces/doc) by extension 'cmake'
[0.303s] Level 1:colcon.colcon_core.package_identification:_identify(src/topic_based_hardware_interfaces/doc) by extension 'python'
[0.303s] Level 1:colcon.colcon_core.package_identification:_identify(src/topic_based_hardware_interfaces/doc) by extensions ['python_setup_py']
[0.303s] Level 1:colcon.colcon_core.package_identification:_identify(src/topic_based_hardware_interfaces/doc) by extension 'python_setup_py'
[0.303s] Level 1:colcon.colcon_core.package_identification:_identify(src/topic_based_hardware_interfaces/joint_state_topic_hardware_interface) by extensions ['ignore', 'ignore_ament_install']
[0.303s] Level 1:colcon.colcon_core.package_identification:_identify(src/topic_based_hardware_interfaces/joint_state_topic_hardware_interface) by extension 'ignore'
[0.303s] Level 1:colcon.colcon_core.package_identification:_identify(src/topic_based_hardware_interfaces/joint_state_topic_hardware_interface) by extension 'ignore_ament_install'
[0.303s] Level 1:colcon.colcon_core.package_identification:_identify(src/topic_based_hardware_interfaces/joint_state_topic_hardware_interface) by extensions ['colcon_pkg']
[0.303s] Level 1:colcon.colcon_core.package_identification:_identify(src/topic_based_hardware_interfaces/joint_state_topic_hardware_interface) by extension 'colcon_pkg'
[0.303s] Level 1:colcon.colcon_core.package_identification:_identify(src/topic_based_hardware_interfaces/joint_state_topic_hardware_interface) by extensions ['colcon_meta']
[0.303s] Level 1:colcon.colcon_core.package_identification:_identify(src/topic_based_hardware_interfaces/joint_state_topic_hardware_interface) by extension 'colcon_meta'
[0.303s] Level 1:colcon.colcon_core.package_identification:_identify(src/topic_based_hardware_interfaces/joint_state_topic_hardware_interface) by extensions ['ros']
[0.303s] Level 1:colcon.colcon_core.package_identification:_identify(src/topic_based_hardware_interfaces/joint_state_topic_hardware_interface) by extension 'ros'
[0.304s] DEBUG:colcon.colcon_core.package_identification:Package 'src/topic_based_hardware_interfaces/joint_state_topic_hardware_interface' with type 'ros.ament_cmake' and name 'joint_state_topic_hardware_interface'
[0.304s] Level 1:colcon.colcon_core.package_discovery:discover_packages(recursive) using defaults
[0.304s] Level 1:colcon.colcon_core.package_discovery:discover_packages(ignore) discover
[0.304s] Level 1:colcon.colcon_core.package_discovery:discover_packages(ignore) using defaults
[0.304s] Level 1:colcon.colcon_core.package_discovery:discover_packages(path) discover
[0.304s] Level 1:colcon.colcon_core.package_discovery:discover_packages(path) using defaults
[0.336s] Level 1:colcon.colcon_core.package_discovery:discover_packages(prefix_path) check parameters
[0.336s] Level 1:colcon.colcon_core.package_discovery:discover_packages(prefix_path) discover
[0.344s] DEBUG:colcon.colcon_installed_package_information.package_discovery:Found 5 installed packages in /home/kenji/Lakbay_Akbay_ros/install
[0.344s] DEBUG:colcon.colcon_installed_package_information.package_discovery:Found 3 installed packages in /home/kenji/uros_ws/install
[0.346s] DEBUG:colcon.colcon_installed_package_information.package_discovery:Found 70 installed packages in /home/kenji/ws_moveit/install
[0.348s] DEBUG:colcon.colcon_installed_package_information.package_discovery:Found 389 installed packages in /opt/ros/jazzy
[0.349s] Level 1:colcon.colcon_core.package_discovery:discover_packages(prefix_path) using defaults
[0.472s] Level 5:colcon.colcon_core.verb:set package 'arm_controller_switch' build argument 'cmake_args' from command line to 'None'
[0.472s] Level 5:colcon.colcon_core.verb:set package 'arm_controller_switch' build argument 'cmake_target' from command line to 'None'
[0.472s] Level 5:colcon.colcon_core.verb:set package 'arm_controller_switch' build argument 'cmake_target_skip_unavailable' from command line to 'False'
[0.472s] Level 5:colcon.colcon_core.verb:set package 'arm_controller_switch' build argument 'cmake_clean_cache' from command line to 'False'
[0.472s] Level 5:colcon.colcon_core.verb:set package 'arm_controller_switch' build argument 'cmake_clean_first' from command line to 'False'
[0.472s] Level 5:colcon.colcon_core.verb:set package 'arm_controller_switch' build argument 'cmake_force_configure' from command line to 'False'
[0.472s] Level 5:colcon.colcon_core.verb:set package 'arm_controller_switch' build argument 'ament_cmake_args' from command line to 'None'
[0.472s] Level 5:colcon.colcon_core.verb:set package 'arm_controller_switch' build argument 'catkin_cmake_args' from command line to 'None'
[0.472s] Level 5:colcon.colcon_core.verb:set package 'arm_controller_switch' build argument 'catkin_skip_building_tests' from command line to 'False'
[0.472s] DEBUG:colcon.colcon_core.verb:Building package 'arm_controller_switch' with the following arguments: {'ament_cmake_args': None, 'build_base': '/home/kenji/Lakbay_Akbay_ros/build/arm_controller_switch', 'catkin_cmake_args': None, 'catkin_skip_building_tests': False, 'cmake_args': None, 'cmake_clean_cache': False, 'cmake_clean_first': False, 'cmake_force_configure': False, 'cmake_target': None, 'cmake_target_skip_unavailable': False, 'install_base': '/home/kenji/Lakbay_Akbay_ros/install/arm_controller_switch', 'merge_install': False, 'path': '/home/kenji/Lakbay_Akbay_ros/src/arm_controller_switch', 'symlink_install': True, 'test_result_base': None}
[0.472s] Level 5:colcon.colcon_core.verb:set package 'joint_state_topic_hardware_interface' build argument 'cmake_args' from command line to 'None'
[0.472s] Level 5:colcon.colcon_core.verb:set package 'joint_state_topic_hardware_interface' build argument 'cmake_target' from command line to 'None'
[0.472s] Level 5:colcon.colcon_core.verb:set package 'joint_state_topic_hardware_interface' build argument 'cmake_target_skip_unavailable' from command line to 'False'
[0.472s] Level 5:colcon.colcon_core.verb:set package 'joint_state_topic_hardware_interface' build argument 'cmake_clean_cache' from command line to 'False'
[0.472s] Level 5:colcon.colcon_core.verb:set package 'joint_state_topic_hardware_interface' build argument 'cmake_clean_first' from command line to 'False'
[0.472s] Level 5:colcon.colcon_core.verb:set package 'joint_state_topic_hardware_interface' build argument 'cmake_force_configure' from command line to 'False'
[0.472s] Level 5:colcon.colcon_core.verb:set package 'joint_state_topic_hardware_interface' build argument 'ament_cmake_args' from command line to 'None'
[0.472s] Level 5:colcon.colcon_core.verb:set package 'joint_state_topic_hardware_interface' build argument 'catkin_cmake_args' from command line to 'None'
[0.472s] Level 5:colcon.colcon_core.verb:set package 'joint_state_topic_hardware_interface' build argument 'catkin_skip_building_tests' from command line to 'False'
[0.472s] DEBUG:colcon.colcon_core.verb:Building package 'joint_state_topic_hardware_interface' with the following arguments: {'ament_cmake_args': None, 'build_base': '/home/kenji/Lakbay_Akbay_ros/build/joint_state_topic_hardware_interface', 'catkin_cmake_args': None, 'catkin_skip_building_tests': False, 'cmake_args': None, 'cmake_clean_cache': False, 'cmake_clean_first': False, 'cmake_force_configure': False, 'cmake_target': None, 'cmake_target_skip_unavailable': False, 'install_base': '/home/kenji/Lakbay_Akbay_ros/install/joint_state_topic_hardware_interface', 'merge_install': False, 'path': '/home/kenji/Lakbay_Akbay_ros/src/topic_based_hardware_interfaces/joint_state_topic_hardware_interface', 'symlink_install': True, 'test_result_base': None}
[0.472s] Level 5:colcon.colcon_core.verb:set package 'pose_estimation' build argument 'cmake_args' from command line to 'None'
[0.472s] Level 5:colcon.colcon_core.verb:set package 'pose_estimation' build argument 'cmake_target' from command line to 'None'
[0.472s] Level 5:colcon.colcon_core.verb:set package 'pose_estimation' build argument 'cmake_target_skip_unavailable' from command line to 'False'
[0.473s] Level 5:colcon.colcon_core.verb:set package 'pose_estimation' build argument 'cmake_clean_cache' from command line to 'False'
[0.473s] Level 5:colcon.colcon_core.verb:set package 'pose_estimation' build argument 'cmake_clean_first' from command line to 'False'
[0.473s] Level 5:colcon.colcon_core.verb:set package 'pose_estimation' build argument 'cmake_force_configure' from command line to 'False'
[0.473s] Level 5:colcon.colcon_core.verb:set package 'pose_estimation' build argument 'ament_cmake_args' from command line to 'None'
[0.473s] Level 5:colcon.colcon_core.verb:set package 'pose_estimation' build argument 'catkin_cmake_args' from command line to 'None'
[0.473s] Level 5:colcon.colcon_core.verb:set package 'pose_estimation' build argument 'catkin_skip_building_tests' from command line to 'False'
[0.473s] DEBUG:colcon.colcon_core.verb:Building package 'pose_estimation' with the following arguments: {'ament_cmake_args': None, 'build_base': '/home/kenji/Lakbay_Akbay_ros/build/pose_estimation', 'catkin_cmake_args': None, 'catkin_skip_building_tests': False, 'cmake_args': None, 'cmake_clean_cache': False, 'cmake_clean_first': False, 'cmake_force_configure': False, 'cmake_target': None, 'cmake_target_skip_unavailable': False, 'install_base': '/home/kenji/Lakbay_Akbay_ros/install/pose_estimation', 'merge_install': False, 'path': '/home/kenji/Lakbay_Akbay_ros/src/pose_estimation', 'symlink_install': True, 'test_result_base': None}
[0.473s] Level 5:colcon.colcon_core.verb:set package 'robot_description' build argument 'cmake_args' from command line to 'None'
[0.473s] Level 5:colcon.colcon_core.verb:set package 'robot_description' build argument 'cmake_target' from command line to 'None'
[0.473s] Level 5:colcon.colcon_core.verb:set package 'robot_description' build argument 'cmake_target_skip_unavailable' from command line to 'False'
[0.473s] Level 5:colcon.colcon_core.verb:set package 'robot_description' build argument 'cmake_clean_cache' from command line to 'False'
[0.473s] Level 5:colcon.colcon_core.verb:set package 'robot_description' build argument 'cmake_clean_first' from command line to 'False'
[0.473s] Level 5:colcon.colcon_core.verb:set package 'robot_description' build argument 'cmake_force_configure' from command line to 'False'
[0.473s] Level 5:colcon.colcon_core.verb:set package 'robot_description' build argument 'ament_cmake_args' from command line to 'None'
[0.473s] Level 5:colcon.colcon_core.verb:set package 'robot_description' build argument 'catkin_cmake_args' from command line to 'None'
[0.473s] Level 5:colcon.colcon_core.verb:set package 'robot_description' build argument 'catkin_skip_building_tests' from command line to 'False'
[0.473s] DEBUG:colcon.colcon_core.verb:Building package 'robot_description' with the following arguments: {'ament_cmake_args': None, 'build_base': '/home/kenji/Lakbay_Akbay_ros/build/robot_description', 'catkin_cmake_args': None, 'catkin_skip_building_tests': False, 'cmake_args': None, 'cmake_clean_cache': False, 'cmake_clean_first': False, 'cmake_force_configure': False, 'cmake_target': None, 'cmake_target_skip_unavailable': False, 'install_base': '/home/kenji/Lakbay_Akbay_ros/install/robot_description', 'merge_install': False, 'path': '/home/kenji/Lakbay_Akbay_ros/src/robot_description', 'symlink_install': True, 'test_result_base': None}
[0.473s] Level 5:colcon.colcon_core.verb:set package 'robot_moveit_config' build argument 'cmake_args' from command line to 'None'
[0.473s] Level 5:colcon.colcon_core.verb:set package 'robot_moveit_config' build argument 'cmake_target' from command line to 'None'
[0.473s] Level 5:colcon.colcon_core.verb:set package 'robot_moveit_config' build argument 'cmake_target_skip_unavailable' from command line to 'False'
[0.473s] Level 5:colcon.colcon_core.verb:set package 'robot_moveit_config' build argument 'cmake_clean_cache' from command line to 'False'
[0.473s] Level 5:colcon.colcon_core.verb:set package 'robot_moveit_config' build argument 'cmake_clean_first' from command line to 'False'
[0.473s] Level 5:colcon.colcon_core.verb:set package 'robot_moveit_config' build argument 'cmake_force_configure' from command line to 'False'
[0.473s] Level 5:colcon.colcon_core.verb:set package 'robot_moveit_config' build argument 'ament_cmake_args' from command line to 'None'
[0.473s] Level 5:colcon.colcon_core.verb:set package 'robot_moveit_config' build argument 'catkin_cmake_args' from command line to 'None'
[0.473s] Level 5:colcon.colcon_core.verb:set package 'robot_moveit_config' build argument 'catkin_skip_building_tests' from command line to 'False'
[0.473s] DEBUG:colcon.colcon_core.verb:Building package 'robot_moveit_config' with the following arguments: {'ament_cmake_args': None, 'build_base': '/home/kenji/Lakbay_Akbay_ros/build/robot_moveit_config', 'catkin_cmake_args': None, 'catkin_skip_building_tests': False, 'cmake_args': None, 'cmake_clean_cache': False, 'cmake_clean_first': False, 'cmake_force_configure': False, 'cmake_target': None, 'cmake_target_skip_unavailable': False, 'install_base': '/home/kenji/Lakbay_Akbay_ros/install/robot_moveit_config', 'merge_install': False, 'path': '/home/kenji/Lakbay_Akbay_ros/src/robot_moveit_config', 'symlink_install': True, 'test_result_base': None}
[0.473s] INFO:colcon.colcon_core.executor:Executing jobs using 'parallel' executor
[0.474s] DEBUG:colcon.colcon_parallel_executor.executor.parallel:run_until_complete
[0.474s] INFO:colcon.colcon_ros.task.ament_cmake.build:Building ROS package in '/home/kenji/Lakbay_Akbay_ros/src/robot_description' with build type 'ament_cmake'
[0.474s] INFO:colcon.colcon_cmake.task.cmake.build:Building CMake package in '/home/kenji/Lakbay_Akbay_ros/src/robot_description'
[0.480s] INFO:colcon.colcon_core.plugin_system:Skipping extension 'colcon_core.shell.bat': Not used on non-Windows systems
[0.480s] INFO:colcon.colcon_core.shell:Skip shell extension 'powershell' for command environment: Not usable outside of PowerShell
[0.480s] DEBUG:colcon.colcon_core.shell:Skip shell extension 'dsv' for command environment
[0.488s] INFO:colcon.colcon_ros.task.ament_python.build:Building ROS package in '/home/kenji/Lakbay_Akbay_ros/src/arm_controller_switch' with build type 'ament_python'
[0.488s] Level 1:colcon.colcon_core.shell:create_environment_hook('arm_controller_switch', 'ament_prefix_path')
[0.489s] INFO:colcon.colcon_core.shell:Creating environment hook '/home/kenji/Lakbay_Akbay_ros/install/arm_controller_switch/share/arm_controller_switch/hook/ament_prefix_path.ps1'
[0.490s] INFO:colcon.colcon_core.shell:Creating environment descriptor '/home/kenji/Lakbay_Akbay_ros/install/arm_controller_switch/share/arm_controller_switch/hook/ament_prefix_path.dsv'
[0.491s] INFO:colcon.colcon_core.shell:Creating environment hook '/home/kenji/Lakbay_Akbay_ros/install/arm_controller_switch/share/arm_controller_switch/hook/ament_prefix_path.sh'
[0.492s] INFO:colcon.colcon_core.shell:Skip shell extension 'powershell' for command environment: Not usable outside of PowerShell
[0.492s] DEBUG:colcon.colcon_core.shell:Skip shell extension 'dsv' for command environment
[0.500s] INFO:colcon.colcon_ros.task.ament_cmake.build:Building ROS package in '/home/kenji/Lakbay_Akbay_ros/src/topic_based_hardware_interfaces/joint_state_topic_hardware_interface' with build type 'ament_cmake'
[0.500s] INFO:colcon.colcon_cmake.task.cmake.build:Building CMake package in '/home/kenji/Lakbay_Akbay_ros/src/topic_based_hardware_interfaces/joint_state_topic_hardware_interface'
[0.500s] INFO:colcon.colcon_core.shell:Skip shell extension 'powershell' for command environment: Not usable outside of PowerShell
[0.500s] DEBUG:colcon.colcon_core.shell:Skip shell extension 'dsv' for command environment
[0.507s] INFO:colcon.colcon_ros.task.ament_python.build:Building ROS package in '/home/kenji/Lakbay_Akbay_ros/src/pose_estimation' with build type 'ament_python'
[0.507s] Level 1:colcon.colcon_core.shell:create_environment_hook('pose_estimation', 'ament_prefix_path')
[0.508s] INFO:colcon.colcon_core.shell:Creating environment hook '/home/kenji/Lakbay_Akbay_ros/install/pose_estimation/share/pose_estimation/hook/ament_prefix_path.ps1'
[0.508s] INFO:colcon.colcon_core.shell:Creating environment descriptor '/home/kenji/Lakbay_Akbay_ros/install/pose_estimation/share/pose_estimation/hook/ament_prefix_path.dsv'
[0.508s] INFO:colcon.colcon_core.shell:Creating environment hook '/home/kenji/Lakbay_Akbay_ros/install/pose_estimation/share/pose_estimation/hook/ament_prefix_path.sh'
[0.509s] INFO:colcon.colcon_core.shell:Skip shell extension 'powershell' for command environment: Not usable outside of PowerShell
[0.509s] DEBUG:colcon.colcon_core.shell:Skip shell extension 'dsv' for command environment
[0.522s] DEBUG:colcon.colcon_core.event_handler.log_command:Invoking command in '/home/kenji/Lakbay_Akbay_ros/build/robot_description': CMAKE_PREFIX_PATH=${CMAKE_PREFIX_PATH}:/home/kenji/Lakbay_Akbay_ros/install/pose_estimation:/home/kenji/Lakbay_Akbay_ros/install/arm_controller_switch:/home/kenji/ws_moveit/install/moveit_configs_utils:/opt/ros/jazzy DEBUGINFOD_URLS=https://debuginfod.ubuntu.com /usr/bin/cmake --build /home/kenji/Lakbay_Akbay_ros/build/robot_description -- -j12 -l12
[0.723s] INFO:colcon.colcon_core.task.python.build:Building Python package in '/home/kenji/Lakbay_Akbay_ros/src/arm_controller_switch'
[0.724s] INFO:colcon.colcon_core.shell:Skip shell extension 'powershell' for command environment: Not usable outside of PowerShell
[0.724s] DEBUG:colcon.colcon_core.shell:Skip shell extension 'dsv' for command environment
[0.736s] DEBUG:colcon.colcon_core.event_handler.log_command:Invoking command in '/home/kenji/Lakbay_Akbay_ros/build/joint_state_topic_hardware_interface': CMAKE_PREFIX_PATH=${CMAKE_PREFIX_PATH}:/home/kenji/Lakbay_Akbay_ros/install/pose_estimation:/home/kenji/Lakbay_Akbay_ros/install/arm_controller_switch:/home/kenji/ws_moveit/install/moveit_configs_utils:/opt/ros/jazzy DEBUGINFOD_URLS=https://debuginfod.ubuntu.com /usr/bin/cmake --build /home/kenji/Lakbay_Akbay_ros/build/joint_state_topic_hardware_interface -- -j12 -l12
[0.738s] DEBUG:colcon.colcon_core.event_handler.log_command:Invoked command in '/home/kenji/Lakbay_Akbay_ros/build/robot_description' returned '0': CMAKE_PREFIX_PATH=${CMAKE_PREFIX_PATH}:/home/kenji/Lakbay_Akbay_ros/install/pose_estimation:/home/kenji/Lakbay_Akbay_ros/install/arm_controller_switch:/home/kenji/ws_moveit/install/moveit_configs_utils:/opt/ros/jazzy DEBUGINFOD_URLS=https://debuginfod.ubuntu.com /usr/bin/cmake --build /home/kenji/Lakbay_Akbay_ros/build/robot_description -- -j12 -l12
[0.759s] DEBUG:colcon.colcon_core.event_handler.log_command:Invoking command in '/home/kenji/Lakbay_Akbay_ros/build/robot_description': CMAKE_PREFIX_PATH=${CMAKE_PREFIX_PATH}:/home/kenji/Lakbay_Akbay_ros/install/pose_estimation:/home/kenji/Lakbay_Akbay_ros/install/arm_controller_switch:/home/kenji/ws_moveit/install/moveit_configs_utils:/opt/ros/jazzy DEBUGINFOD_URLS=https://debuginfod.ubuntu.com /usr/bin/cmake --install /home/kenji/Lakbay_Akbay_ros/build/robot_description
[0.963s] INFO:colcon.colcon_core.task.python.build:Building Python package in '/home/kenji/Lakbay_Akbay_ros/src/pose_estimation'
[0.963s] INFO:colcon.colcon_core.shell:Skip shell extension 'powershell' for command environment: Not usable outside of PowerShell
[0.963s] DEBUG:colcon.colcon_core.shell:Skip shell extension 'dsv' for command environment
[0.976s] Level 1:colcon.colcon_core.environment:create_environment_scripts_only(robot_description)
[0.977s] DEBUG:colcon.colcon_core.event_handler.log_command:Invoked command in '/home/kenji/Lakbay_Akbay_ros/build/robot_description' returned '0': CMAKE_PREFIX_PATH=${CMAKE_PREFIX_PATH}:/home/kenji/Lakbay_Akbay_ros/install/pose_estimation:/home/kenji/Lakbay_Akbay_ros/install/arm_controller_switch:/home/kenji/ws_moveit/install/moveit_configs_utils:/opt/ros/jazzy DEBUGINFOD_URLS=https://debuginfod.ubuntu.com /usr/bin/cmake --install /home/kenji/Lakbay_Akbay_ros/build/robot_description
[0.983s] Level 1:colcon.colcon_core.environment:checking '/home/kenji/Lakbay_Akbay_ros/install/robot_description' for CMake module files
[0.983s] Level 1:colcon.colcon_core.environment:checking '/home/kenji/Lakbay_Akbay_ros/install/robot_description' for CMake config files
[0.983s] Level 1:colcon.colcon_core.shell:create_environment_hook('robot_description', 'cmake_prefix_path')
[0.983s] INFO:colcon.colcon_core.shell:Creating environment hook '/home/kenji/Lakbay_Akbay_ros/install/robot_description/share/robot_description/hook/cmake_prefix_path.ps1'
[0.984s] INFO:colcon.colcon_core.shell:Creating environment descriptor '/home/kenji/Lakbay_Akbay_ros/install/robot_description/share/robot_description/hook/cmake_prefix_path.dsv'
[0.984s] INFO:colcon.colcon_core.shell:Creating environment hook '/home/kenji/Lakbay_Akbay_ros/install/robot_description/share/robot_description/hook/cmake_prefix_path.sh'
[0.985s] Level 1:colcon.colcon_core.environment:checking '/home/kenji/Lakbay_Akbay_ros/install/robot_description/bin'
[0.985s] Level 1:colcon.colcon_core.environment:checking '/home/kenji/Lakbay_Akbay_ros/install/robot_description/lib/pkgconfig/robot_description.pc'
[0.985s] Level 1:colcon.colcon_core.environment:checking '/home/kenji/Lakbay_Akbay_ros/install/robot_description/lib/python3.12/site-packages'
[0.985s] Level 1:colcon.colcon_core.environment:checking '/home/kenji/Lakbay_Akbay_ros/install/robot_description/bin'
[0.985s] INFO:colcon.colcon_core.shell:Creating package script '/home/kenji/Lakbay_Akbay_ros/install/robot_description/share/robot_description/package.ps1'
[0.998s] INFO:colcon.colcon_core.shell:Creating package descriptor '/home/kenji/Lakbay_Akbay_ros/install/robot_description/share/robot_description/package.dsv'
[0.999s] INFO:colcon.colcon_core.shell:Creating package script '/home/kenji/Lakbay_Akbay_ros/install/robot_description/share/robot_description/package.sh'
[1.000s] INFO:colcon.colcon_core.shell:Creating package script '/home/kenji/Lakbay_Akbay_ros/install/robot_description/share/robot_description/package.bash'
[1.001s] INFO:colcon.colcon_core.shell:Creating package script '/home/kenji/Lakbay_Akbay_ros/install/robot_description/share/robot_description/package.zsh'
[1.002s] Level 1:colcon.colcon_core.environment:create_file_with_runtime_dependencies(/home/kenji/Lakbay_Akbay_ros/install/robot_description/share/colcon-core/packages/robot_description)
[1.002s] Level 1:colcon.colcon_core.environment:create_environment_scripts_only(robot_description)
[1.003s] Level 1:colcon.colcon_core.environment:checking '/home/kenji/Lakbay_Akbay_ros/install/robot_description' for CMake module files
[1.003s] Level 1:colcon.colcon_core.environment:checking '/home/kenji/Lakbay_Akbay_ros/install/robot_description' for CMake config files
[1.003s] Level 1:colcon.colcon_core.shell:create_environment_hook('robot_description', 'cmake_prefix_path')
[1.003s] INFO:colcon.colcon_core.shell:Creating environment hook '/home/kenji/Lakbay_Akbay_ros/install/robot_description/share/robot_description/hook/cmake_prefix_path.ps1'
[1.004s] INFO:colcon.colcon_core.shell:Creating environment descriptor '/home/kenji/Lakbay_Akbay_ros/install/robot_description/share/robot_description/hook/cmake_prefix_path.dsv'
[1.004s] INFO:colcon.colcon_core.shell:Creating environment hook '/home/kenji/Lakbay_Akbay_ros/install/robot_description/share/robot_description/hook/cmake_prefix_path.sh'
[1.004s] Level 1:colcon.colcon_core.environment:checking '/home/kenji/Lakbay_Akbay_ros/install/robot_description/bin'
[1.004s] Level 1:colcon.colcon_core.environment:checking '/home/kenji/Lakbay_Akbay_ros/install/robot_description/lib/pkgconfig/robot_description.pc'
[1.005s] Level 1:colcon.colcon_core.environment:checking '/home/kenji/Lakbay_Akbay_ros/install/robot_description/lib/python3.12/site-packages'
[1.005s] Level 1:colcon.colcon_core.environment:checking '/home/kenji/Lakbay_Akbay_ros/install/robot_description/bin'
[1.005s] INFO:colcon.colcon_core.shell:Creating package script '/home/kenji/Lakbay_Akbay_ros/install/robot_description/share/robot_description/package.ps1'
[1.006s] INFO:colcon.colcon_core.shell:Creating package descriptor '/home/kenji/Lakbay_Akbay_ros/install/robot_description/share/robot_description/package.dsv'
[1.006s] INFO:colcon.colcon_core.shell:Creating package script '/home/kenji/Lakbay_Akbay_ros/install/robot_description/share/robot_description/package.sh'
[1.006s] INFO:colcon.colcon_core.shell:Creating package script '/home/kenji/Lakbay_Akbay_ros/install/robot_description/share/robot_description/package.bash'
[1.007s] INFO:colcon.colcon_core.shell:Creating package script '/home/kenji/Lakbay_Akbay_ros/install/robot_description/share/robot_description/package.zsh'
[1.007s] Level 1:colcon.colcon_core.environment:create_file_with_runtime_dependencies(/home/kenji/Lakbay_Akbay_ros/install/robot_description/share/colcon-core/packages/robot_description)
[1.008s] INFO:colcon.colcon_ros.task.ament_cmake.build:Building ROS package in '/home/kenji/Lakbay_Akbay_ros/src/robot_moveit_config' with build type 'ament_cmake'
[1.008s] INFO:colcon.colcon_cmake.task.cmake.build:Building CMake package in '/home/kenji/Lakbay_Akbay_ros/src/robot_moveit_config'
[1.008s] INFO:colcon.colcon_core.shell:Skip shell extension 'powershell' for command environment: Not usable outside of PowerShell
[1.008s] DEBUG:colcon.colcon_core.shell:Skip shell extension 'dsv' for command environment
[1.019s] DEBUG:colcon.colcon_core.event_handler.log_command:Invoked command in '/home/kenji/Lakbay_Akbay_ros/build/joint_state_topic_hardware_interface' returned '0': CMAKE_PREFIX_PATH=${CMAKE_PREFIX_PATH}:/home/kenji/Lakbay_Akbay_ros/install/pose_estimation:/home/kenji/Lakbay_Akbay_ros/install/arm_controller_switch:/home/kenji/ws_moveit/install/moveit_configs_utils:/opt/ros/jazzy DEBUGINFOD_URLS=https://debuginfod.ubuntu.com /usr/bin/cmake --build /home/kenji/Lakbay_Akbay_ros/build/joint_state_topic_hardware_interface -- -j12 -l12
[1.024s] DEBUG:colcon.colcon_core.event_handler.log_command:Invoking command in '/home/kenji/Lakbay_Akbay_ros/build/joint_state_topic_hardware_interface': CMAKE_PREFIX_PATH=${CMAKE_PREFIX_PATH}:/home/kenji/Lakbay_Akbay_ros/install/pose_estimation:/home/kenji/Lakbay_Akbay_ros/install/arm_controller_switch:/home/kenji/ws_moveit/install/moveit_configs_utils:/opt/ros/jazzy DEBUGINFOD_URLS=https://debuginfod.ubuntu.com /usr/bin/cmake --install /home/kenji/Lakbay_Akbay_ros/build/joint_state_topic_hardware_interface
[1.029s] DEBUG:colcon.colcon_core.event_handler.log_command:Invoking command in '/home/kenji/Lakbay_Akbay_ros/build/robot_moveit_config': CMAKE_PREFIX_PATH=/home/kenji/Lakbay_Akbay_ros/install/robot_description:/home/kenji/Lakbay_Akbay_ros/install/robot_moveit_config:/home/kenji/Lakbay_Akbay_ros/install/joint_state_topic_hardware_interface:/home/kenji/uros_ws/install/micro_ros_setup:/home/kenji/uros_ws/install/micro_ros_agent:/home/kenji/uros_ws/install/micro_ros_msgs:/home/kenji/ws_moveit/install/robotiq_hardware_tests:/home/kenji/ws_moveit/install/robotiq_driver:/home/kenji/ws_moveit/install/serial:/home/kenji/ws_moveit/install/moveit2_tutorials:/home/kenji/ws_moveit/install/moveit_visual_tools:/home/kenji/ws_moveit/install/rviz_visual_tools:/home/kenji/ws_moveit/install/moveit_task_constructor_demo:/home/kenji/ws_moveit/install/moveit_task_constructor_visualization:/home/kenji/ws_moveit/install/moveit_task_constructor_capabilities:/home/kenji/ws_moveit/install/moveit_task_constructor_core:/home/kenji/ws_moveit/install/rviz_marker_tools:/home/kenji/ws_moveit/install/kortex_bringup:/home/kenji/ws_moveit/install/kinova_gen3_lite_moveit_config:/home/kenji/ws_moveit/install/kinova_gen3_7dof_robotiq_2f_85_moveit_config:/home/kenji/ws_moveit/install/kinova_gen3_6dof_robotiq_2f_85_moveit_config:/home/kenji/ws_moveit/install/kortex_description:/home/kenji/ws_moveit/install/robotiq_description:/home/kenji/ws_moveit/install/robotiq_controllers:/home/kenji/ws_moveit/install/pilz_industrial_motion_planner_testutils:/home/kenji/ws_moveit/install/moveit_runtime:/home/kenji/ws_moveit/install/moveit:/home/kenji/ws_moveit/install/moveit_planners:/home/kenji/ws_moveit/install/pilz_industrial_motion_planner:/home/kenji/ws_moveit/install/moveit_task_constructor_msgs:/home/kenji/ws_moveit/install/moveit_ros_control_interface:/home/kenji/ws_moveit/install/moveit_plugins:/home/kenji/ws_moveit/install/moveit_simple_controller_manager:/home/kenji/ws_moveit/install/moveit_setup_assistant:/home/kenji/ws_moveit/install/moveit_setup_srdf_plugins:/home/kenji/ws_moveit/install/moveit_setup_core_plugins:/home/kenji/ws_moveit/install/moveit_setup_controllers:/home/kenji/ws_moveit/install/moveit_setup_app_plugins:/home/kenji/ws_moveit/install/moveit_setup_framework:/home/kenji/ws_moveit/install/moveit_servo:/home/kenji/ws_moveit/install/moveit_ros_trajectory_cache:/home/kenji/ws_moveit/install/moveit_ros:/home/kenji/ws_moveit/install/moveit_ros_visualization:/home/kenji/ws_moveit/install/moveit_py:/home/kenji/ws_moveit/install/moveit_hybrid_planning:/home/kenji/ws_moveit/install/moveit_ros_planning_interface:/home/kenji/ws_moveit/install/moveit_ros_benchmarks:/home/kenji/ws_moveit/install/moveit_ros_warehouse:/home/kenji/ws_moveit/install/moveit_ros_robot_interaction:/home/kenji/ws_moveit/install/moveit_ros_perception:/home/kenji/ws_moveit/install/moveit_resources_prbt_pg70_support:/home/kenji/ws_moveit/install/moveit_resources_prbt_moveit_config:/home/kenji/ws_moveit/install/moveit_ros_move_group:/home/kenji/ws_moveit/install/moveit_planners_ompl:/home/kenji/ws_moveit/install/moveit_kinematics:/home/kenji/ws_moveit/install/moveit_ros_planning:/home/kenji/ws_moveit/install/moveit_ros_occupancy_map_monitor:/home/kenji/ws_moveit/install/moveit_resources_prbt_support:/home/kenji/ws_moveit/install/moveit_resources_prbt_ikfast_manipulator_plugin:/home/kenji/ws_moveit/install/moveit_resources:/home/kenji/ws_moveit/install/moveit_resources_pr2_description:/home/kenji/ws_moveit/install/moveit_resources_panda_moveit_config:/home/kenji/ws_moveit/install/dual_arm_panda_moveit_config:/home/kenji/ws_moveit/install/moveit_resources_panda_description:/home/kenji/ws_moveit/install/moveit_resources_fanuc_moveit_config:/home/kenji/ws_moveit/install/moveit_resources_fanuc_description:/home/kenji/ws_moveit/install/moveit_planners_stomp:/home/kenji/ws_moveit/install/moveit_planners_chomp:/home/kenji/ws_moveit/install/chomp_motion_planner:/home/kenji/ws_moveit/install/moveit_core:/home/kenji/ws_moveit/install/moveit_msgs:/home/kenji/ws_moveit/install/moveit_common:/home/kenji/ws_moveit/install/kortex_driver:/home/kenji/ws_moveit/install/kortex_api:/opt/ros/jazzy/opt/gz_sim_vendor:/opt/ros/jazzy/opt/gz_sensors_vendor:/opt/ros/jazzy/opt/gz_physics_vendor:/opt/ros/jazzy/opt/sdformat_vendor:/opt/ros/jazzy/opt/gz_gui_vendor:/opt/ros/jazzy/opt/gz_transport_vendor:/opt/ros/jazzy/opt/gz_rendering_vendor:/opt/ros/jazzy/opt/gz_plugin_vendor:/opt/ros/jazzy/opt/gz_fuel_tools_vendor:/opt/ros/jazzy/opt/gz_msgs_vendor:/opt/ros/jazzy/opt/gz_common_vendor:/opt/ros/jazzy/opt/gz_math_vendor:/opt/ros/jazzy/opt/gz_utils_vendor:/opt/ros/jazzy/opt/gz_tools_vendor:/opt/ros/jazzy/opt/gz_ogre_next_vendor:/opt/ros/jazzy/opt/gz_dartsim_vendor:/opt/ros/jazzy/opt/gz_cmake_vendor:/home/kenji/Lakbay_Akbay_ros/install/pose_estimation:/home/kenji/Lakbay_Akbay_ros/install/arm_controller_switch:/home/kenji/ws_moveit/install/moveit_configs_utils:/opt/ros/jazzy DEBUGINFOD_URLS=https://debuginfod.ubuntu.com /usr/bin/cmake --build /home/kenji/Lakbay_Akbay_ros/build/robot_moveit_config -- -j12 -l12
[1.071s] Level 1:colcon.colcon_core.environment:create_environment_scripts_only(joint_state_topic_hardware_interface)
[1.071s] DEBUG:colcon.colcon_core.event_handler.log_command:Invoked command in '/home/kenji/Lakbay_Akbay_ros/build/joint_state_topic_hardware_interface' returned '0': CMAKE_PREFIX_PATH=${CMAKE_PREFIX_PATH}:/home/kenji/Lakbay_Akbay_ros/install/pose_estimation:/home/kenji/Lakbay_Akbay_ros/install/arm_controller_switch:/home/kenji/ws_moveit/install/moveit_configs_utils:/opt/ros/jazzy DEBUGINFOD_URLS=https://debuginfod.ubuntu.com /usr/bin/cmake --install /home/kenji/Lakbay_Akbay_ros/build/joint_state_topic_hardware_interface
[1.072s] Level 1:colcon.colcon_core.environment:checking '/home/kenji/Lakbay_Akbay_ros/install/joint_state_topic_hardware_interface' for CMake module files
[1.072s] Level 1:colcon.colcon_core.environment:checking '/home/kenji/Lakbay_Akbay_ros/install/joint_state_topic_hardware_interface' for CMake config files
[1.073s] Level 1:colcon.colcon_core.shell:create_environment_hook('joint_state_topic_hardware_interface', 'cmake_prefix_path')
[1.073s] INFO:colcon.colcon_core.shell:Creating environment hook '/home/kenji/Lakbay_Akbay_ros/install/joint_state_topic_hardware_interface/share/joint_state_topic_hardware_interface/hook/cmake_prefix_path.ps1'
[1.073s] INFO:colcon.colcon_core.shell:Creating environment descriptor '/home/kenji/Lakbay_Akbay_ros/install/joint_state_topic_hardware_interface/share/joint_state_topic_hardware_interface/hook/cmake_prefix_path.dsv'
[1.074s] INFO:colcon.colcon_core.shell:Creating environment hook '/home/kenji/Lakbay_Akbay_ros/install/joint_state_topic_hardware_interface/share/joint_state_topic_hardware_interface/hook/cmake_prefix_path.sh'
[1.074s] Level 1:colcon.colcon_core.environment:checking '/home/kenji/Lakbay_Akbay_ros/install/joint_state_topic_hardware_interface/lib'
[1.074s] Level 1:colcon.colcon_core.shell:create_environment_hook('joint_state_topic_hardware_interface', 'ld_library_path_lib')
[1.075s] INFO:colcon.colcon_core.shell:Creating environment hook '/home/kenji/Lakbay_Akbay_ros/install/joint_state_topic_hardware_interface/share/joint_state_topic_hardware_interface/hook/ld_library_path_lib.ps1'
[1.075s] INFO:colcon.colcon_core.shell:Creating environment descriptor '/home/kenji/Lakbay_Akbay_ros/install/joint_state_topic_hardware_interface/share/joint_state_topic_hardware_interface/hook/ld_library_path_lib.dsv'
[1.075s] INFO:colcon.colcon_core.shell:Creating environment hook '/home/kenji/Lakbay_Akbay_ros/install/joint_state_topic_hardware_interface/share/joint_state_topic_hardware_interface/hook/ld_library_path_lib.sh'
[1.076s] Level 1:colcon.colcon_core.environment:checking '/home/kenji/Lakbay_Akbay_ros/install/joint_state_topic_hardware_interface/bin'
[1.076s] Level 1:colcon.colcon_core.environment:checking '/home/kenji/Lakbay_Akbay_ros/install/joint_state_topic_hardware_interface/lib/pkgconfig/joint_state_topic_hardware_interface.pc'
[1.076s] Level 1:colcon.colcon_core.environment:checking '/home/kenji/Lakbay_Akbay_ros/install/joint_state_topic_hardware_interface/lib/python3.12/site-packages'
[1.076s] Level 1:colcon.colcon_core.environment:checking '/home/kenji/Lakbay_Akbay_ros/install/joint_state_topic_hardware_interface/bin'
[1.076s] INFO:colcon.colcon_core.shell:Creating package script '/home/kenji/Lakbay_Akbay_ros/install/joint_state_topic_hardware_interface/share/joint_state_topic_hardware_interface/package.ps1'
[1.077s] INFO:colcon.colcon_core.shell:Creating package descriptor '/home/kenji/Lakbay_Akbay_ros/install/joint_state_topic_hardware_interface/share/joint_state_topic_hardware_interface/package.dsv'
[1.077s] INFO:colcon.colcon_core.shell:Creating package script '/home/kenji/Lakbay_Akbay_ros/install/joint_state_topic_hardware_interface/share/joint_state_topic_hardware_interface/package.sh'
[1.077s] INFO:colcon.colcon_core.shell:Creating package script '/home/kenji/Lakbay_Akbay_ros/install/joint_state_topic_hardware_interface/share/joint_state_topic_hardware_interface/package.bash'
[1.078s] INFO:colcon.colcon_core.shell:Creating package script '/home/kenji/Lakbay_Akbay_ros/install/joint_state_topic_hardware_interface/share/joint_state_topic_hardware_interface/package.zsh'
[1.078s] Level 1:colcon.colcon_core.environment:create_file_with_runtime_dependencies(/home/kenji/Lakbay_Akbay_ros/install/joint_state_topic_hardware_interface/share/colcon-core/packages/joint_state_topic_hardware_interface)
[1.079s] Level 1:colcon.colcon_core.environment:create_environment_scripts_only(joint_state_topic_hardware_interface)
[1.079s] Level 1:colcon.colcon_core.environment:checking '/home/kenji/Lakbay_Akbay_ros/install/joint_state_topic_hardware_interface' for CMake module files
[1.079s] Level 1:colcon.colcon_core.environment:checking '/home/kenji/Lakbay_Akbay_ros/install/joint_state_topic_hardware_interface' for CMake config files
[1.079s] Level 1:colcon.colcon_core.shell:create_environment_hook('joint_state_topic_hardware_interface', 'cmake_prefix_path')
[1.079s] INFO:colcon.colcon_core.shell:Creating environment hook '/home/kenji/Lakbay_Akbay_ros/install/joint_state_topic_hardware_interface/share/joint_state_topic_hardware_interface/hook/cmake_prefix_path.ps1'
[1.080s] INFO:colcon.colcon_core.shell:Creating environment descriptor '/home/kenji/Lakbay_Akbay_ros/install/joint_state_topic_hardware_interface/share/joint_state_topic_hardware_interface/hook/cmake_prefix_path.dsv'
[1.080s] INFO:colcon.colcon_core.shell:Creating environment hook '/home/kenji/Lakbay_Akbay_ros/install/joint_state_topic_hardware_interface/share/joint_state_topic_hardware_interface/hook/cmake_prefix_path.sh'
[1.081s] Level 1:colcon.colcon_core.environment:checking '/home/kenji/Lakbay_Akbay_ros/install/joint_state_topic_hardware_interface/lib'
[1.081s] Level 1:colcon.colcon_core.shell:create_environment_hook('joint_state_topic_hardware_interface', 'ld_library_path_lib')
[1.081s] INFO:colcon.colcon_core.shell:Creating environment hook '/home/kenji/Lakbay_Akbay_ros/install/joint_state_topic_hardware_interface/share/joint_state_topic_hardware_interface/hook/ld_library_path_lib.ps1'
[1.081s] INFO:colcon.colcon_core.shell:Creating environment descriptor '/home/kenji/Lakbay_Akbay_ros/install/joint_state_topic_hardware_interface/share/joint_state_topic_hardware_interface/hook/ld_library_path_lib.dsv'
[1.082s] INFO:colcon.colcon_core.shell:Creating environment hook '/home/kenji/Lakbay_Akbay_ros/install/joint_state_topic_hardware_interface/share/joint_state_topic_hardware_interface/hook/ld_library_path_lib.sh'
[1.082s] Level 1:colcon.colcon_core.environment:checking '/home/kenji/Lakbay_Akbay_ros/install/joint_state_topic_hardware_interface/bin'
[1.082s] Level 1:colcon.colcon_core.environment:checking '/home/kenji/Lakbay_Akbay_ros/install/joint_state_topic_hardware_interface/lib/pkgconfig/joint_state_topic_hardware_interface.pc'
[1.082s] Level 1:colcon.colcon_core.environment:checking '/home/kenji/Lakbay_Akbay_ros/install/joint_state_topic_hardware_interface/lib/python3.12/site-packages'
[1.082s] Level 1:colcon.colcon_core.environment:checking '/home/kenji/Lakbay_Akbay_ros/install/joint_state_topic_hardware_interface/bin'
[1.083s] INFO:colcon.colcon_core.shell:Creating package script '/home/kenji/Lakbay_Akbay_ros/install/joint_state_topic_hardware_interface/share/joint_state_topic_hardware_interface/package.ps1'
[1.083s] INFO:colcon.colcon_core.shell:Creating package descriptor '/home/kenji/Lakbay_Akbay_ros/install/joint_state_topic_hardware_interface/share/joint_state_topic_hardware_interface/package.dsv'
[1.083s] INFO:colcon.colcon_core.shell:Creating package script '/home/kenji/Lakbay_Akbay_ros/install/joint_state_topic_hardware_interface/share/joint_state_topic_hardware_interface/package.sh'
[1.084s] INFO:colcon.colcon_core.shell:Creating package script '/home/kenji/Lakbay_Akbay_ros/install/joint_state_topic_hardware_interface/share/joint_state_topic_hardware_interface/package.bash'
[1.084s] INFO:colcon.colcon_core.shell:Creating package script '/home/kenji/Lakbay_Akbay_ros/install/joint_state_topic_hardware_interface/share/joint_state_topic_hardware_interface/package.zsh'
[1.084s] Level 1:colcon.colcon_core.environment:create_file_with_runtime_dependencies(/home/kenji/Lakbay_Akbay_ros/install/joint_state_topic_hardware_interface/share/colcon-core/packages/joint_state_topic_hardware_interface)
[1.102s] DEBUG:colcon.colcon_core.event_handler.log_command:Invoked command in '/home/kenji/Lakbay_Akbay_ros/build/robot_moveit_config' returned '0': CMAKE_PREFIX_PATH=/home/kenji/Lakbay_Akbay_ros/install/robot_description:/home/kenji/Lakbay_Akbay_ros/install/robot_moveit_config:/home/kenji/Lakbay_Akbay_ros/install/joint_state_topic_hardware_interface:/home/kenji/uros_ws/install/micro_ros_setup:/home/kenji/uros_ws/install/micro_ros_agent:/home/kenji/uros_ws/install/micro_ros_msgs:/home/kenji/ws_moveit/install/robotiq_hardware_tests:/home/kenji/ws_moveit/install/robotiq_driver:/home/kenji/ws_moveit/install/serial:/home/kenji/ws_moveit/install/moveit2_tutorials:/home/kenji/ws_moveit/install/moveit_visual_tools:/home/kenji/ws_moveit/install/rviz_visual_tools:/home/kenji/ws_moveit/install/moveit_task_constructor_demo:/home/kenji/ws_moveit/install/moveit_task_constructor_visualization:/home/kenji/ws_moveit/install/moveit_task_constructor_capabilities:/home/kenji/ws_moveit/install/moveit_task_constructor_core:/home/kenji/ws_moveit/install/rviz_marker_tools:/home/kenji/ws_moveit/install/kortex_bringup:/home/kenji/ws_moveit/install/kinova_gen3_lite_moveit_config:/home/kenji/ws_moveit/install/kinova_gen3_7dof_robotiq_2f_85_moveit_config:/home/kenji/ws_moveit/install/kinova_gen3_6dof_robotiq_2f_85_moveit_config:/home/kenji/ws_moveit/install/kortex_description:/home/kenji/ws_moveit/install/robotiq_description:/home/kenji/ws_moveit/install/robotiq_controllers:/home/kenji/ws_moveit/install/pilz_industrial_motion_planner_testutils:/home/kenji/ws_moveit/install/moveit_runtime:/home/kenji/ws_moveit/install/moveit:/home/kenji/ws_moveit/install/moveit_planners:/home/kenji/ws_moveit/install/pilz_industrial_motion_planner:/home/kenji/ws_moveit/install/moveit_task_constructor_msgs:/home/kenji/ws_moveit/install/moveit_ros_control_interface:/home/kenji/ws_moveit/install/moveit_plugins:/home/kenji/ws_moveit/install/moveit_simple_controller_manager:/home/kenji/ws_moveit/install/moveit_setup_assistant:/home/kenji/ws_moveit/install/moveit_setup_srdf_plugins:/home/kenji/ws_moveit/install/moveit_setup_core_plugins:/home/kenji/ws_moveit/install/moveit_setup_controllers:/home/kenji/ws_moveit/install/moveit_setup_app_plugins:/home/kenji/ws_moveit/install/moveit_setup_framework:/home/kenji/ws_moveit/install/moveit_servo:/home/kenji/ws_moveit/install/moveit_ros_trajectory_cache:/home/kenji/ws_moveit/install/moveit_ros:/home/kenji/ws_moveit/install/moveit_ros_visualization:/home/kenji/ws_moveit/install/moveit_py:/home/kenji/ws_moveit/install/moveit_hybrid_planning:/home/kenji/ws_moveit/install/moveit_ros_planning_interface:/home/kenji/ws_moveit/install/moveit_ros_benchmarks:/home/kenji/ws_moveit/install/moveit_ros_warehouse:/home/kenji/ws_moveit/install/moveit_ros_robot_interaction:/home/kenji/ws_moveit/install/moveit_ros_perception:/home/kenji/ws_moveit/install/moveit_resources_prbt_pg70_support:/home/kenji/ws_moveit/install/moveit_resources_prbt_moveit_config:/home/kenji/ws_moveit/install/moveit_ros_move_group:/home/kenji/ws_moveit/install/moveit_planners_ompl:/home/kenji/ws_moveit/install/moveit_kinematics:/home/kenji/ws_moveit/install/moveit_ros_planning:/home/kenji/ws_moveit/install/moveit_ros_occupancy_map_monitor:/home/kenji/ws_moveit/install/moveit_resources_prbt_support:/home/kenji/ws_moveit/install/moveit_resources_prbt_ikfast_manipulator_plugin:/home/kenji/ws_moveit/install/moveit_resources:/home/kenji/ws_moveit/install/moveit_resources_pr2_description:/home/kenji/ws_moveit/install/moveit_resources_panda_moveit_config:/home/kenji/ws_moveit/install/dual_arm_panda_moveit_config:/home/kenji/ws_moveit/install/moveit_resources_panda_description:/home/kenji/ws_moveit/install/moveit_resources_fanuc_moveit_config:/home/kenji/ws_moveit/install/moveit_resources_fanuc_description:/home/kenji/ws_moveit/install/moveit_planners_stomp:/home/kenji/ws_moveit/install/moveit_planners_chomp:/home/kenji/ws_moveit/install/chomp_motion_planner:/home/kenji/ws_moveit/install/moveit_core:/home/kenji/ws_moveit/install/moveit_msgs:/home/kenji/ws_moveit/install/moveit_common:/home/kenji/ws_moveit/install/kortex_driver:/home/kenji/ws_moveit/install/kortex_api:/opt/ros/jazzy/opt/gz_sim_vendor:/opt/ros/jazzy/opt/gz_sensors_vendor:/opt/ros/jazzy/opt/gz_physics_vendor:/opt/ros/jazzy/opt/sdformat_vendor:/opt/ros/jazzy/opt/gz_gui_vendor:/opt/ros/jazzy/opt/gz_transport_vendor:/opt/ros/jazzy/opt/gz_rendering_vendor:/opt/ros/jazzy/opt/gz_plugin_vendor:/opt/ros/jazzy/opt/gz_fuel_tools_vendor:/opt/ros/jazzy/opt/gz_msgs_vendor:/opt/ros/jazzy/opt/gz_common_vendor:/opt/ros/jazzy/opt/gz_math_vendor:/opt/ros/jazzy/opt/gz_utils_vendor:/opt/ros/jazzy/opt/gz_tools_vendor:/opt/ros/jazzy/opt/gz_ogre_next_vendor:/opt/ros/jazzy/opt/gz_dartsim_vendor:/opt/ros/jazzy/opt/gz_cmake_vendor:/home/kenji/Lakbay_Akbay_ros/install/pose_estimation:/home/kenji/Lakbay_Akbay_ros/install/arm_controller_switch:/home/kenji/ws_moveit/install/moveit_configs_utils:/opt/ros/jazzy DEBUGINFOD_URLS=https://debuginfod.ubuntu.com /usr/bin/cmake --build /home/kenji/Lakbay_Akbay_ros/build/robot_moveit_config -- -j12 -l12
[1.105s] DEBUG:colcon.colcon_core.event_handler.log_command:Invoking command in '/home/kenji/Lakbay_Akbay_ros/build/robot_moveit_config': CMAKE_PREFIX_PATH=/home/kenji/Lakbay_Akbay_ros/install/robot_description:/home/kenji/Lakbay_Akbay_ros/install/robot_moveit_config:/home/kenji/Lakbay_Akbay_ros/install/joint_state_topic_hardware_interface:/home/kenji/uros_ws/install/micro_ros_setup:/home/kenji/uros_ws/install/micro_ros_agent:/home/kenji/uros_ws/install/micro_ros_msgs:/home/kenji/ws_moveit/install/robotiq_hardware_tests:/home/kenji/ws_moveit/install/robotiq_driver:/home/kenji/ws_moveit/install/serial:/home/kenji/ws_moveit/install/moveit2_tutorials:/home/kenji/ws_moveit/install/moveit_visual_tools:/home/kenji/ws_moveit/install/rviz_visual_tools:/home/kenji/ws_moveit/install/moveit_task_constructor_demo:/home/kenji/ws_moveit/install/moveit_task_constructor_visualization:/home/kenji/ws_moveit/install/moveit_task_constructor_capabilities:/home/kenji/ws_moveit/install/moveit_task_constructor_core:/home/kenji/ws_moveit/install/rviz_marker_tools:/home/kenji/ws_moveit/install/kortex_bringup:/home/kenji/ws_moveit/install/kinova_gen3_lite_moveit_config:/home/kenji/ws_moveit/install/kinova_gen3_7dof_robotiq_2f_85_moveit_config:/home/kenji/ws_moveit/install/kinova_gen3_6dof_robotiq_2f_85_moveit_config:/home/kenji/ws_moveit/install/kortex_description:/home/kenji/ws_moveit/install/robotiq_description:/home/kenji/ws_moveit/install/robotiq_controllers:/home/kenji/ws_moveit/install/pilz_industrial_motion_planner_testutils:/home/kenji/ws_moveit/install/moveit_runtime:/home/kenji/ws_moveit/install/moveit:/home/kenji/ws_moveit/install/moveit_planners:/home/kenji/ws_moveit/install/pilz_industrial_motion_planner:/home/kenji/ws_moveit/install/moveit_task_constructor_msgs:/home/kenji/ws_moveit/install/moveit_ros_control_interface:/home/kenji/ws_moveit/install/moveit_plugins:/home/kenji/ws_moveit/install/moveit_simple_controller_manager:/home/kenji/ws_moveit/install/moveit_setup_assistant:/home/kenji/ws_moveit/install/moveit_setup_srdf_plugins:/home/kenji/ws_moveit/install/moveit_setup_core_plugins:/home/kenji/ws_moveit/install/moveit_setup_controllers:/home/kenji/ws_moveit/install/moveit_setup_app_plugins:/home/kenji/ws_moveit/install/moveit_setup_framework:/home/kenji/ws_moveit/install/moveit_servo:/home/kenji/ws_moveit/install/moveit_ros_trajectory_cache:/home/kenji/ws_moveit/install/moveit_ros:/home/kenji/ws_moveit/install/moveit_ros_visualization:/home/kenji/ws_moveit/install/moveit_py:/home/kenji/ws_moveit/install/moveit_hybrid_planning:/home/kenji/ws_moveit/install/moveit_ros_planning_interface:/home/kenji/ws_moveit/install/moveit_ros_benchmarks:/home/kenji/ws_moveit/install/moveit_ros_warehouse:/home/kenji/ws_moveit/install/moveit_ros_robot_interaction:/home/kenji/ws_moveit/install/moveit_ros_perception:/home/kenji/ws_moveit/install/moveit_resources_prbt_pg70_support:/home/kenji/ws_moveit/install/moveit_resources_prbt_moveit_config:/home/kenji/ws_moveit/install/moveit_ros_move_group:/home/kenji/ws_moveit/install/moveit_planners_ompl:/home/kenji/ws_moveit/install/moveit_kinematics:/home/kenji/ws_moveit/install/moveit_ros_planning:/home/kenji/ws_moveit/install/moveit_ros_occupancy_map_monitor:/home/kenji/ws_moveit/install/moveit_resources_prbt_support:/home/kenji/ws_moveit/install/moveit_resources_prbt_ikfast_manipulator_plugin:/home/kenji/ws_moveit/install/moveit_resources:/home/kenji/ws_moveit/install/moveit_resources_pr2_description:/home/kenji/ws_moveit/install/moveit_resources_panda_moveit_config:/home/kenji/ws_moveit/install/dual_arm_panda_moveit_config:/home/kenji/ws_moveit/install/moveit_resources_panda_description:/home/kenji/ws_moveit/install/moveit_resources_fanuc_moveit_config:/home/kenji/ws_moveit/install/moveit_resources_fanuc_description:/home/kenji/ws_moveit/install/moveit_planners_stomp:/home/kenji/ws_moveit/install/moveit_planners_chomp:/home/kenji/ws_moveit/install/chomp_motion_planner:/home/kenji/ws_moveit/install/moveit_core:/home/kenji/ws_moveit/install/moveit_msgs:/home/kenji/ws_moveit/install/moveit_common:/home/kenji/ws_moveit/install/kortex_driver:/home/kenji/ws_moveit/install/kortex_api:/opt/ros/jazzy/opt/gz_sim_vendor:/opt/ros/jazzy/opt/gz_sensors_vendor:/opt/ros/jazzy/opt/gz_physics_vendor:/opt/ros/jazzy/opt/sdformat_vendor:/opt/ros/jazzy/opt/gz_gui_vendor:/opt/ros/jazzy/opt/gz_transport_vendor:/opt/ros/jazzy/opt/gz_rendering_vendor:/opt/ros/jazzy/opt/gz_plugin_vendor:/opt/ros/jazzy/opt/gz_fuel_tools_vendor:/opt/ros/jazzy/opt/gz_msgs_vendor:/opt/ros/jazzy/opt/gz_common_vendor:/opt/ros/jazzy/opt/gz_math_vendor:/opt/ros/jazzy/opt/gz_utils_vendor:/opt/ros/jazzy/opt/gz_tools_vendor:/opt/ros/jazzy/opt/gz_ogre_next_vendor:/opt/ros/jazzy/opt/gz_dartsim_vendor:/opt/ros/jazzy/opt/gz_cmake_vendor:/home/kenji/Lakbay_Akbay_ros/install/pose_estimation:/home/kenji/Lakbay_Akbay_ros/install/arm_controller_switch:/home/kenji/ws_moveit/install/moveit_configs_utils:/opt/ros/jazzy DEBUGINFOD_URLS=https://debuginfod.ubuntu.com /usr/bin/cmake --install /home/kenji/Lakbay_Akbay_ros/build/robot_moveit_config
[1.142s] Level 1:colcon.colcon_core.environment:create_environment_scripts_only(robot_moveit_config)
[1.143s] Level 1:colcon.colcon_core.environment:checking '/home/kenji/Lakbay_Akbay_ros/install/robot_moveit_config' for CMake module files
[1.143s] DEBUG:colcon.colcon_core.event_handler.log_command:Invoked command in '/home/kenji/Lakbay_Akbay_ros/build/robot_moveit_config' returned '0': CMAKE_PREFIX_PATH=/home/kenji/Lakbay_Akbay_ros/install/robot_description:/home/kenji/Lakbay_Akbay_ros/install/robot_moveit_config:/home/kenji/Lakbay_Akbay_ros/install/joint_state_topic_hardware_interface:/home/kenji/uros_ws/install/micro_ros_setup:/home/kenji/uros_ws/install/micro_ros_agent:/home/kenji/uros_ws/install/micro_ros_msgs:/home/kenji/ws_moveit/install/robotiq_hardware_tests:/home/kenji/ws_moveit/install/robotiq_driver:/home/kenji/ws_moveit/install/serial:/home/kenji/ws_moveit/install/moveit2_tutorials:/home/kenji/ws_moveit/install/moveit_visual_tools:/home/kenji/ws_moveit/install/rviz_visual_tools:/home/kenji/ws_moveit/install/moveit_task_constructor_demo:/home/kenji/ws_moveit/install/moveit_task_constructor_visualization:/home/kenji/ws_moveit/install/moveit_task_constructor_capabilities:/home/kenji/ws_moveit/install/moveit_task_constructor_core:/home/kenji/ws_moveit/install/rviz_marker_tools:/home/kenji/ws_moveit/install/kortex_bringup:/home/kenji/ws_moveit/install/kinova_gen3_lite_moveit_config:/home/kenji/ws_moveit/install/kinova_gen3_7dof_robotiq_2f_85_moveit_config:/home/kenji/ws_moveit/install/kinova_gen3_6dof_robotiq_2f_85_moveit_config:/home/kenji/ws_moveit/install/kortex_description:/home/kenji/ws_moveit/install/robotiq_description:/home/kenji/ws_moveit/install/robotiq_controllers:/home/kenji/ws_moveit/install/pilz_industrial_motion_planner_testutils:/home/kenji/ws_moveit/install/moveit_runtime:/home/kenji/ws_moveit/install/moveit:/home/kenji/ws_moveit/install/moveit_planners:/home/kenji/ws_moveit/install/pilz_industrial_motion_planner:/home/kenji/ws_moveit/install/moveit_task_constructor_msgs:/home/kenji/ws_moveit/install/moveit_ros_control_interface:/home/kenji/ws_moveit/install/moveit_plugins:/home/kenji/ws_moveit/install/moveit_simple_controller_manager:/home/kenji/ws_moveit/install/moveit_setup_assistant:/home/kenji/ws_moveit/install/moveit_setup_srdf_plugins:/home/kenji/ws_moveit/install/moveit_setup_core_plugins:/home/kenji/ws_moveit/install/moveit_setup_controllers:/home/kenji/ws_moveit/install/moveit_setup_app_plugins:/home/kenji/ws_moveit/install/moveit_setup_framework:/home/kenji/ws_moveit/install/moveit_servo:/home/kenji/ws_moveit/install/moveit_ros_trajectory_cache:/home/kenji/ws_moveit/install/moveit_ros:/home/kenji/ws_moveit/install/moveit_ros_visualization:/home/kenji/ws_moveit/install/moveit_py:/home/kenji/ws_moveit/install/moveit_hybrid_planning:/home/kenji/ws_moveit/install/moveit_ros_planning_interface:/home/kenji/ws_moveit/install/moveit_ros_benchmarks:/home/kenji/ws_moveit/install/moveit_ros_warehouse:/home/kenji/ws_moveit/install/moveit_ros_robot_interaction:/home/kenji/ws_moveit/install/moveit_ros_perception:/home/kenji/ws_moveit/install/moveit_resources_prbt_pg70_support:/home/kenji/ws_moveit/install/moveit_resources_prbt_moveit_config:/home/kenji/ws_moveit/install/moveit_ros_move_group:/home/kenji/ws_moveit/install/moveit_planners_ompl:/home/kenji/ws_moveit/install/moveit_kinematics:/home/kenji/ws_moveit/install/moveit_ros_planning:/home/kenji/ws_moveit/install/moveit_ros_occupancy_map_monitor:/home/kenji/ws_moveit/install/moveit_resources_prbt_support:/home/kenji/ws_moveit/install/moveit_resources_prbt_ikfast_manipulator_plugin:/home/kenji/ws_moveit/install/moveit_resources:/home/kenji/ws_moveit/install/moveit_resources_pr2_description:/home/kenji/ws_moveit/install/moveit_resources_panda_moveit_config:/home/kenji/ws_moveit/install/dual_arm_panda_moveit_config:/home/kenji/ws_moveit/install/moveit_resources_panda_description:/home/kenji/ws_moveit/install/moveit_resources_fanuc_moveit_config:/home/kenji/ws_moveit/install/moveit_resources_fanuc_description:/home/kenji/ws_moveit/install/moveit_planners_stomp:/home/kenji/ws_moveit/install/moveit_planners_chomp:/home/kenji/ws_moveit/install/chomp_motion_planner:/home/kenji/ws_moveit/install/moveit_core:/home/kenji/ws_moveit/install/moveit_msgs:/home/kenji/ws_moveit/install/moveit_common:/home/kenji/ws_moveit/install/kortex_driver:/home/kenji/ws_moveit/install/kortex_api:/opt/ros/jazzy/opt/gz_sim_vendor:/opt/ros/jazzy/opt/gz_sensors_vendor:/opt/ros/jazzy/opt/gz_physics_vendor:/opt/ros/jazzy/opt/sdformat_vendor:/opt/ros/jazzy/opt/gz_gui_vendor:/opt/ros/jazzy/opt/gz_transport_vendor:/opt/ros/jazzy/opt/gz_rendering_vendor:/opt/ros/jazzy/opt/gz_plugin_vendor:/opt/ros/jazzy/opt/gz_fuel_tools_vendor:/opt/ros/jazzy/opt/gz_msgs_vendor:/opt/ros/jazzy/opt/gz_common_vendor:/opt/ros/jazzy/opt/gz_math_vendor:/opt/ros/jazzy/opt/gz_utils_vendor:/opt/ros/jazzy/opt/gz_tools_vendor:/opt/ros/jazzy/opt/gz_ogre_next_vendor:/opt/ros/jazzy/opt/gz_dartsim_vendor:/opt/ros/jazzy/opt/gz_cmake_vendor:/home/kenji/Lakbay_Akbay_ros/install/pose_estimation:/home/kenji/Lakbay_Akbay_ros/install/arm_controller_switch:/home/kenji/ws_moveit/install/moveit_configs_utils:/opt/ros/jazzy DEBUGINFOD_URLS=https://debuginfod.ubuntu.com /usr/bin/cmake --install /home/kenji/Lakbay_Akbay_ros/build/robot_moveit_config
[1.143s] Level 1:colcon.colcon_core.environment:checking '/home/kenji/Lakbay_Akbay_ros/install/robot_moveit_config' for CMake config files
[1.144s] Level 1:colcon.colcon_core.shell:create_environment_hook('robot_moveit_config', 'cmake_prefix_path')
[1.144s] INFO:colcon.colcon_core.shell:Creating environment hook '/home/kenji/Lakbay_Akbay_ros/install/robot_moveit_config/share/robot_moveit_config/hook/cmake_prefix_path.ps1'
[1.144s] INFO:colcon.colcon_core.shell:Creating environment descriptor '/home/kenji/Lakbay_Akbay_ros/install/robot_moveit_config/share/robot_moveit_config/hook/cmake_prefix_path.dsv'
[1.145s] INFO:colcon.colcon_core.shell:Creating environment hook '/home/kenji/Lakbay_Akbay_ros/install/robot_moveit_config/share/robot_moveit_config/hook/cmake_prefix_path.sh'
[1.145s] Level 1:colcon.colcon_core.environment:checking '/home/kenji/Lakbay_Akbay_ros/install/robot_moveit_config/bin'
[1.145s] Level 1:colcon.colcon_core.environment:checking '/home/kenji/Lakbay_Akbay_ros/install/robot_moveit_config/lib/pkgconfig/robot_moveit_config.pc'
[1.145s] Level 1:colcon.colcon_core.environment:checking '/home/kenji/Lakbay_Akbay_ros/install/robot_moveit_config/lib/python3.12/site-packages'
[1.146s] Level 1:colcon.colcon_core.environment:checking '/home/kenji/Lakbay_Akbay_ros/install/robot_moveit_config/bin'
[1.146s] INFO:colcon.colcon_core.shell:Creating package script '/home/kenji/Lakbay_Akbay_ros/install/robot_moveit_config/share/robot_moveit_config/package.ps1'
[1.146s] INFO:colcon.colcon_core.shell:Creating package descriptor '/home/kenji/Lakbay_Akbay_ros/install/robot_moveit_config/share/robot_moveit_config/package.dsv'
[1.146s] INFO:colcon.colcon_core.shell:Creating package script '/home/kenji/Lakbay_Akbay_ros/install/robot_moveit_config/share/robot_moveit_config/package.sh'
[1.147s] INFO:colcon.colcon_core.shell:Creating package script '/home/kenji/Lakbay_Akbay_ros/install/robot_moveit_config/share/robot_moveit_config/package.bash'
[1.147s] INFO:colcon.colcon_core.shell:Creating package script '/home/kenji/Lakbay_Akbay_ros/install/robot_moveit_config/share/robot_moveit_config/package.zsh'
[1.148s] Level 1:colcon.colcon_core.environment:create_file_with_runtime_dependencies(/home/kenji/Lakbay_Akbay_ros/install/robot_moveit_config/share/colcon-core/packages/robot_moveit_config)
[1.148s] Level 1:colcon.colcon_core.environment:create_environment_scripts_only(robot_moveit_config)
[1.148s] Level 1:colcon.colcon_core.environment:checking '/home/kenji/Lakbay_Akbay_ros/install/robot_moveit_config' for CMake module files
[1.149s] Level 1:colcon.colcon_core.environment:checking '/home/kenji/Lakbay_Akbay_ros/install/robot_moveit_config' for CMake config files
[1.149s] Level 1:colcon.colcon_core.shell:create_environment_hook('robot_moveit_config', 'cmake_prefix_path')
[1.149s] INFO:colcon.colcon_core.shell:Creating environment hook '/home/kenji/Lakbay_Akbay_ros/install/robot_moveit_config/share/robot_moveit_config/hook/cmake_prefix_path.ps1'
[1.150s] INFO:colcon.colcon_core.shell:Creating environment descriptor '/home/kenji/Lakbay_Akbay_ros/install/robot_moveit_config/share/robot_moveit_config/hook/cmake_prefix_path.dsv'
[1.150s] INFO:colcon.colcon_core.shell:Creating environment hook '/home/kenji/Lakbay_Akbay_ros/install/robot_moveit_config/share/robot_moveit_config/hook/cmake_prefix_path.sh'
[1.150s] Level 1:colcon.colcon_core.environment:checking '/home/kenji/Lakbay_Akbay_ros/install/robot_moveit_config/bin'
[1.151s] Level 1:colcon.colcon_core.environment:checking '/home/kenji/Lakbay_Akbay_ros/install/robot_moveit_config/lib/pkgconfig/robot_moveit_config.pc'
[1.151s] Level 1:colcon.colcon_core.environment:checking '/home/kenji/Lakbay_Akbay_ros/install/robot_moveit_config/lib/python3.12/site-packages'
[1.151s] Level 1:colcon.colcon_core.environment:checking '/home/kenji/Lakbay_Akbay_ros/install/robot_moveit_config/bin'
[1.151s] INFO:colcon.colcon_core.shell:Creating package script '/home/kenji/Lakbay_Akbay_ros/install/robot_moveit_config/share/robot_moveit_config/package.ps1'
[1.152s] INFO:colcon.colcon_core.shell:Creating package descriptor '/home/kenji/Lakbay_Akbay_ros/install/robot_moveit_config/share/robot_moveit_config/package.dsv'
[1.152s] INFO:colcon.colcon_core.shell:Creating package script '/home/kenji/Lakbay_Akbay_ros/install/robot_moveit_config/share/robot_moveit_config/package.sh'
[1.153s] INFO:colcon.colcon_core.shell:Creating package script '/home/kenji/Lakbay_Akbay_ros/install/robot_moveit_config/share/robot_moveit_config/package.bash'
[1.153s] INFO:colcon.colcon_core.shell:Creating package script '/home/kenji/Lakbay_Akbay_ros/install/robot_moveit_config/share/robot_moveit_config/package.zsh'
[1.153s] Level 1:colcon.colcon_core.environment:create_file_with_runtime_dependencies(/home/kenji/Lakbay_Akbay_ros/install/robot_moveit_config/share/colcon-core/packages/robot_moveit_config)
[1.993s] DEBUG:colcon.colcon_core.event_handler.log_command:Invoking command in '/home/kenji/Lakbay_Akbay_ros/build/pose_estimation': DEBUGINFOD_URLS=https://debuginfod.ubuntu.com PYTHONPATH=/home/kenji/Lakbay_Akbay_ros/build/pose_estimation/prefix_override:/usr/lib/python3/dist-packages/colcon_core/task/python/colcon_distutils_commands:/home/kenji/Lakbay_Akbay_ros/install/pose_estimation/lib/python3.12/site-packages:${PYTHONPATH} /usr/bin/python3 -W ignore:setup.py install is deprecated -W ignore:easy_install command is deprecated setup.py develop --editable --build-directory /home/kenji/Lakbay_Akbay_ros/build/pose_estimation/build --no-deps symlink_data
[1.995s] DEBUG:colcon.colcon_core.event_handler.log_command:Invoking command in '/home/kenji/Lakbay_Akbay_ros/build/arm_controller_switch': DEBUGINFOD_URLS=https://debuginfod.ubuntu.com PYTHONPATH=/home/kenji/Lakbay_Akbay_ros/build/arm_controller_switch/prefix_override:/usr/lib/python3/dist-packages/colcon_core/task/python/colcon_distutils_commands:/home/kenji/Lakbay_Akbay_ros/install/arm_controller_switch/lib/python3.12/site-packages:${PYTHONPATH} /usr/bin/python3 -W ignore:setup.py install is deprecated -W ignore:easy_install command is deprecated setup.py develop --editable --build-directory /home/kenji/Lakbay_Akbay_ros/build/arm_controller_switch/build --no-deps symlink_data
[2.600s] Level 1:colcon.colcon_core.shell:create_environment_hook('pose_estimation', 'pythonpath_develop')
[2.600s] DEBUG:colcon.colcon_core.event_handler.log_command:Invoked command in '/home/kenji/Lakbay_Akbay_ros/build/pose_estimation' returned '0': DEBUGINFOD_URLS=https://debuginfod.ubuntu.com PYTHONPATH=/home/kenji/Lakbay_Akbay_ros/build/pose_estimation/prefix_override:/usr/lib/python3/dist-packages/colcon_core/task/python/colcon_distutils_commands:/home/kenji/Lakbay_Akbay_ros/install/pose_estimation/lib/python3.12/site-packages:${PYTHONPATH} /usr/bin/python3 -W ignore:setup.py install is deprecated -W ignore:easy_install command is deprecated setup.py develop --editable --build-directory /home/kenji/Lakbay_Akbay_ros/build/pose_estimation/build --no-deps symlink_data
[2.601s] INFO:colcon.colcon_core.shell:Creating environment hook '/home/kenji/Lakbay_Akbay_ros/build/pose_estimation/share/pose_estimation/hook/pythonpath_develop.ps1'
[2.601s] INFO:colcon.colcon_core.shell:Creating environment descriptor '/home/kenji/Lakbay_Akbay_ros/build/pose_estimation/share/pose_estimation/hook/pythonpath_develop.dsv'
[2.602s] INFO:colcon.colcon_core.shell:Creating environment hook '/home/kenji/Lakbay_Akbay_ros/build/pose_estimation/share/pose_estimation/hook/pythonpath_develop.sh'
[2.602s] Level 1:colcon.colcon_core.environment:checking '/home/kenji/Lakbay_Akbay_ros/install/pose_estimation' for CMake module files
[2.603s] Level 1:colcon.colcon_core.environment:checking '/home/kenji/Lakbay_Akbay_ros/install/pose_estimation' for CMake config files
[2.604s] Level 1:colcon.colcon_core.environment:checking '/home/kenji/Lakbay_Akbay_ros/install/pose_estimation/lib'
[2.604s] Level 1:colcon.colcon_core.environment:checking '/home/kenji/Lakbay_Akbay_ros/install/pose_estimation/bin'
[2.604s] Level 1:colcon.colcon_core.environment:checking '/home/kenji/Lakbay_Akbay_ros/install/pose_estimation/lib/pkgconfig/pose_estimation.pc'
[2.604s] Level 1:colcon.colcon_core.environment:checking '/home/kenji/Lakbay_Akbay_ros/install/pose_estimation/lib/python3.12/site-packages'
[2.604s] Level 1:colcon.colcon_core.shell:create_environment_hook('pose_estimation', 'pythonpath')
[2.604s] INFO:colcon.colcon_core.shell:Creating environment hook '/home/kenji/Lakbay_Akbay_ros/install/pose_estimation/share/pose_estimation/hook/pythonpath.ps1'
[2.605s] INFO:colcon.colcon_core.shell:Creating environment descriptor '/home/kenji/Lakbay_Akbay_ros/install/pose_estimation/share/pose_estimation/hook/pythonpath.dsv'
[2.605s] INFO:colcon.colcon_core.shell:Creating environment hook '/home/kenji/Lakbay_Akbay_ros/install/pose_estimation/share/pose_estimation/hook/pythonpath.sh'
[2.605s] Level 1:colcon.colcon_core.environment:checking '/home/kenji/Lakbay_Akbay_ros/install/pose_estimation/bin'
[2.605s] Level 1:colcon.colcon_core.environment:create_environment_scripts_only(pose_estimation)
[2.606s] INFO:colcon.colcon_core.shell:Creating package script '/home/kenji/Lakbay_Akbay_ros/install/pose_estimation/share/pose_estimation/package.ps1'
[2.606s] INFO:colcon.colcon_core.shell:Creating package descriptor '/home/kenji/Lakbay_Akbay_ros/install/pose_estimation/share/pose_estimation/package.dsv'
[2.606s] INFO:colcon.colcon_core.shell:Creating package script '/home/kenji/Lakbay_Akbay_ros/install/pose_estimation/share/pose_estimation/package.sh'
[2.607s] INFO:colcon.colcon_core.shell:Creating package script '/home/kenji/Lakbay_Akbay_ros/install/pose_estimation/share/pose_estimation/package.bash'
[2.607s] INFO:colcon.colcon_core.shell:Creating package script '/home/kenji/Lakbay_Akbay_ros/install/pose_estimation/share/pose_estimation/package.zsh'
[2.607s] Level 1:colcon.colcon_core.environment:create_file_with_runtime_dependencies(/home/kenji/Lakbay_Akbay_ros/install/pose_estimation/share/colcon-core/packages/pose_estimation)
[2.631s] Level 1:colcon.colcon_core.shell:create_environment_hook('arm_controller_switch', 'pythonpath_develop')
[2.631s] INFO:colcon.colcon_core.shell:Creating environment hook '/home/kenji/Lakbay_Akbay_ros/build/arm_controller_switch/share/arm_controller_switch/hook/pythonpath_develop.ps1'
[2.631s] DEBUG:colcon.colcon_core.event_handler.log_command:Invoked command in '/home/kenji/Lakbay_Akbay_ros/build/arm_controller_switch' returned '0': DEBUGINFOD_URLS=https://debuginfod.ubuntu.com PYTHONPATH=/home/kenji/Lakbay_Akbay_ros/build/arm_controller_switch/prefix_override:/usr/lib/python3/dist-packages/colcon_core/task/python/colcon_distutils_commands:/home/kenji/Lakbay_Akbay_ros/install/arm_controller_switch/lib/python3.12/site-packages:${PYTHONPATH} /usr/bin/python3 -W ignore:setup.py install is deprecated -W ignore:easy_install command is deprecated setup.py develop --editable --build-directory /home/kenji/Lakbay_Akbay_ros/build/arm_controller_switch/build --no-deps symlink_data
[2.632s] INFO:colcon.colcon_core.shell:Creating environment descriptor '/home/kenji/Lakbay_Akbay_ros/build/arm_controller_switch/share/arm_controller_switch/hook/pythonpath_develop.dsv'
[2.632s] INFO:colcon.colcon_core.shell:Creating environment hook '/home/kenji/Lakbay_Akbay_ros/build/arm_controller_switch/share/arm_controller_switch/hook/pythonpath_develop.sh'
[2.632s] Level 1:colcon.colcon_core.environment:checking '/home/kenji/Lakbay_Akbay_ros/install/arm_controller_switch' for CMake module files
[2.633s] Level 1:colcon.colcon_core.environment:checking '/home/kenji/Lakbay_Akbay_ros/install/arm_controller_switch' for CMake config files
[2.633s] Level 1:colcon.colcon_core.environment:checking '/home/kenji/Lakbay_Akbay_ros/install/arm_controller_switch/lib'
[2.633s] Level 1:colcon.colcon_core.environment:checking '/home/kenji/Lakbay_Akbay_ros/install/arm_controller_switch/bin'
[2.633s] Level 1:colcon.colcon_core.environment:checking '/home/kenji/Lakbay_Akbay_ros/install/arm_controller_switch/lib/pkgconfig/arm_controller_switch.pc'
[2.633s] Level 1:colcon.colcon_core.environment:checking '/home/kenji/Lakbay_Akbay_ros/install/arm_controller_switch/lib/python3.12/site-packages'
[2.633s] Level 1:colcon.colcon_core.shell:create_environment_hook('arm_controller_switch', 'pythonpath')
[2.634s] INFO:colcon.colcon_core.shell:Creating environment hook '/home/kenji/Lakbay_Akbay_ros/install/arm_controller_switch/share/arm_controller_switch/hook/pythonpath.ps1'
[2.634s] INFO:colcon.colcon_core.shell:Creating environment descriptor '/home/kenji/Lakbay_Akbay_ros/install/arm_controller_switch/share/arm_controller_switch/hook/pythonpath.dsv'
[2.634s] INFO:colcon.colcon_core.shell:Creating environment hook '/home/kenji/Lakbay_Akbay_ros/install/arm_controller_switch/share/arm_controller_switch/hook/pythonpath.sh'
[2.635s] Level 1:colcon.colcon_core.environment:checking '/home/kenji/Lakbay_Akbay_ros/install/arm_controller_switch/bin'
[2.635s] Level 1:colcon.colcon_core.environment:create_environment_scripts_only(arm_controller_switch)
[2.635s] INFO:colcon.colcon_core.shell:Creating package script '/home/kenji/Lakbay_Akbay_ros/install/arm_controller_switch/share/arm_controller_switch/package.ps1'
[2.635s] INFO:colcon.colcon_core.shell:Creating package descriptor '/home/kenji/Lakbay_Akbay_ros/install/arm_controller_switch/share/arm_controller_switch/package.dsv'
[2.636s] INFO:colcon.colcon_core.shell:Creating package script '/home/kenji/Lakbay_Akbay_ros/install/arm_controller_switch/share/arm_controller_switch/package.sh'
[2.636s] INFO:colcon.colcon_core.shell:Creating package script '/home/kenji/Lakbay_Akbay_ros/install/arm_controller_switch/share/arm_controller_switch/package.bash'
[2.636s] INFO:colcon.colcon_core.shell:Creating package script '/home/kenji/Lakbay_Akbay_ros/install/arm_controller_switch/share/arm_controller_switch/package.zsh'
[2.637s] Level 1:colcon.colcon_core.environment:create_file_with_runtime_dependencies(/home/kenji/Lakbay_Akbay_ros/install/arm_controller_switch/share/colcon-core/packages/arm_controller_switch)
[2.637s] DEBUG:colcon.colcon_parallel_executor.executor.parallel:closing loop
[2.637s] DEBUG:colcon.colcon_parallel_executor.executor.parallel:loop closed
[2.637s] DEBUG:colcon.colcon_parallel_executor.executor.parallel:run_until_complete finished with '0'
[2.637s] DEBUG:colcon.colcon_core.event_reactor:joining thread
[2.645s] INFO:colcon.colcon_core.plugin_system:Skipping extension 'colcon_notification.desktop_notification.terminal_notifier': Not used on non-Darwin systems
[2.645s] INFO:colcon.colcon_core.plugin_system:Skipping extension 'colcon_notification.desktop_notification.win32': Not used on non-Windows systems
[2.645s] INFO:colcon.colcon_notification.desktop_notification:Sending desktop notification using 'notify2'
[2.657s] DEBUG:colcon.colcon_core.event_reactor:joined thread
[2.657s] INFO:colcon.colcon_core.shell:Creating prefix script '/home/kenji/Lakbay_Akbay_ros/install/local_setup.ps1'
[2.658s] INFO:colcon.colcon_core.shell:Creating prefix util module '/home/kenji/Lakbay_Akbay_ros/install/_local_setup_util_ps1.py'
[2.660s] INFO:colcon.colcon_core.shell:Creating prefix chain script '/home/kenji/Lakbay_Akbay_ros/install/setup.ps1'
[2.665s] INFO:colcon.colcon_core.shell:Creating prefix script '/home/kenji/Lakbay_Akbay_ros/install/local_setup.sh'
[2.666s] INFO:colcon.colcon_core.shell:Creating prefix util module '/home/kenji/Lakbay_Akbay_ros/install/_local_setup_util_sh.py'
[2.667s] INFO:colcon.colcon_core.shell:Creating prefix chain script '/home/kenji/Lakbay_Akbay_ros/install/setup.sh'
[2.671s] INFO:colcon.colcon_core.shell:Creating prefix script '/home/kenji/Lakbay_Akbay_ros/install/local_setup.bash'
[2.672s] INFO:colcon.colcon_core.shell:Creating prefix chain script '/home/kenji/Lakbay_Akbay_ros/install/setup.bash'
[2.676s] INFO:colcon.colcon_core.shell:Creating prefix script '/home/kenji/Lakbay_Akbay_ros/install/local_setup.zsh'
[2.677s] INFO:colcon.colcon_core.shell:Creating prefix chain script '/home/kenji/Lakbay_Akbay_ros/install/setup.zsh'
