[0.047s] Invoking command in '/home/kenji/Lakbay_Akbay_ros/build/robot_description': CMAKE_PREFIX_PATH=${CMAKE_PREFIX_PATH}:/home/kenji/Lakbay_Akbay_ros/install/pose_estimation:/home/kenji/Lakbay_Akbay_ros/install/arm_controller_switch:/home/kenji/ws_moveit/install/moveit_configs_utils:/opt/ros/jazzy DEBUGINFOD_URLS=https://debuginfod.ubuntu.com /usr/bin/cmake --build /home/kenji/Lakbay_Akbay_ros/build/robot_description -- -j12 -l12
[0.263s] Invoked command in '/home/kenji/Lakbay_Akbay_ros/build/robot_description' returned '0': CMAKE_PREFIX_PATH=${CMAKE_PREFIX_PATH}:/home/kenji/Lakbay_Akbay_ros/install/pose_estimation:/home/kenji/Lakbay_Akbay_ros/install/arm_controller_switch:/home/kenji/ws_moveit/install/moveit_configs_utils:/opt/ros/jazzy DEBUGINFOD_URLS=https://debuginfod.ubuntu.com /usr/bin/cmake --build /home/kenji/Lakbay_Akbay_ros/build/robot_description -- -j12 -l12
[0.283s] Invoking command in '/home/kenji/Lakbay_Akbay_ros/build/robot_description': CMAKE_PREFIX_PATH=${CMAKE_PREFIX_PATH}:/home/kenji/Lakbay_Akbay_ros/install/pose_estimation:/home/kenji/Lakbay_Akbay_ros/install/arm_controller_switch:/home/kenji/ws_moveit/install/moveit_configs_utils:/opt/ros/jazzy DEBUGINFOD_URLS=https://debuginfod.ubuntu.com /usr/bin/cmake --install /home/kenji/Lakbay_Akbay_ros/build/robot_description
[0.497s] -- Install configuration: ""
[0.497s] -- Execute custom install script
[0.497s] -- Up-to-date symlink: /home/kenji/Lakbay_Akbay_ros/install/robot_description/share/robot_description/urdf/robot_arm.urdf
[0.497s] -- Up-to-date symlink: /home/kenji/Lakbay_Akbay_ros/install/robot_description/share/robot_description/meshes/base_link.STL
[0.497s] -- Up-to-date symlink: /home/kenji/Lakbay_Akbay_ros/install/robot_description/share/robot_description/meshes/link1.STL
[0.497s] -- Up-to-date symlink: /home/kenji/Lakbay_Akbay_ros/install/robot_description/share/robot_description/meshes/link2.STL
[0.497s] -- Up-to-date symlink: /home/kenji/Lakbay_Akbay_ros/install/robot_description/share/robot_description/meshes/link3.STL
[0.497s] -- Up-to-date symlink: /home/kenji/Lakbay_Akbay_ros/install/robot_description/share/robot_description/meshes/link4.STL
[0.497s] -- Up-to-date symlink: /home/kenji/Lakbay_Akbay_ros/install/robot_description/share/robot_description/meshes/link5.STL
[0.498s] -- Up-to-date symlink: /home/kenji/Lakbay_Akbay_ros/install/robot_description/share/robot_description/meshes/link6.STL
[0.498s] -- Up-to-date symlink: /home/kenji/Lakbay_Akbay_ros/install/robot_description/share/robot_description/meshes/tool.STL
[0.498s] -- Up-to-date symlink: /home/kenji/Lakbay_Akbay_ros/install/robot_description/share/robot_description/launch/display.launch.py
[0.498s] -- Up-to-date symlink: /home/kenji/Lakbay_Akbay_ros/install/robot_description/share/robot_description/config/config.rviz
[0.498s] -- Up-to-date symlink: /home/kenji/Lakbay_Akbay_ros/install/robot_description/share/ament_index/resource_index/package_run_dependencies/robot_description
[0.498s] -- Up-to-date symlink: /home/kenji/Lakbay_Akbay_ros/install/robot_description/share/ament_index/resource_index/parent_prefix_path/robot_description
[0.498s] -- Up-to-date symlink: /home/kenji/Lakbay_Akbay_ros/install/robot_description/share/robot_description/environment/ament_prefix_path.sh
[0.498s] -- Up-to-date symlink: /home/kenji/Lakbay_Akbay_ros/install/robot_description/share/robot_description/environment/ament_prefix_path.dsv
[0.498s] -- Up-to-date symlink: /home/kenji/Lakbay_Akbay_ros/install/robot_description/share/robot_description/environment/path.sh
[0.498s] -- Up-to-date symlink: /home/kenji/Lakbay_Akbay_ros/install/robot_description/share/robot_description/environment/path.dsv
[0.498s] -- Up-to-date symlink: /home/kenji/Lakbay_Akbay_ros/install/robot_description/share/robot_description/local_setup.bash
[0.498s] -- Up-to-date symlink: /home/kenji/Lakbay_Akbay_ros/install/robot_description/share/robot_description/local_setup.sh
[0.498s] -- Up-to-date symlink: /home/kenji/Lakbay_Akbay_ros/install/robot_description/share/robot_description/local_setup.zsh
[0.498s] -- Up-to-date symlink: /home/kenji/Lakbay_Akbay_ros/install/robot_description/share/robot_description/local_setup.dsv
[0.499s] -- Symlinking: /home/kenji/Lakbay_Akbay_ros/install/robot_description/share/robot_description/package.dsv
[0.499s] -- Up-to-date symlink: /home/kenji/Lakbay_Akbay_ros/install/robot_description/share/ament_index/resource_index/packages/robot_description
[0.499s] -- Up-to-date symlink: /home/kenji/Lakbay_Akbay_ros/install/robot_description/share/robot_description/cmake/robot_descriptionConfig.cmake
[0.499s] -- Up-to-date symlink: /home/kenji/Lakbay_Akbay_ros/install/robot_description/share/robot_description/cmake/robot_descriptionConfig-version.cmake
[0.499s] -- Up-to-date symlink: /home/kenji/Lakbay_Akbay_ros/install/robot_description/share/robot_description/package.xml
[0.502s] Invoked command in '/home/kenji/Lakbay_Akbay_ros/build/robot_description' returned '0': CMAKE_PREFIX_PATH=${CMAKE_PREFIX_PATH}:/home/kenji/Lakbay_Akbay_ros/install/pose_estimation:/home/kenji/Lakbay_Akbay_ros/install/arm_controller_switch:/home/kenji/ws_moveit/install/moveit_configs_utils:/opt/ros/jazzy DEBUGINFOD_URLS=https://debuginfod.ubuntu.com /usr/bin/cmake --install /home/kenji/Lakbay_Akbay_ros/build/robot_description
