[3.429s] Invoking command in '/home/kenji/Lakbay_Akbay_ros/build/usb_camera': DEBUGINFOD_URLS=https://debuginfod.ubuntu.com PYTHONPATH=/home/kenji/Lakbay_Akbay_ros/build/usb_camera/prefix_override:/usr/lib/python3/dist-packages/colcon_core/task/python/colcon_distutils_commands:/home/kenji/Lakbay_Akbay_ros/install/usb_camera/lib/python3.12/site-packages:${PYTHONPATH} /usr/bin/python3 -W ignore:setup.py install is deprecated -W ignore:easy_install command is deprecated setup.py develop --editable --build-directory /home/kenji/Lakbay_Akbay_ros/build/usb_camera/build --no-deps symlink_data
[4.523s] running develop
[6.250s] running egg_info
[6.254s] creating usb_camera.egg-info
[6.439s] writing usb_camera.egg-info/PKG-INFO
[6.439s] writing dependency_links to usb_camera.egg-info/dependency_links.txt
[6.439s] writing entry points to usb_camera.egg-info/entry_points.txt
[6.440s] writing requirements to usb_camera.egg-info/requires.txt
[6.440s] writing top-level names to usb_camera.egg-info/top_level.txt
[6.440s] writing manifest file 'usb_camera.egg-info/SOURCES.txt'
[6.759s] reading manifest file 'usb_camera.egg-info/SOURCES.txt'
[6.759s] writing manifest file 'usb_camera.egg-info/SOURCES.txt'
[6.994s] running build_ext
[6.996s] Creating /home/kenji/Lakbay_Akbay_ros/install/usb_camera/lib/python3.12/site-packages/usb-camera.egg-link (link to .)
[6.999s] Installing usb_camera script to /home/kenji/Lakbay_Akbay_ros/install/usb_camera/lib/usb_camera
[7.007s] 
[7.007s] Installed /home/kenji/Lakbay_Akbay_ros/build/usb_camera
[7.008s] running symlink_data
[7.008s] creating /home/kenji/Lakbay_Akbay_ros/install/usb_camera/share/ament_index
[7.008s] creating /home/kenji/Lakbay_Akbay_ros/install/usb_camera/share/ament_index/resource_index
[7.008s] creating /home/kenji/Lakbay_Akbay_ros/install/usb_camera/share/ament_index/resource_index/packages
[7.009s] symbolically linking /home/kenji/Lakbay_Akbay_ros/build/usb_camera/resource/usb_camera -> /home/kenji/Lakbay_Akbay_ros/install/usb_camera/share/ament_index/resource_index/packages
[7.009s] symbolically linking /home/kenji/Lakbay_Akbay_ros/build/usb_camera/package.xml -> /home/kenji/Lakbay_Akbay_ros/install/usb_camera/share/usb_camera
[7.220s] Invoked command in '/home/kenji/Lakbay_Akbay_ros/build/usb_camera' returned '0': DEBUGINFOD_URLS=https://debuginfod.ubuntu.com PYTHONPATH=/home/kenji/Lakbay_Akbay_ros/build/usb_camera/prefix_override:/usr/lib/python3/dist-packages/colcon_core/task/python/colcon_distutils_commands:/home/kenji/Lakbay_Akbay_ros/install/usb_camera/lib/python3.12/site-packages:${PYTHONPATH} /usr/bin/python3 -W ignore:setup.py install is deprecated -W ignore:easy_install command is deprecated setup.py develop --editable --build-directory /home/kenji/Lakbay_Akbay_ros/build/usb_camera/build --no-deps symlink_data
