[0.099s] Invoking command in '/home/kenji/Lakbay_Akbay_ros/build/robot_description': CMAKE_PREFIX_PATH=${CMAKE_PREFIX_PATH}:/home/kenji/ros2_ws/install/usb_camera:/home/kenji/ros2_ws/install/telemetry_gui:/home/kenji/ros2_ws/install/simple_gui:/home/kenji/ws_moveit/install/moveit_configs_utils:/opt/ros/jazzy DEBUGINFOD_URLS=https://debuginfod.ubuntu.com /usr/bin/cmake /home/kenji/Lakbay_Akbay_ros/src/robot_description -DAMENT_CMAKE_SYMLINK_INSTALL=1 -DCMAKE_INSTALL_PREFIX=/home/kenji/Lakbay_Akbay_ros/install/robot_description
[0.699s] -- The C compiler identification is GNU 13.3.0
[0.700s] -- The CXX compiler identification is GNU 13.3.0
[0.717s] -- Detecting C compiler ABI info
[0.973s] -- Detecting C compiler ABI info - done
[1.001s] -- Check for working C compiler: /usr/bin/cc - skipped
[1.002s] -- Detecting C compile features
[1.003s] -- Detecting C compile features - done
[1.029s] -- Detecting CXX compiler ABI info
[1.295s] -- Detecting CXX compiler ABI info - done
[1.332s] -- Check for working CXX compiler: /usr/bin/c++ - skipped
[1.333s] -- Detecting CXX compile features
[1.334s] -- Detecting CXX compile features - done
[1.373s] -- Found ament_cmake: 2.5.5 (/opt/ros/jazzy/share/ament_cmake/cmake)
[2.073s] -- Found Python3: /usr/bin/python3 (found version "3.12.3") found components: Interpreter 
[2.317s] -- Override CMake install command with custom implementation using symlinks instead of copying resources
[2.670s] -- Found ament_lint_auto: 0.17.4 (/opt/ros/jazzy/share/ament_lint_auto/cmake)
[3.168s] -- Added test 'flake8' to check Python code syntax and style conventions
[3.168s] -- Configured 'flake8' exclude dirs and/or files: 
[3.177s] -- Added test 'lint_cmake' to check CMake code style
[3.183s] -- Added test 'pep257' to check Python code against some of the docstring style conventions in PEP 257
[3.191s] -- Added test 'xmllint' to check XML markup files
[3.206s] -- Configuring done (3.0s)
[3.214s] -- Generating done (0.0s)
[3.223s] -- Build files have been written to: /home/kenji/Lakbay_Akbay_ros/build/robot_description
[3.247s] Invoked command in '/home/kenji/Lakbay_Akbay_ros/build/robot_description' returned '0': CMAKE_PREFIX_PATH=${CMAKE_PREFIX_PATH}:/home/kenji/ros2_ws/install/usb_camera:/home/kenji/ros2_ws/install/telemetry_gui:/home/kenji/ros2_ws/install/simple_gui:/home/kenji/ws_moveit/install/moveit_configs_utils:/opt/ros/jazzy DEBUGINFOD_URLS=https://debuginfod.ubuntu.com /usr/bin/cmake /home/kenji/Lakbay_Akbay_ros/src/robot_description -DAMENT_CMAKE_SYMLINK_INSTALL=1 -DCMAKE_INSTALL_PREFIX=/home/kenji/Lakbay_Akbay_ros/install/robot_description
[3.249s] Invoking command in '/home/kenji/Lakbay_Akbay_ros/build/robot_description': CMAKE_PREFIX_PATH=${CMAKE_PREFIX_PATH}:/home/kenji/ros2_ws/install/usb_camera:/home/kenji/ros2_ws/install/telemetry_gui:/home/kenji/ros2_ws/install/simple_gui:/home/kenji/ws_moveit/install/moveit_configs_utils:/opt/ros/jazzy DEBUGINFOD_URLS=https://debuginfod.ubuntu.com /usr/bin/cmake --build /home/kenji/Lakbay_Akbay_ros/build/robot_description -- -j4 -l4
[3.388s] Invoked command in '/home/kenji/Lakbay_Akbay_ros/build/robot_description' returned '0': CMAKE_PREFIX_PATH=${CMAKE_PREFIX_PATH}:/home/kenji/ros2_ws/install/usb_camera:/home/kenji/ros2_ws/install/telemetry_gui:/home/kenji/ros2_ws/install/simple_gui:/home/kenji/ws_moveit/install/moveit_configs_utils:/opt/ros/jazzy DEBUGINFOD_URLS=https://debuginfod.ubuntu.com /usr/bin/cmake --build /home/kenji/Lakbay_Akbay_ros/build/robot_description -- -j4 -l4
[3.424s] Invoking command in '/home/kenji/Lakbay_Akbay_ros/build/robot_description': CMAKE_PREFIX_PATH=${CMAKE_PREFIX_PATH}:/home/kenji/ros2_ws/install/usb_camera:/home/kenji/ros2_ws/install/telemetry_gui:/home/kenji/ros2_ws/install/simple_gui:/home/kenji/ws_moveit/install/moveit_configs_utils:/opt/ros/jazzy DEBUGINFOD_URLS=https://debuginfod.ubuntu.com /usr/bin/cmake --install /home/kenji/Lakbay_Akbay_ros/build/robot_description
[3.452s] -- Install configuration: ""
[3.454s] -- Execute custom install script
[3.456s] -- Symlinking: /home/kenji/Lakbay_Akbay_ros/install/robot_description/share/robot_description/urdf/robot_arm.urdf
[3.488s] -- Symlinking: /home/kenji/Lakbay_Akbay_ros/install/robot_description/share/robot_description/meshes/base_link.STL
[3.522s] -- Symlinking: /home/kenji/Lakbay_Akbay_ros/install/robot_description/share/robot_description/meshes/link1.STL
[3.554s] -- Symlinking: /home/kenji/Lakbay_Akbay_ros/install/robot_description/share/robot_description/meshes/link2.STL
[3.586s] -- Symlinking: /home/kenji/Lakbay_Akbay_ros/install/robot_description/share/robot_description/meshes/link3.STL
[3.616s] -- Symlinking: /home/kenji/Lakbay_Akbay_ros/install/robot_description/share/robot_description/meshes/link4.STL
[3.653s] -- Symlinking: /home/kenji/Lakbay_Akbay_ros/install/robot_description/share/robot_description/meshes/link5.STL
[3.681s] -- Symlinking: /home/kenji/Lakbay_Akbay_ros/install/robot_description/share/robot_description/meshes/link6.STL
[3.713s] -- Symlinking: /home/kenji/Lakbay_Akbay_ros/install/robot_description/share/robot_description/meshes/tool.STL
[3.753s] -- Symlinking: /home/kenji/Lakbay_Akbay_ros/install/robot_description/share/robot_description/launch/display.launch.py
[3.823s] -- Symlinking: /home/kenji/Lakbay_Akbay_ros/install/robot_description/share/robot_description/config/config.rviz
[3.881s] -- Symlinking: /home/kenji/Lakbay_Akbay_ros/install/robot_description/share/ament_index/resource_index/package_run_dependencies/robot_description
[3.935s] -- Symlinking: /home/kenji/Lakbay_Akbay_ros/install/robot_description/share/ament_index/resource_index/parent_prefix_path/robot_description
[4.000s] -- Symlinking: /home/kenji/Lakbay_Akbay_ros/install/robot_description/share/robot_description/environment/ament_prefix_path.sh
[4.047s] -- Symlinking: /home/kenji/Lakbay_Akbay_ros/install/robot_description/share/robot_description/environment/ament_prefix_path.dsv
[4.106s] -- Symlinking: /home/kenji/Lakbay_Akbay_ros/install/robot_description/share/robot_description/environment/path.sh
[4.158s] -- Symlinking: /home/kenji/Lakbay_Akbay_ros/install/robot_description/share/robot_description/environment/path.dsv
[4.206s] -- Symlinking: /home/kenji/Lakbay_Akbay_ros/install/robot_description/share/robot_description/local_setup.bash
[4.252s] -- Symlinking: /home/kenji/Lakbay_Akbay_ros/install/robot_description/share/robot_description/local_setup.sh
[4.297s] -- Symlinking: /home/kenji/Lakbay_Akbay_ros/install/robot_description/share/robot_description/local_setup.zsh
[4.337s] -- Symlinking: /home/kenji/Lakbay_Akbay_ros/install/robot_description/share/robot_description/local_setup.dsv
[4.380s] -- Symlinking: /home/kenji/Lakbay_Akbay_ros/install/robot_description/share/robot_description/package.dsv
[4.416s] -- Symlinking: /home/kenji/Lakbay_Akbay_ros/install/robot_description/share/ament_index/resource_index/packages/robot_description
[4.483s] -- Symlinking: /home/kenji/Lakbay_Akbay_ros/install/robot_description/share/robot_description/cmake/robot_descriptionConfig.cmake
[4.555s] -- Symlinking: /home/kenji/Lakbay_Akbay_ros/install/robot_description/share/robot_description/cmake/robot_descriptionConfig-version.cmake
[4.631s] -- Symlinking: /home/kenji/Lakbay_Akbay_ros/install/robot_description/share/robot_description/package.xml
[4.726s] Invoked command in '/home/kenji/Lakbay_Akbay_ros/build/robot_description' returned '0': CMAKE_PREFIX_PATH=${CMAKE_PREFIX_PATH}:/home/kenji/ros2_ws/install/usb_camera:/home/kenji/ros2_ws/install/telemetry_gui:/home/kenji/ros2_ws/install/simple_gui:/home/kenji/ws_moveit/install/moveit_configs_utils:/opt/ros/jazzy DEBUGINFOD_URLS=https://debuginfod.ubuntu.com /usr/bin/cmake --install /home/kenji/Lakbay_Akbay_ros/build/robot_description
