[0.239s] DEBUG:colcon:Command line arguments: ['/usr/bin/colcon', 'build', '--symlink-install']
[0.239s] DEBUG:colcon:Parsed command line arguments: Namespace(log_base=None, log_level=None, verb_name='build', build_base='build', install_base='install', merge_install=False, symlink_install=True, test_result_base=None, continue_on_error=False, executor='parallel', parallel_workers=4, event_handlers=None, ignore_user_meta=False, metas=['./colcon.meta'], base_paths=['.'], packages_ignore=None, packages_ignore_regex=None, paths=None, packages_up_to=None, packages_up_to_regex=None, packages_above=None, packages_above_and_dependencies=None, packages_above_depth=None, packages_select_by_dep=None, packages_skip_by_dep=None, packages_skip_up_to=None, packages_select_build_failed=False, packages_skip_build_finished=False, packages_select_test_failures=False, packages_skip_test_passed=False, packages_select=None, packages_skip=None, packages_select_regex=None, packages_skip_regex=None, packages_start=None, packages_end=None, allow_overriding=[], cmake_args=None, cmake_target=None, cmake_target_skip_unavailable=False, cmake_clean_cache=False, cmake_clean_first=False, cmake_force_configure=False, ament_cmake_args=None, catkin_cmake_args=None, catkin_skip_building_tests=False, mixin_files=None, mixin=None, verb_parser=<colcon_mixin.mixin.mixin_argument.MixinArgumentDecorator object at 0x7bcb06b99430>, verb_extension=<colcon_core.verb.build.BuildVerb object at 0x7bcb06b23410>, main=<bound method BuildVerb.main of <colcon_core.verb.build.BuildVerb object at 0x7bcb06b23410>>, mixin_verb=('build',))
[0.309s] Level 1:colcon.colcon_core.package_discovery:discover_packages(colcon_meta) check parameters
[0.310s] Level 1:colcon.colcon_core.package_discovery:discover_packages(recursive) check parameters
[0.310s] Level 1:colcon.colcon_core.package_discovery:discover_packages(ignore) check parameters
[0.310s] Level 1:colcon.colcon_core.package_discovery:discover_packages(path) check parameters
[0.310s] Level 1:colcon.colcon_core.package_discovery:discover_packages(colcon_meta) discover
[0.310s] Level 1:colcon.colcon_core.package_discovery:discover_packages(recursive) discover
[0.310s] INFO:colcon.colcon_core.package_discovery:Crawling recursively for packages in '/home/kenji/Lakbay_Akbay_ros'
[0.310s] Level 1:colcon.colcon_core.package_identification:_identify(.) by extensions ['ignore', 'ignore_ament_install']
[0.310s] Level 1:colcon.colcon_core.package_identification:_identify(.) by extension 'ignore'
[0.310s] Level 1:colcon.colcon_core.package_identification:_identify(.) by extension 'ignore_ament_install'
[0.311s] Level 1:colcon.colcon_core.package_identification:_identify(.) by extensions ['colcon_pkg']
[0.311s] Level 1:colcon.colcon_core.package_identification:_identify(.) by extension 'colcon_pkg'
[0.311s] Level 1:colcon.colcon_core.package_identification:_identify(.) by extensions ['colcon_meta']
[0.311s] Level 1:colcon.colcon_core.package_identification:_identify(.) by extension 'colcon_meta'
[0.311s] Level 1:colcon.colcon_core.package_identification:_identify(.) by extensions ['ros']
[0.311s] Level 1:colcon.colcon_core.package_identification:_identify(.) by extension 'ros'
[0.359s] Level 1:colcon.colcon_core.package_identification:_identify(.) by extensions ['cmake', 'python']
[0.359s] Level 1:colcon.colcon_core.package_identification:_identify(.) by extension 'cmake'
[0.359s] Level 1:colcon.colcon_core.package_identification:_identify(.) by extension 'python'
[0.359s] Level 1:colcon.colcon_core.package_identification:_identify(.) by extensions ['python_setup_py']
[0.359s] Level 1:colcon.colcon_core.package_identification:_identify(.) by extension 'python_setup_py'
[0.360s] Level 1:colcon.colcon_core.package_identification:_identify(build) by extensions ['ignore', 'ignore_ament_install']
[0.360s] Level 1:colcon.colcon_core.package_identification:_identify(build) by extension 'ignore'
[0.360s] Level 1:colcon.colcon_core.package_identification:_identify(build) ignored
[0.360s] Level 1:colcon.colcon_core.package_identification:_identify(install) by extensions ['ignore', 'ignore_ament_install']
[0.360s] Level 1:colcon.colcon_core.package_identification:_identify(install) by extension 'ignore'
[0.360s] Level 1:colcon.colcon_core.package_identification:_identify(install) ignored
[0.361s] Level 1:colcon.colcon_core.package_identification:_identify(log) by extensions ['ignore', 'ignore_ament_install']
[0.361s] Level 1:colcon.colcon_core.package_identification:_identify(log) by extension 'ignore'
[0.361s] Level 1:colcon.colcon_core.package_identification:_identify(log) ignored
[0.361s] Level 1:colcon.colcon_core.package_identification:_identify(src) by extensions ['ignore', 'ignore_ament_install']
[0.361s] Level 1:colcon.colcon_core.package_identification:_identify(src) by extension 'ignore'
[0.361s] Level 1:colcon.colcon_core.package_identification:_identify(src) by extension 'ignore_ament_install'
[0.362s] Level 1:colcon.colcon_core.package_identification:_identify(src) by extensions ['colcon_pkg']
[0.362s] Level 1:colcon.colcon_core.package_identification:_identify(src) by extension 'colcon_pkg'
[0.362s] Level 1:colcon.colcon_core.package_identification:_identify(src) by extensions ['colcon_meta']
[0.362s] Level 1:colcon.colcon_core.package_identification:_identify(src) by extension 'colcon_meta'
[0.362s] Level 1:colcon.colcon_core.package_identification:_identify(src) by extensions ['ros']
[0.362s] Level 1:colcon.colcon_core.package_identification:_identify(src) by extension 'ros'
[0.362s] Level 1:colcon.colcon_core.package_identification:_identify(src) by extensions ['cmake', 'python']
[0.362s] Level 1:colcon.colcon_core.package_identification:_identify(src) by extension 'cmake'
[0.362s] Level 1:colcon.colcon_core.package_identification:_identify(src) by extension 'python'
[0.362s] Level 1:colcon.colcon_core.package_identification:_identify(src) by extensions ['python_setup_py']
[0.363s] Level 1:colcon.colcon_core.package_identification:_identify(src) by extension 'python_setup_py'
[0.363s] Level 1:colcon.colcon_core.package_identification:_identify(src/arm_controller_switch) by extensions ['ignore', 'ignore_ament_install']
[0.363s] Level 1:colcon.colcon_core.package_identification:_identify(src/arm_controller_switch) by extension 'ignore'
[0.363s] Level 1:colcon.colcon_core.package_identification:_identify(src/arm_controller_switch) by extension 'ignore_ament_install'
[0.363s] Level 1:colcon.colcon_core.package_identification:_identify(src/arm_controller_switch) by extensions ['colcon_pkg']
[0.363s] Level 1:colcon.colcon_core.package_identification:_identify(src/arm_controller_switch) by extension 'colcon_pkg'
[0.363s] Level 1:colcon.colcon_core.package_identification:_identify(src/arm_controller_switch) by extensions ['colcon_meta']
[0.363s] Level 1:colcon.colcon_core.package_identification:_identify(src/arm_controller_switch) by extension 'colcon_meta'
[0.364s] Level 1:colcon.colcon_core.package_identification:_identify(src/arm_controller_switch) by extensions ['ros']
[0.364s] Level 1:colcon.colcon_core.package_identification:_identify(src/arm_controller_switch) by extension 'ros'
[0.371s] DEBUG:colcon.colcon_core.package_identification:Package 'src/arm_controller_switch' with type 'ros.ament_python' and name 'arm_controller_switch'
[0.371s] Level 1:colcon.colcon_core.package_identification:_identify(src/pose_estimation) by extensions ['ignore', 'ignore_ament_install']
[0.372s] Level 1:colcon.colcon_core.package_identification:_identify(src/pose_estimation) by extension 'ignore'
[0.372s] Level 1:colcon.colcon_core.package_identification:_identify(src/pose_estimation) by extension 'ignore_ament_install'
[0.372s] Level 1:colcon.colcon_core.package_identification:_identify(src/pose_estimation) by extensions ['colcon_pkg']
[0.372s] Level 1:colcon.colcon_core.package_identification:_identify(src/pose_estimation) by extension 'colcon_pkg'
[0.372s] Level 1:colcon.colcon_core.package_identification:_identify(src/pose_estimation) by extensions ['colcon_meta']
[0.372s] Level 1:colcon.colcon_core.package_identification:_identify(src/pose_estimation) by extension 'colcon_meta'
[0.373s] Level 1:colcon.colcon_core.package_identification:_identify(src/pose_estimation) by extensions ['ros']
[0.373s] Level 1:colcon.colcon_core.package_identification:_identify(src/pose_estimation) by extension 'ros'
[0.374s] DEBUG:colcon.colcon_core.package_identification:Package 'src/pose_estimation' with type 'ros.ament_python' and name 'pose_estimation'
[0.374s] Level 1:colcon.colcon_core.package_identification:_identify(src/robot_description) by extensions ['ignore', 'ignore_ament_install']
[0.374s] Level 1:colcon.colcon_core.package_identification:_identify(src/robot_description) by extension 'ignore'
[0.375s] Level 1:colcon.colcon_core.package_identification:_identify(src/robot_description) by extension 'ignore_ament_install'
[0.375s] Level 1:colcon.colcon_core.package_identification:_identify(src/robot_description) by extensions ['colcon_pkg']
[0.375s] Level 1:colcon.colcon_core.package_identification:_identify(src/robot_description) by extension 'colcon_pkg'
[0.375s] Level 1:colcon.colcon_core.package_identification:_identify(src/robot_description) by extensions ['colcon_meta']
[0.375s] Level 1:colcon.colcon_core.package_identification:_identify(src/robot_description) by extension 'colcon_meta'
[0.375s] Level 1:colcon.colcon_core.package_identification:_identify(src/robot_description) by extensions ['ros']
[0.375s] Level 1:colcon.colcon_core.package_identification:_identify(src/robot_description) by extension 'ros'
[0.376s] DEBUG:colcon.colcon_core.package_identification:Package 'src/robot_description' with type 'ros.ament_cmake' and name 'robot_description'
[0.376s] Level 1:colcon.colcon_core.package_identification:_identify(src/robot_moveit_config) by extensions ['ignore', 'ignore_ament_install']
[0.376s] Level 1:colcon.colcon_core.package_identification:_identify(src/robot_moveit_config) by extension 'ignore'
[0.376s] Level 1:colcon.colcon_core.package_identification:_identify(src/robot_moveit_config) by extension 'ignore_ament_install'
[0.377s] Level 1:colcon.colcon_core.package_identification:_identify(src/robot_moveit_config) by extensions ['colcon_pkg']
[0.377s] Level 1:colcon.colcon_core.package_identification:_identify(src/robot_moveit_config) by extension 'colcon_pkg'
[0.377s] Level 1:colcon.colcon_core.package_identification:_identify(src/robot_moveit_config) by extensions ['colcon_meta']
[0.377s] Level 1:colcon.colcon_core.package_identification:_identify(src/robot_moveit_config) by extension 'colcon_meta'
[0.377s] Level 1:colcon.colcon_core.package_identification:_identify(src/robot_moveit_config) by extensions ['ros']
[0.377s] Level 1:colcon.colcon_core.package_identification:_identify(src/robot_moveit_config) by extension 'ros'
[0.379s] DEBUG:colcon.colcon_core.package_identification:Package 'src/robot_moveit_config' with type 'ros.ament_cmake' and name 'robot_moveit_config'
[0.379s] Level 1:colcon.colcon_core.package_identification:_identify(src/topic_based_hardware_interfaces) by extensions ['ignore', 'ignore_ament_install']
[0.379s] Level 1:colcon.colcon_core.package_identification:_identify(src/topic_based_hardware_interfaces) by extension 'ignore'
[0.379s] Level 1:colcon.colcon_core.package_identification:_identify(src/topic_based_hardware_interfaces) by extension 'ignore_ament_install'
[0.379s] Level 1:colcon.colcon_core.package_identification:_identify(src/topic_based_hardware_interfaces) by extensions ['colcon_pkg']
[0.379s] Level 1:colcon.colcon_core.package_identification:_identify(src/topic_based_hardware_interfaces) by extension 'colcon_pkg'
[0.379s] Level 1:colcon.colcon_core.package_identification:_identify(src/topic_based_hardware_interfaces) by extensions ['colcon_meta']
[0.379s] Level 1:colcon.colcon_core.package_identification:_identify(src/topic_based_hardware_interfaces) by extension 'colcon_meta'
[0.379s] Level 1:colcon.colcon_core.package_identification:_identify(src/topic_based_hardware_interfaces) by extensions ['ros']
[0.379s] Level 1:colcon.colcon_core.package_identification:_identify(src/topic_based_hardware_interfaces) by extension 'ros'
[0.380s] Level 1:colcon.colcon_core.package_identification:_identify(src/topic_based_hardware_interfaces) by extensions ['cmake', 'python']
[0.380s] Level 1:colcon.colcon_core.package_identification:_identify(src/topic_based_hardware_interfaces) by extension 'cmake'
[0.380s] Level 1:colcon.colcon_core.package_identification:_identify(src/topic_based_hardware_interfaces) by extension 'python'
[0.380s] Level 1:colcon.colcon_core.package_identification:_identify(src/topic_based_hardware_interfaces) by extensions ['python_setup_py']
[0.380s] Level 1:colcon.colcon_core.package_identification:_identify(src/topic_based_hardware_interfaces) by extension 'python_setup_py'
[0.380s] Level 1:colcon.colcon_core.package_identification:_identify(src/topic_based_hardware_interfaces/doc) by extensions ['ignore', 'ignore_ament_install']
[0.380s] Level 1:colcon.colcon_core.package_identification:_identify(src/topic_based_hardware_interfaces/doc) by extension 'ignore'
[0.380s] Level 1:colcon.colcon_core.package_identification:_identify(src/topic_based_hardware_interfaces/doc) by extension 'ignore_ament_install'
[0.380s] Level 1:colcon.colcon_core.package_identification:_identify(src/topic_based_hardware_interfaces/doc) by extensions ['colcon_pkg']
[0.380s] Level 1:colcon.colcon_core.package_identification:_identify(src/topic_based_hardware_interfaces/doc) by extension 'colcon_pkg'
[0.381s] Level 1:colcon.colcon_core.package_identification:_identify(src/topic_based_hardware_interfaces/doc) by extensions ['colcon_meta']
[0.381s] Level 1:colcon.colcon_core.package_identification:_identify(src/topic_based_hardware_interfaces/doc) by extension 'colcon_meta'
[0.381s] Level 1:colcon.colcon_core.package_identification:_identify(src/topic_based_hardware_interfaces/doc) by extensions ['ros']
[0.381s] Level 1:colcon.colcon_core.package_identification:_identify(src/topic_based_hardware_interfaces/doc) by extension 'ros'
[0.381s] Level 1:colcon.colcon_core.package_identification:_identify(src/topic_based_hardware_interfaces/doc) by extensions ['cmake', 'python']
[0.381s] Level 1:colcon.colcon_core.package_identification:_identify(src/topic_based_hardware_interfaces/doc) by extension 'cmake'
[0.381s] Level 1:colcon.colcon_core.package_identification:_identify(src/topic_based_hardware_interfaces/doc) by extension 'python'
[0.381s] Level 1:colcon.colcon_core.package_identification:_identify(src/topic_based_hardware_interfaces/doc) by extensions ['python_setup_py']
[0.381s] Level 1:colcon.colcon_core.package_identification:_identify(src/topic_based_hardware_interfaces/doc) by extension 'python_setup_py'
[0.381s] Level 1:colcon.colcon_core.package_identification:_identify(src/topic_based_hardware_interfaces/joint_state_topic_hardware_interface) by extensions ['ignore', 'ignore_ament_install']
[0.381s] Level 1:colcon.colcon_core.package_identification:_identify(src/topic_based_hardware_interfaces/joint_state_topic_hardware_interface) by extension 'ignore'
[0.381s] Level 1:colcon.colcon_core.package_identification:_identify(src/topic_based_hardware_interfaces/joint_state_topic_hardware_interface) by extension 'ignore_ament_install'
[0.382s] Level 1:colcon.colcon_core.package_identification:_identify(src/topic_based_hardware_interfaces/joint_state_topic_hardware_interface) by extensions ['colcon_pkg']
[0.382s] Level 1:colcon.colcon_core.package_identification:_identify(src/topic_based_hardware_interfaces/joint_state_topic_hardware_interface) by extension 'colcon_pkg'
[0.382s] Level 1:colcon.colcon_core.package_identification:_identify(src/topic_based_hardware_interfaces/joint_state_topic_hardware_interface) by extensions ['colcon_meta']
[0.382s] Level 1:colcon.colcon_core.package_identification:_identify(src/topic_based_hardware_interfaces/joint_state_topic_hardware_interface) by extension 'colcon_meta'
[0.382s] Level 1:colcon.colcon_core.package_identification:_identify(src/topic_based_hardware_interfaces/joint_state_topic_hardware_interface) by extensions ['ros']
[0.382s] Level 1:colcon.colcon_core.package_identification:_identify(src/topic_based_hardware_interfaces/joint_state_topic_hardware_interface) by extension 'ros'
[0.384s] DEBUG:colcon.colcon_core.package_identification:Package 'src/topic_based_hardware_interfaces/joint_state_topic_hardware_interface' with type 'ros.ament_cmake' and name 'joint_state_topic_hardware_interface'
[0.384s] Level 1:colcon.colcon_core.package_discovery:discover_packages(recursive) using defaults
[0.384s] Level 1:colcon.colcon_core.package_discovery:discover_packages(ignore) discover
[0.384s] Level 1:colcon.colcon_core.package_discovery:discover_packages(ignore) using defaults
[0.384s] Level 1:colcon.colcon_core.package_discovery:discover_packages(path) discover
[0.384s] Level 1:colcon.colcon_core.package_discovery:discover_packages(path) using defaults
[0.424s] Level 1:colcon.colcon_core.package_discovery:discover_packages(prefix_path) check parameters
[0.424s] Level 1:colcon.colcon_core.package_discovery:discover_packages(prefix_path) discover
[0.433s] DEBUG:colcon.colcon_installed_package_information.package_discovery:Found 3 installed packages in /home/kenji/uros_ws/install
[0.438s] DEBUG:colcon.colcon_installed_package_information.package_discovery:Found 70 installed packages in /home/kenji/ws_moveit/install
[0.443s] DEBUG:colcon.colcon_installed_package_information.package_discovery:Found 389 installed packages in /opt/ros/jazzy
[0.445s] Level 1:colcon.colcon_core.package_discovery:discover_packages(prefix_path) using defaults
[0.583s] Level 5:colcon.colcon_core.verb:set package 'arm_controller_switch' build argument 'cmake_args' from command line to 'None'
[0.583s] Level 5:colcon.colcon_core.verb:set package 'arm_controller_switch' build argument 'cmake_target' from command line to 'None'
[0.583s] Level 5:colcon.colcon_core.verb:set package 'arm_controller_switch' build argument 'cmake_target_skip_unavailable' from command line to 'False'
[0.583s] Level 5:colcon.colcon_core.verb:set package 'arm_controller_switch' build argument 'cmake_clean_cache' from command line to 'False'
[0.583s] Level 5:colcon.colcon_core.verb:set package 'arm_controller_switch' build argument 'cmake_clean_first' from command line to 'False'
[0.583s] Level 5:colcon.colcon_core.verb:set package 'arm_controller_switch' build argument 'cmake_force_configure' from command line to 'False'
[0.583s] Level 5:colcon.colcon_core.verb:set package 'arm_controller_switch' build argument 'ament_cmake_args' from command line to 'None'
[0.584s] Level 5:colcon.colcon_core.verb:set package 'arm_controller_switch' build argument 'catkin_cmake_args' from command line to 'None'
[0.584s] Level 5:colcon.colcon_core.verb:set package 'arm_controller_switch' build argument 'catkin_skip_building_tests' from command line to 'False'
[0.584s] DEBUG:colcon.colcon_core.verb:Building package 'arm_controller_switch' with the following arguments: {'ament_cmake_args': None, 'build_base': '/home/kenji/Lakbay_Akbay_ros/build/arm_controller_switch', 'catkin_cmake_args': None, 'catkin_skip_building_tests': False, 'cmake_args': None, 'cmake_clean_cache': False, 'cmake_clean_first': False, 'cmake_force_configure': False, 'cmake_target': None, 'cmake_target_skip_unavailable': False, 'install_base': '/home/kenji/Lakbay_Akbay_ros/install/arm_controller_switch', 'merge_install': False, 'path': '/home/kenji/Lakbay_Akbay_ros/src/arm_controller_switch', 'symlink_install': True, 'test_result_base': None}
[0.584s] Level 5:colcon.colcon_core.verb:set package 'joint_state_topic_hardware_interface' build argument 'cmake_args' from command line to 'None'
[0.584s] Level 5:colcon.colcon_core.verb:set package 'joint_state_topic_hardware_interface' build argument 'cmake_target' from command line to 'None'
[0.584s] Level 5:colcon.colcon_core.verb:set package 'joint_state_topic_hardware_interface' build argument 'cmake_target_skip_unavailable' from command line to 'False'
[0.584s] Level 5:colcon.colcon_core.verb:set package 'joint_state_topic_hardware_interface' build argument 'cmake_clean_cache' from command line to 'False'
[0.584s] Level 5:colcon.colcon_core.verb:set package 'joint_state_topic_hardware_interface' build argument 'cmake_clean_first' from command line to 'False'
[0.584s] Level 5:colcon.colcon_core.verb:set package 'joint_state_topic_hardware_interface' build argument 'cmake_force_configure' from command line to 'False'
[0.584s] Level 5:colcon.colcon_core.verb:set package 'joint_state_topic_hardware_interface' build argument 'ament_cmake_args' from command line to 'None'
[0.584s] Level 5:colcon.colcon_core.verb:set package 'joint_state_topic_hardware_interface' build argument 'catkin_cmake_args' from command line to 'None'
[0.584s] Level 5:colcon.colcon_core.verb:set package 'joint_state_topic_hardware_interface' build argument 'catkin_skip_building_tests' from command line to 'False'
[0.585s] DEBUG:colcon.colcon_core.verb:Building package 'joint_state_topic_hardware_interface' with the following arguments: {'ament_cmake_args': None, 'build_base': '/home/kenji/Lakbay_Akbay_ros/build/joint_state_topic_hardware_interface', 'catkin_cmake_args': None, 'catkin_skip_building_tests': False, 'cmake_args': None, 'cmake_clean_cache': False, 'cmake_clean_first': False, 'cmake_force_configure': False, 'cmake_target': None, 'cmake_target_skip_unavailable': False, 'install_base': '/home/kenji/Lakbay_Akbay_ros/install/joint_state_topic_hardware_interface', 'merge_install': False, 'path': '/home/kenji/Lakbay_Akbay_ros/src/topic_based_hardware_interfaces/joint_state_topic_hardware_interface', 'symlink_install': True, 'test_result_base': None}
[0.585s] Level 5:colcon.colcon_core.verb:set package 'pose_estimation' build argument 'cmake_args' from command line to 'None'
[0.585s] Level 5:colcon.colcon_core.verb:set package 'pose_estimation' build argument 'cmake_target' from command line to 'None'
[0.585s] Level 5:colcon.colcon_core.verb:set package 'pose_estimation' build argument 'cmake_target_skip_unavailable' from command line to 'False'
[0.585s] Level 5:colcon.colcon_core.verb:set package 'pose_estimation' build argument 'cmake_clean_cache' from command line to 'False'
[0.585s] Level 5:colcon.colcon_core.verb:set package 'pose_estimation' build argument 'cmake_clean_first' from command line to 'False'
[0.585s] Level 5:colcon.colcon_core.verb:set package 'pose_estimation' build argument 'cmake_force_configure' from command line to 'False'
[0.585s] Level 5:colcon.colcon_core.verb:set package 'pose_estimation' build argument 'ament_cmake_args' from command line to 'None'
[0.585s] Level 5:colcon.colcon_core.verb:set package 'pose_estimation' build argument 'catkin_cmake_args' from command line to 'None'
[0.585s] Level 5:colcon.colcon_core.verb:set package 'pose_estimation' build argument 'catkin_skip_building_tests' from command line to 'False'
[0.585s] DEBUG:colcon.colcon_core.verb:Building package 'pose_estimation' with the following arguments: {'ament_cmake_args': None, 'build_base': '/home/kenji/Lakbay_Akbay_ros/build/pose_estimation', 'catkin_cmake_args': None, 'catkin_skip_building_tests': False, 'cmake_args': None, 'cmake_clean_cache': False, 'cmake_clean_first': False, 'cmake_force_configure': False, 'cmake_target': None, 'cmake_target_skip_unavailable': False, 'install_base': '/home/kenji/Lakbay_Akbay_ros/install/pose_estimation', 'merge_install': False, 'path': '/home/kenji/Lakbay_Akbay_ros/src/pose_estimation', 'symlink_install': True, 'test_result_base': None}
[0.586s] Level 5:colcon.colcon_core.verb:set package 'robot_description' build argument 'cmake_args' from command line to 'None'
[0.586s] Level 5:colcon.colcon_core.verb:set package 'robot_description' build argument 'cmake_target' from command line to 'None'
[0.586s] Level 5:colcon.colcon_core.verb:set package 'robot_description' build argument 'cmake_target_skip_unavailable' from command line to 'False'
[0.586s] Level 5:colcon.colcon_core.verb:set package 'robot_description' build argument 'cmake_clean_cache' from command line to 'False'
[0.586s] Level 5:colcon.colcon_core.verb:set package 'robot_description' build argument 'cmake_clean_first' from command line to 'False'
[0.586s] Level 5:colcon.colcon_core.verb:set package 'robot_description' build argument 'cmake_force_configure' from command line to 'False'
[0.586s] Level 5:colcon.colcon_core.verb:set package 'robot_description' build argument 'ament_cmake_args' from command line to 'None'
[0.586s] Level 5:colcon.colcon_core.verb:set package 'robot_description' build argument 'catkin_cmake_args' from command line to 'None'
[0.586s] Level 5:colcon.colcon_core.verb:set package 'robot_description' build argument 'catkin_skip_building_tests' from command line to 'False'
[0.586s] DEBUG:colcon.colcon_core.verb:Building package 'robot_description' with the following arguments: {'ament_cmake_args': None, 'build_base': '/home/kenji/Lakbay_Akbay_ros/build/robot_description', 'catkin_cmake_args': None, 'catkin_skip_building_tests': False, 'cmake_args': None, 'cmake_clean_cache': False, 'cmake_clean_first': False, 'cmake_force_configure': False, 'cmake_target': None, 'cmake_target_skip_unavailable': False, 'install_base': '/home/kenji/Lakbay_Akbay_ros/install/robot_description', 'merge_install': False, 'path': '/home/kenji/Lakbay_Akbay_ros/src/robot_description', 'symlink_install': True, 'test_result_base': None}
[0.587s] Level 5:colcon.colcon_core.verb:set package 'robot_moveit_config' build argument 'cmake_args' from command line to 'None'
[0.587s] Level 5:colcon.colcon_core.verb:set package 'robot_moveit_config' build argument 'cmake_target' from command line to 'None'
[0.587s] Level 5:colcon.colcon_core.verb:set package 'robot_moveit_config' build argument 'cmake_target_skip_unavailable' from command line to 'False'
[0.587s] Level 5:colcon.colcon_core.verb:set package 'robot_moveit_config' build argument 'cmake_clean_cache' from command line to 'False'
[0.587s] Level 5:colcon.colcon_core.verb:set package 'robot_moveit_config' build argument 'cmake_clean_first' from command line to 'False'
[0.587s] Level 5:colcon.colcon_core.verb:set package 'robot_moveit_config' build argument 'cmake_force_configure' from command line to 'False'
[0.587s] Level 5:colcon.colcon_core.verb:set package 'robot_moveit_config' build argument 'ament_cmake_args' from command line to 'None'
[0.587s] Level 5:colcon.colcon_core.verb:set package 'robot_moveit_config' build argument 'catkin_cmake_args' from command line to 'None'
[0.587s] Level 5:colcon.colcon_core.verb:set package 'robot_moveit_config' build argument 'catkin_skip_building_tests' from command line to 'False'
[0.587s] DEBUG:colcon.colcon_core.verb:Building package 'robot_moveit_config' with the following arguments: {'ament_cmake_args': None, 'build_base': '/home/kenji/Lakbay_Akbay_ros/build/robot_moveit_config', 'catkin_cmake_args': None, 'catkin_skip_building_tests': False, 'cmake_args': None, 'cmake_clean_cache': False, 'cmake_clean_first': False, 'cmake_force_configure': False, 'cmake_target': None, 'cmake_target_skip_unavailable': False, 'install_base': '/home/kenji/Lakbay_Akbay_ros/install/robot_moveit_config', 'merge_install': False, 'path': '/home/kenji/Lakbay_Akbay_ros/src/robot_moveit_config', 'symlink_install': True, 'test_result_base': None}
[0.587s] INFO:colcon.colcon_core.executor:Executing jobs using 'parallel' executor
[0.589s] DEBUG:colcon.colcon_parallel_executor.executor.parallel:run_until_complete
[0.589s] INFO:colcon.colcon_ros.task.ament_cmake.build:Building ROS package in '/home/kenji/Lakbay_Akbay_ros/src/robot_description' with build type 'ament_cmake'
[0.589s] INFO:colcon.colcon_cmake.task.cmake.build:Building CMake package in '/home/kenji/Lakbay_Akbay_ros/src/robot_description'
[0.593s] INFO:colcon.colcon_core.plugin_system:Skipping extension 'colcon_core.shell.bat': Not used on non-Windows systems
[0.594s] INFO:colcon.colcon_core.shell:Skip shell extension 'powershell' for command environment: Not usable outside of PowerShell
[0.594s] DEBUG:colcon.colcon_core.shell:Skip shell extension 'dsv' for command environment
[0.615s] INFO:colcon.colcon_ros.task.ament_python.build:Building ROS package in '/home/kenji/Lakbay_Akbay_ros/src/arm_controller_switch' with build type 'ament_python'
[0.615s] Level 1:colcon.colcon_core.shell:create_environment_hook('arm_controller_switch', 'ament_prefix_path')
[0.616s] INFO:colcon.colcon_core.shell:Creating environment hook '/home/kenji/Lakbay_Akbay_ros/install/arm_controller_switch/share/arm_controller_switch/hook/ament_prefix_path.ps1'
[0.618s] INFO:colcon.colcon_core.shell:Creating environment descriptor '/home/kenji/Lakbay_Akbay_ros/install/arm_controller_switch/share/arm_controller_switch/hook/ament_prefix_path.dsv'
[0.619s] INFO:colcon.colcon_core.shell:Creating environment hook '/home/kenji/Lakbay_Akbay_ros/install/arm_controller_switch/share/arm_controller_switch/hook/ament_prefix_path.sh'
[0.621s] INFO:colcon.colcon_core.shell:Skip shell extension 'powershell' for command environment: Not usable outside of PowerShell
[0.621s] DEBUG:colcon.colcon_core.shell:Skip shell extension 'dsv' for command environment
[0.639s] INFO:colcon.colcon_ros.task.ament_cmake.build:Building ROS package in '/home/kenji/Lakbay_Akbay_ros/src/topic_based_hardware_interfaces/joint_state_topic_hardware_interface' with build type 'ament_cmake'
[0.640s] INFO:colcon.colcon_cmake.task.cmake.build:Building CMake package in '/home/kenji/Lakbay_Akbay_ros/src/topic_based_hardware_interfaces/joint_state_topic_hardware_interface'
[0.640s] INFO:colcon.colcon_core.shell:Skip shell extension 'powershell' for command environment: Not usable outside of PowerShell
[0.640s] DEBUG:colcon.colcon_core.shell:Skip shell extension 'dsv' for command environment
[0.659s] INFO:colcon.colcon_ros.task.ament_python.build:Building ROS package in '/home/kenji/Lakbay_Akbay_ros/src/pose_estimation' with build type 'ament_python'
[0.659s] Level 1:colcon.colcon_core.shell:create_environment_hook('pose_estimation', 'ament_prefix_path')
[0.660s] INFO:colcon.colcon_core.shell:Creating environment hook '/home/kenji/Lakbay_Akbay_ros/install/pose_estimation/share/pose_estimation/hook/ament_prefix_path.ps1'
[0.661s] INFO:colcon.colcon_core.shell:Creating environment descriptor '/home/kenji/Lakbay_Akbay_ros/install/pose_estimation/share/pose_estimation/hook/ament_prefix_path.dsv'
[0.661s] INFO:colcon.colcon_core.shell:Creating environment hook '/home/kenji/Lakbay_Akbay_ros/install/pose_estimation/share/pose_estimation/hook/ament_prefix_path.sh'
[0.662s] INFO:colcon.colcon_core.shell:Skip shell extension 'powershell' for command environment: Not usable outside of PowerShell
[0.662s] DEBUG:colcon.colcon_core.shell:Skip shell extension 'dsv' for command environment
[0.689s] DEBUG:colcon.colcon_core.event_handler.log_command:Invoking command in '/home/kenji/Lakbay_Akbay_ros/build/robot_description': CMAKE_PREFIX_PATH=${CMAKE_PREFIX_PATH}:/home/kenji/ws_moveit/install/moveit_configs_utils:/opt/ros/jazzy DEBUGINFOD_URLS=https://debuginfod.ubuntu.com /usr/bin/cmake /home/kenji/Lakbay_Akbay_ros/src/robot_description -DAMENT_CMAKE_SYMLINK_INSTALL=1 -DCMAKE_INSTALL_PREFIX=/home/kenji/Lakbay_Akbay_ros/install/robot_description
[1.238s] INFO:colcon.colcon_core.task.python.build:Building Python package in '/home/kenji/Lakbay_Akbay_ros/src/arm_controller_switch'
[1.239s] INFO:colcon.colcon_core.shell:Skip shell extension 'powershell' for command environment: Not usable outside of PowerShell
[1.239s] DEBUG:colcon.colcon_core.shell:Skip shell extension 'dsv' for command environment
[1.275s] DEBUG:colcon.colcon_core.event_handler.log_command:Invoking command in '/home/kenji/Lakbay_Akbay_ros/build/joint_state_topic_hardware_interface': CMAKE_PREFIX_PATH=${CMAKE_PREFIX_PATH}:/home/kenji/ws_moveit/install/moveit_configs_utils:/opt/ros/jazzy DEBUGINFOD_URLS=https://debuginfod.ubuntu.com /usr/bin/cmake /home/kenji/Lakbay_Akbay_ros/src/topic_based_hardware_interfaces/joint_state_topic_hardware_interface -DAMENT_CMAKE_SYMLINK_INSTALL=1 -DCMAKE_INSTALL_PREFIX=/home/kenji/Lakbay_Akbay_ros/install/joint_state_topic_hardware_interface
[2.037s] INFO:colcon.colcon_core.task.python.build:Building Python package in '/home/kenji/Lakbay_Akbay_ros/src/pose_estimation'
[2.038s] INFO:colcon.colcon_core.shell:Skip shell extension 'powershell' for command environment: Not usable outside of PowerShell
[2.038s] DEBUG:colcon.colcon_core.shell:Skip shell extension 'dsv' for command environment
[4.627s] DEBUG:colcon.colcon_core.event_handler.log_command:Invoking command in '/home/kenji/Lakbay_Akbay_ros/build/arm_controller_switch': DEBUGINFOD_URLS=https://debuginfod.ubuntu.com PYTHONPATH=/home/kenji/Lakbay_Akbay_ros/build/arm_controller_switch/prefix_override:/usr/lib/python3/dist-packages/colcon_core/task/python/colcon_distutils_commands:/home/kenji/Lakbay_Akbay_ros/install/arm_controller_switch/lib/python3.12/site-packages:${PYTHONPATH} /usr/bin/python3 -W ignore:setup.py install is deprecated -W ignore:easy_install command is deprecated setup.py develop --editable --build-directory /home/kenji/Lakbay_Akbay_ros/build/arm_controller_switch/build --no-deps symlink_data
[5.293s] DEBUG:colcon.colcon_core.event_handler.log_command:Invoking command in '/home/kenji/Lakbay_Akbay_ros/build/pose_estimation': DEBUGINFOD_URLS=https://debuginfod.ubuntu.com PYTHONPATH=/home/kenji/Lakbay_Akbay_ros/build/pose_estimation/prefix_override:/usr/lib/python3/dist-packages/colcon_core/task/python/colcon_distutils_commands:/home/kenji/Lakbay_Akbay_ros/install/pose_estimation/lib/python3.12/site-packages:${PYTHONPATH} /usr/bin/python3 -W ignore:setup.py install is deprecated -W ignore:easy_install command is deprecated setup.py develop --editable --build-directory /home/kenji/Lakbay_Akbay_ros/build/pose_estimation/build --no-deps symlink_data
[5.318s] DEBUG:colcon.colcon_core.event_handler.log_command:Invoked command in '/home/kenji/Lakbay_Akbay_ros/build/robot_description' returned '0': CMAKE_PREFIX_PATH=${CMAKE_PREFIX_PATH}:/home/kenji/ws_moveit/install/moveit_configs_utils:/opt/ros/jazzy DEBUGINFOD_URLS=https://debuginfod.ubuntu.com /usr/bin/cmake /home/kenji/Lakbay_Akbay_ros/src/robot_description -DAMENT_CMAKE_SYMLINK_INSTALL=1 -DCMAKE_INSTALL_PREFIX=/home/kenji/Lakbay_Akbay_ros/install/robot_description
[5.320s] DEBUG:colcon.colcon_core.event_handler.log_command:Invoking command in '/home/kenji/Lakbay_Akbay_ros/build/robot_description': CMAKE_PREFIX_PATH=${CMAKE_PREFIX_PATH}:/home/kenji/ws_moveit/install/moveit_configs_utils:/opt/ros/jazzy DEBUGINFOD_URLS=https://debuginfod.ubuntu.com /usr/bin/cmake --build /home/kenji/Lakbay_Akbay_ros/build/robot_description -- -j4 -l4
[5.605s] DEBUG:colcon.colcon_core.event_handler.log_command:Invoked command in '/home/kenji/Lakbay_Akbay_ros/build/robot_description' returned '0': CMAKE_PREFIX_PATH=${CMAKE_PREFIX_PATH}:/home/kenji/ws_moveit/install/moveit_configs_utils:/opt/ros/jazzy DEBUGINFOD_URLS=https://debuginfod.ubuntu.com /usr/bin/cmake --build /home/kenji/Lakbay_Akbay_ros/build/robot_description -- -j4 -l4
[5.680s] DEBUG:colcon.colcon_core.event_handler.log_command:Invoking command in '/home/kenji/Lakbay_Akbay_ros/build/robot_description': CMAKE_PREFIX_PATH=${CMAKE_PREFIX_PATH}:/home/kenji/ws_moveit/install/moveit_configs_utils:/opt/ros/jazzy DEBUGINFOD_URLS=https://debuginfod.ubuntu.com /usr/bin/cmake --install /home/kenji/Lakbay_Akbay_ros/build/robot_description
[7.317s] Level 1:colcon.colcon_core.environment:create_environment_scripts_only(robot_description)
[7.318s] DEBUG:colcon.colcon_core.event_handler.log_command:Invoked command in '/home/kenji/Lakbay_Akbay_ros/build/robot_description' returned '0': CMAKE_PREFIX_PATH=${CMAKE_PREFIX_PATH}:/home/kenji/ws_moveit/install/moveit_configs_utils:/opt/ros/jazzy DEBUGINFOD_URLS=https://debuginfod.ubuntu.com /usr/bin/cmake --install /home/kenji/Lakbay_Akbay_ros/build/robot_description
[7.342s] Level 1:colcon.colcon_core.environment:checking '/home/kenji/Lakbay_Akbay_ros/install/robot_description' for CMake module files
[7.348s] Level 1:colcon.colcon_core.environment:checking '/home/kenji/Lakbay_Akbay_ros/install/robot_description' for CMake config files
[7.348s] Level 1:colcon.colcon_core.shell:create_environment_hook('robot_description', 'cmake_prefix_path')
[7.352s] INFO:colcon.colcon_core.shell:Creating environment hook '/home/kenji/Lakbay_Akbay_ros/install/robot_description/share/robot_description/hook/cmake_prefix_path.ps1'
[7.353s] INFO:colcon.colcon_core.shell:Creating environment descriptor '/home/kenji/Lakbay_Akbay_ros/install/robot_description/share/robot_description/hook/cmake_prefix_path.dsv'
[7.358s] INFO:colcon.colcon_core.shell:Creating environment hook '/home/kenji/Lakbay_Akbay_ros/install/robot_description/share/robot_description/hook/cmake_prefix_path.sh'
[7.360s] Level 1:colcon.colcon_core.environment:checking '/home/kenji/Lakbay_Akbay_ros/install/robot_description/bin'
[7.360s] Level 1:colcon.colcon_core.environment:checking '/home/kenji/Lakbay_Akbay_ros/install/robot_description/lib/pkgconfig/robot_description.pc'
[7.361s] Level 1:colcon.colcon_core.environment:checking '/home/kenji/Lakbay_Akbay_ros/install/robot_description/lib/python3.12/site-packages'
[7.363s] Level 1:colcon.colcon_core.environment:checking '/home/kenji/Lakbay_Akbay_ros/install/robot_description/bin'
[7.365s] INFO:colcon.colcon_core.shell:Creating package script '/home/kenji/Lakbay_Akbay_ros/install/robot_description/share/robot_description/package.ps1'
[7.372s] INFO:colcon.colcon_core.shell:Creating package descriptor '/home/kenji/Lakbay_Akbay_ros/install/robot_description/share/robot_description/package.dsv'
[7.376s] INFO:colcon.colcon_core.shell:Creating package script '/home/kenji/Lakbay_Akbay_ros/install/robot_description/share/robot_description/package.sh'
[7.384s] INFO:colcon.colcon_core.shell:Creating package script '/home/kenji/Lakbay_Akbay_ros/install/robot_description/share/robot_description/package.bash'
[7.388s] INFO:colcon.colcon_core.shell:Creating package script '/home/kenji/Lakbay_Akbay_ros/install/robot_description/share/robot_description/package.zsh'
[7.390s] Level 1:colcon.colcon_core.environment:create_file_with_runtime_dependencies(/home/kenji/Lakbay_Akbay_ros/install/robot_description/share/colcon-core/packages/robot_description)
[7.393s] Level 1:colcon.colcon_core.environment:create_environment_scripts_only(robot_description)
[7.394s] Level 1:colcon.colcon_core.environment:checking '/home/kenji/Lakbay_Akbay_ros/install/robot_description' for CMake module files
[7.396s] Level 1:colcon.colcon_core.environment:checking '/home/kenji/Lakbay_Akbay_ros/install/robot_description' for CMake config files
[7.397s] Level 1:colcon.colcon_core.shell:create_environment_hook('robot_description', 'cmake_prefix_path')
[7.398s] INFO:colcon.colcon_core.shell:Creating environment hook '/home/kenji/Lakbay_Akbay_ros/install/robot_description/share/robot_description/hook/cmake_prefix_path.ps1'
[7.399s] INFO:colcon.colcon_core.shell:Creating environment descriptor '/home/kenji/Lakbay_Akbay_ros/install/robot_description/share/robot_description/hook/cmake_prefix_path.dsv'
[7.401s] INFO:colcon.colcon_core.shell:Creating environment hook '/home/kenji/Lakbay_Akbay_ros/install/robot_description/share/robot_description/hook/cmake_prefix_path.sh'
[7.403s] Level 1:colcon.colcon_core.environment:checking '/home/kenji/Lakbay_Akbay_ros/install/robot_description/bin'
[7.403s] Level 1:colcon.colcon_core.environment:checking '/home/kenji/Lakbay_Akbay_ros/install/robot_description/lib/pkgconfig/robot_description.pc'
[7.404s] Level 1:colcon.colcon_core.environment:checking '/home/kenji/Lakbay_Akbay_ros/install/robot_description/lib/python3.12/site-packages'
[7.405s] Level 1:colcon.colcon_core.environment:checking '/home/kenji/Lakbay_Akbay_ros/install/robot_description/bin'
[7.405s] INFO:colcon.colcon_core.shell:Creating package script '/home/kenji/Lakbay_Akbay_ros/install/robot_description/share/robot_description/package.ps1'
[7.407s] INFO:colcon.colcon_core.shell:Creating package descriptor '/home/kenji/Lakbay_Akbay_ros/install/robot_description/share/robot_description/package.dsv'
[7.409s] INFO:colcon.colcon_core.shell:Creating package script '/home/kenji/Lakbay_Akbay_ros/install/robot_description/share/robot_description/package.sh'
[7.410s] INFO:colcon.colcon_core.shell:Creating package script '/home/kenji/Lakbay_Akbay_ros/install/robot_description/share/robot_description/package.bash'
[7.412s] INFO:colcon.colcon_core.shell:Creating package script '/home/kenji/Lakbay_Akbay_ros/install/robot_description/share/robot_description/package.zsh'
[7.413s] Level 1:colcon.colcon_core.environment:create_file_with_runtime_dependencies(/home/kenji/Lakbay_Akbay_ros/install/robot_description/share/colcon-core/packages/robot_description)
[7.414s] INFO:colcon.colcon_ros.task.ament_cmake.build:Building ROS package in '/home/kenji/Lakbay_Akbay_ros/src/robot_moveit_config' with build type 'ament_cmake'
[7.414s] INFO:colcon.colcon_cmake.task.cmake.build:Building CMake package in '/home/kenji/Lakbay_Akbay_ros/src/robot_moveit_config'
[7.415s] INFO:colcon.colcon_core.shell:Skip shell extension 'powershell' for command environment: Not usable outside of PowerShell
[7.415s] DEBUG:colcon.colcon_core.shell:Skip shell extension 'dsv' for command environment
[7.487s] DEBUG:colcon.colcon_core.event_handler.log_command:Invoking command in '/home/kenji/Lakbay_Akbay_ros/build/robot_moveit_config': AMENT_PREFIX_PATH=/home/kenji/Lakbay_Akbay_ros/install/robot_description:${AMENT_PREFIX_PATH} CMAKE_PREFIX_PATH=/home/kenji/Lakbay_Akbay_ros/install/robot_description:/home/kenji/uros_ws/install/micro_ros_setup:/home/kenji/uros_ws/install/micro_ros_agent:/home/kenji/uros_ws/install/micro_ros_msgs:/home/kenji/ws_moveit/install/robotiq_hardware_tests:/home/kenji/ws_moveit/install/robotiq_driver:/home/kenji/ws_moveit/install/serial:/home/kenji/ws_moveit/install/moveit2_tutorials:/home/kenji/ws_moveit/install/moveit_visual_tools:/home/kenji/ws_moveit/install/rviz_visual_tools:/home/kenji/ws_moveit/install/moveit_task_constructor_demo:/home/kenji/ws_moveit/install/moveit_task_constructor_visualization:/home/kenji/ws_moveit/install/moveit_task_constructor_capabilities:/home/kenji/ws_moveit/install/moveit_task_constructor_core:/home/kenji/ws_moveit/install/rviz_marker_tools:/home/kenji/ws_moveit/install/kortex_bringup:/home/kenji/ws_moveit/install/kinova_gen3_lite_moveit_config:/home/kenji/ws_moveit/install/kinova_gen3_7dof_robotiq_2f_85_moveit_config:/home/kenji/ws_moveit/install/kinova_gen3_6dof_robotiq_2f_85_moveit_config:/home/kenji/ws_moveit/install/kortex_description:/home/kenji/ws_moveit/install/robotiq_description:/home/kenji/ws_moveit/install/robotiq_controllers:/home/kenji/ws_moveit/install/pilz_industrial_motion_planner_testutils:/home/kenji/ws_moveit/install/moveit_runtime:/home/kenji/ws_moveit/install/moveit:/home/kenji/ws_moveit/install/moveit_planners:/home/kenji/ws_moveit/install/pilz_industrial_motion_planner:/home/kenji/ws_moveit/install/moveit_task_constructor_msgs:/home/kenji/ws_moveit/install/moveit_ros_control_interface:/home/kenji/ws_moveit/install/moveit_plugins:/home/kenji/ws_moveit/install/moveit_simple_controller_manager:/home/kenji/ws_moveit/install/moveit_setup_assistant:/home/kenji/ws_moveit/install/moveit_setup_srdf_plugins:/home/kenji/ws_moveit/install/moveit_setup_core_plugins:/home/kenji/ws_moveit/install/moveit_setup_controllers:/home/kenji/ws_moveit/install/moveit_setup_app_plugins:/home/kenji/ws_moveit/install/moveit_setup_framework:/home/kenji/ws_moveit/install/moveit_servo:/home/kenji/ws_moveit/install/moveit_ros_trajectory_cache:/home/kenji/ws_moveit/install/moveit_ros:/home/kenji/ws_moveit/install/moveit_ros_visualization:/home/kenji/ws_moveit/install/moveit_py:/home/kenji/ws_moveit/install/moveit_hybrid_planning:/home/kenji/ws_moveit/install/moveit_ros_planning_interface:/home/kenji/ws_moveit/install/moveit_ros_benchmarks:/home/kenji/ws_moveit/install/moveit_ros_warehouse:/home/kenji/ws_moveit/install/moveit_ros_robot_interaction:/home/kenji/ws_moveit/install/moveit_ros_perception:/home/kenji/ws_moveit/install/moveit_resources_prbt_pg70_support:/home/kenji/ws_moveit/install/moveit_resources_prbt_moveit_config:/home/kenji/ws_moveit/install/moveit_ros_move_group:/home/kenji/ws_moveit/install/moveit_planners_ompl:/home/kenji/ws_moveit/install/moveit_kinematics:/home/kenji/ws_moveit/install/moveit_ros_planning:/home/kenji/ws_moveit/install/moveit_ros_occupancy_map_monitor:/home/kenji/ws_moveit/install/moveit_resources_prbt_support:/home/kenji/ws_moveit/install/moveit_resources_prbt_ikfast_manipulator_plugin:/home/kenji/ws_moveit/install/moveit_resources:/home/kenji/ws_moveit/install/moveit_resources_pr2_description:/home/kenji/ws_moveit/install/moveit_resources_panda_moveit_config:/home/kenji/ws_moveit/install/dual_arm_panda_moveit_config:/home/kenji/ws_moveit/install/moveit_resources_panda_description:/home/kenji/ws_moveit/install/moveit_resources_fanuc_moveit_config:/home/kenji/ws_moveit/install/moveit_resources_fanuc_description:/home/kenji/ws_moveit/install/moveit_planners_stomp:/home/kenji/ws_moveit/install/moveit_planners_chomp:/home/kenji/ws_moveit/install/chomp_motion_planner:/home/kenji/ws_moveit/install/moveit_core:/home/kenji/ws_moveit/install/moveit_msgs:/home/kenji/ws_moveit/install/moveit_common:/home/kenji/ws_moveit/install/kortex_driver:/home/kenji/ws_moveit/install/kortex_api:/opt/ros/jazzy/opt/gz_sim_vendor:/opt/ros/jazzy/opt/gz_sensors_vendor:/opt/ros/jazzy/opt/gz_physics_vendor:/opt/ros/jazzy/opt/sdformat_vendor:/opt/ros/jazzy/opt/gz_gui_vendor:/opt/ros/jazzy/opt/gz_transport_vendor:/opt/ros/jazzy/opt/gz_rendering_vendor:/opt/ros/jazzy/opt/gz_plugin_vendor:/opt/ros/jazzy/opt/gz_fuel_tools_vendor:/opt/ros/jazzy/opt/gz_msgs_vendor:/opt/ros/jazzy/opt/gz_common_vendor:/opt/ros/jazzy/opt/gz_math_vendor:/opt/ros/jazzy/opt/gz_utils_vendor:/opt/ros/jazzy/opt/gz_tools_vendor:/opt/ros/jazzy/opt/gz_ogre_next_vendor:/opt/ros/jazzy/opt/gz_dartsim_vendor:/opt/ros/jazzy/opt/gz_cmake_vendor:/home/kenji/ws_moveit/install/moveit_configs_utils:/opt/ros/jazzy DEBUGINFOD_URLS=https://debuginfod.ubuntu.com /usr/bin/cmake /home/kenji/Lakbay_Akbay_ros/src/robot_moveit_config -DAMENT_CMAKE_SYMLINK_INSTALL=1 -DCMAKE_INSTALL_PREFIX=/home/kenji/Lakbay_Akbay_ros/install/robot_moveit_config
[7.743s] Level 1:colcon.colcon_core.shell:create_environment_hook('pose_estimation', 'pythonpath_develop')
[7.744s] DEBUG:colcon.colcon_core.event_handler.log_command:Invoked command in '/home/kenji/Lakbay_Akbay_ros/build/pose_estimation' returned '0': DEBUGINFOD_URLS=https://debuginfod.ubuntu.com PYTHONPATH=/home/kenji/Lakbay_Akbay_ros/build/pose_estimation/prefix_override:/usr/lib/python3/dist-packages/colcon_core/task/python/colcon_distutils_commands:/home/kenji/Lakbay_Akbay_ros/install/pose_estimation/lib/python3.12/site-packages:${PYTHONPATH} /usr/bin/python3 -W ignore:setup.py install is deprecated -W ignore:easy_install command is deprecated setup.py develop --editable --build-directory /home/kenji/Lakbay_Akbay_ros/build/pose_estimation/build --no-deps symlink_data
[7.747s] INFO:colcon.colcon_core.shell:Creating environment hook '/home/kenji/Lakbay_Akbay_ros/build/pose_estimation/share/pose_estimation/hook/pythonpath_develop.ps1'
[7.748s] INFO:colcon.colcon_core.shell:Creating environment descriptor '/home/kenji/Lakbay_Akbay_ros/build/pose_estimation/share/pose_estimation/hook/pythonpath_develop.dsv'
[7.749s] INFO:colcon.colcon_core.shell:Creating environment hook '/home/kenji/Lakbay_Akbay_ros/build/pose_estimation/share/pose_estimation/hook/pythonpath_develop.sh'
[7.754s] Level 1:colcon.colcon_core.environment:checking '/home/kenji/Lakbay_Akbay_ros/install/pose_estimation' for CMake module files
[7.758s] Level 1:colcon.colcon_core.environment:checking '/home/kenji/Lakbay_Akbay_ros/install/pose_estimation' for CMake config files
[7.759s] Level 1:colcon.colcon_core.environment:checking '/home/kenji/Lakbay_Akbay_ros/install/pose_estimation/lib'
[7.763s] Level 1:colcon.colcon_core.environment:checking '/home/kenji/Lakbay_Akbay_ros/install/pose_estimation/bin'
[7.763s] Level 1:colcon.colcon_core.environment:checking '/home/kenji/Lakbay_Akbay_ros/install/pose_estimation/lib/pkgconfig/pose_estimation.pc'
[7.764s] Level 1:colcon.colcon_core.environment:checking '/home/kenji/Lakbay_Akbay_ros/install/pose_estimation/lib/python3.12/site-packages'
[7.766s] Level 1:colcon.colcon_core.shell:create_environment_hook('pose_estimation', 'pythonpath')
[7.768s] INFO:colcon.colcon_core.shell:Creating environment hook '/home/kenji/Lakbay_Akbay_ros/install/pose_estimation/share/pose_estimation/hook/pythonpath.ps1'
[7.769s] INFO:colcon.colcon_core.shell:Creating environment descriptor '/home/kenji/Lakbay_Akbay_ros/install/pose_estimation/share/pose_estimation/hook/pythonpath.dsv'
[7.771s] INFO:colcon.colcon_core.shell:Creating environment hook '/home/kenji/Lakbay_Akbay_ros/install/pose_estimation/share/pose_estimation/hook/pythonpath.sh'
[7.774s] Level 1:colcon.colcon_core.environment:checking '/home/kenji/Lakbay_Akbay_ros/install/pose_estimation/bin'
[7.775s] Level 1:colcon.colcon_core.environment:create_environment_scripts_only(pose_estimation)
[7.779s] INFO:colcon.colcon_core.shell:Creating package script '/home/kenji/Lakbay_Akbay_ros/install/pose_estimation/share/pose_estimation/package.ps1'
[7.781s] INFO:colcon.colcon_core.shell:Creating package descriptor '/home/kenji/Lakbay_Akbay_ros/install/pose_estimation/share/pose_estimation/package.dsv'
[7.782s] INFO:colcon.colcon_core.shell:Creating package script '/home/kenji/Lakbay_Akbay_ros/install/pose_estimation/share/pose_estimation/package.sh'
[7.791s] INFO:colcon.colcon_core.shell:Creating package script '/home/kenji/Lakbay_Akbay_ros/install/pose_estimation/share/pose_estimation/package.bash'
[7.792s] INFO:colcon.colcon_core.shell:Creating package script '/home/kenji/Lakbay_Akbay_ros/install/pose_estimation/share/pose_estimation/package.zsh'
[7.793s] Level 1:colcon.colcon_core.environment:create_file_with_runtime_dependencies(/home/kenji/Lakbay_Akbay_ros/install/pose_estimation/share/colcon-core/packages/pose_estimation)
[8.735s] Level 1:colcon.colcon_core.shell:create_environment_hook('arm_controller_switch', 'pythonpath_develop')
[8.736s] DEBUG:colcon.colcon_core.event_handler.log_command:Invoked command in '/home/kenji/Lakbay_Akbay_ros/build/arm_controller_switch' returned '0': DEBUGINFOD_URLS=https://debuginfod.ubuntu.com PYTHONPATH=/home/kenji/Lakbay_Akbay_ros/build/arm_controller_switch/prefix_override:/usr/lib/python3/dist-packages/colcon_core/task/python/colcon_distutils_commands:/home/kenji/Lakbay_Akbay_ros/install/arm_controller_switch/lib/python3.12/site-packages:${PYTHONPATH} /usr/bin/python3 -W ignore:setup.py install is deprecated -W ignore:easy_install command is deprecated setup.py develop --editable --build-directory /home/kenji/Lakbay_Akbay_ros/build/arm_controller_switch/build --no-deps symlink_data
[8.736s] INFO:colcon.colcon_core.shell:Creating environment hook '/home/kenji/Lakbay_Akbay_ros/build/arm_controller_switch/share/arm_controller_switch/hook/pythonpath_develop.ps1'
[8.738s] INFO:colcon.colcon_core.shell:Creating environment descriptor '/home/kenji/Lakbay_Akbay_ros/build/arm_controller_switch/share/arm_controller_switch/hook/pythonpath_develop.dsv'
[8.739s] INFO:colcon.colcon_core.shell:Creating environment hook '/home/kenji/Lakbay_Akbay_ros/build/arm_controller_switch/share/arm_controller_switch/hook/pythonpath_develop.sh'
[8.742s] Level 1:colcon.colcon_core.environment:checking '/home/kenji/Lakbay_Akbay_ros/install/arm_controller_switch' for CMake module files
[8.743s] Level 1:colcon.colcon_core.environment:checking '/home/kenji/Lakbay_Akbay_ros/install/arm_controller_switch' for CMake config files
[8.745s] Level 1:colcon.colcon_core.environment:checking '/home/kenji/Lakbay_Akbay_ros/install/arm_controller_switch/lib'
[8.745s] Level 1:colcon.colcon_core.environment:checking '/home/kenji/Lakbay_Akbay_ros/install/arm_controller_switch/bin'
[8.745s] Level 1:colcon.colcon_core.environment:checking '/home/kenji/Lakbay_Akbay_ros/install/arm_controller_switch/lib/pkgconfig/arm_controller_switch.pc'
[8.746s] Level 1:colcon.colcon_core.environment:checking '/home/kenji/Lakbay_Akbay_ros/install/arm_controller_switch/lib/python3.12/site-packages'
[8.746s] Level 1:colcon.colcon_core.shell:create_environment_hook('arm_controller_switch', 'pythonpath')
[8.748s] INFO:colcon.colcon_core.shell:Creating environment hook '/home/kenji/Lakbay_Akbay_ros/install/arm_controller_switch/share/arm_controller_switch/hook/pythonpath.ps1'
[8.752s] INFO:colcon.colcon_core.shell:Creating environment descriptor '/home/kenji/Lakbay_Akbay_ros/install/arm_controller_switch/share/arm_controller_switch/hook/pythonpath.dsv'
[8.755s] INFO:colcon.colcon_core.shell:Creating environment hook '/home/kenji/Lakbay_Akbay_ros/install/arm_controller_switch/share/arm_controller_switch/hook/pythonpath.sh'
[8.758s] Level 1:colcon.colcon_core.environment:checking '/home/kenji/Lakbay_Akbay_ros/install/arm_controller_switch/bin'
[8.758s] Level 1:colcon.colcon_core.environment:create_environment_scripts_only(arm_controller_switch)
[8.764s] INFO:colcon.colcon_core.shell:Creating package script '/home/kenji/Lakbay_Akbay_ros/install/arm_controller_switch/share/arm_controller_switch/package.ps1'
[8.767s] INFO:colcon.colcon_core.shell:Creating package descriptor '/home/kenji/Lakbay_Akbay_ros/install/arm_controller_switch/share/arm_controller_switch/package.dsv'
[8.772s] INFO:colcon.colcon_core.shell:Creating package script '/home/kenji/Lakbay_Akbay_ros/install/arm_controller_switch/share/arm_controller_switch/package.sh'
[8.777s] INFO:colcon.colcon_core.shell:Creating package script '/home/kenji/Lakbay_Akbay_ros/install/arm_controller_switch/share/arm_controller_switch/package.bash'
[8.778s] INFO:colcon.colcon_core.shell:Creating package script '/home/kenji/Lakbay_Akbay_ros/install/arm_controller_switch/share/arm_controller_switch/package.zsh'
[8.779s] Level 1:colcon.colcon_core.environment:create_file_with_runtime_dependencies(/home/kenji/Lakbay_Akbay_ros/install/arm_controller_switch/share/colcon-core/packages/arm_controller_switch)
[10.735s] DEBUG:colcon.colcon_core.event_handler.log_command:Invoked command in '/home/kenji/Lakbay_Akbay_ros/build/robot_moveit_config' returned '0': AMENT_PREFIX_PATH=/home/kenji/Lakbay_Akbay_ros/install/robot_description:${AMENT_PREFIX_PATH} CMAKE_PREFIX_PATH=/home/kenji/Lakbay_Akbay_ros/install/robot_description:/home/kenji/uros_ws/install/micro_ros_setup:/home/kenji/uros_ws/install/micro_ros_agent:/home/kenji/uros_ws/install/micro_ros_msgs:/home/kenji/ws_moveit/install/robotiq_hardware_tests:/home/kenji/ws_moveit/install/robotiq_driver:/home/kenji/ws_moveit/install/serial:/home/kenji/ws_moveit/install/moveit2_tutorials:/home/kenji/ws_moveit/install/moveit_visual_tools:/home/kenji/ws_moveit/install/rviz_visual_tools:/home/kenji/ws_moveit/install/moveit_task_constructor_demo:/home/kenji/ws_moveit/install/moveit_task_constructor_visualization:/home/kenji/ws_moveit/install/moveit_task_constructor_capabilities:/home/kenji/ws_moveit/install/moveit_task_constructor_core:/home/kenji/ws_moveit/install/rviz_marker_tools:/home/kenji/ws_moveit/install/kortex_bringup:/home/kenji/ws_moveit/install/kinova_gen3_lite_moveit_config:/home/kenji/ws_moveit/install/kinova_gen3_7dof_robotiq_2f_85_moveit_config:/home/kenji/ws_moveit/install/kinova_gen3_6dof_robotiq_2f_85_moveit_config:/home/kenji/ws_moveit/install/kortex_description:/home/kenji/ws_moveit/install/robotiq_description:/home/kenji/ws_moveit/install/robotiq_controllers:/home/kenji/ws_moveit/install/pilz_industrial_motion_planner_testutils:/home/kenji/ws_moveit/install/moveit_runtime:/home/kenji/ws_moveit/install/moveit:/home/kenji/ws_moveit/install/moveit_planners:/home/kenji/ws_moveit/install/pilz_industrial_motion_planner:/home/kenji/ws_moveit/install/moveit_task_constructor_msgs:/home/kenji/ws_moveit/install/moveit_ros_control_interface:/home/kenji/ws_moveit/install/moveit_plugins:/home/kenji/ws_moveit/install/moveit_simple_controller_manager:/home/kenji/ws_moveit/install/moveit_setup_assistant:/home/kenji/ws_moveit/install/moveit_setup_srdf_plugins:/home/kenji/ws_moveit/install/moveit_setup_core_plugins:/home/kenji/ws_moveit/install/moveit_setup_controllers:/home/kenji/ws_moveit/install/moveit_setup_app_plugins:/home/kenji/ws_moveit/install/moveit_setup_framework:/home/kenji/ws_moveit/install/moveit_servo:/home/kenji/ws_moveit/install/moveit_ros_trajectory_cache:/home/kenji/ws_moveit/install/moveit_ros:/home/kenji/ws_moveit/install/moveit_ros_visualization:/home/kenji/ws_moveit/install/moveit_py:/home/kenji/ws_moveit/install/moveit_hybrid_planning:/home/kenji/ws_moveit/install/moveit_ros_planning_interface:/home/kenji/ws_moveit/install/moveit_ros_benchmarks:/home/kenji/ws_moveit/install/moveit_ros_warehouse:/home/kenji/ws_moveit/install/moveit_ros_robot_interaction:/home/kenji/ws_moveit/install/moveit_ros_perception:/home/kenji/ws_moveit/install/moveit_resources_prbt_pg70_support:/home/kenji/ws_moveit/install/moveit_resources_prbt_moveit_config:/home/kenji/ws_moveit/install/moveit_ros_move_group:/home/kenji/ws_moveit/install/moveit_planners_ompl:/home/kenji/ws_moveit/install/moveit_kinematics:/home/kenji/ws_moveit/install/moveit_ros_planning:/home/kenji/ws_moveit/install/moveit_ros_occupancy_map_monitor:/home/kenji/ws_moveit/install/moveit_resources_prbt_support:/home/kenji/ws_moveit/install/moveit_resources_prbt_ikfast_manipulator_plugin:/home/kenji/ws_moveit/install/moveit_resources:/home/kenji/ws_moveit/install/moveit_resources_pr2_description:/home/kenji/ws_moveit/install/moveit_resources_panda_moveit_config:/home/kenji/ws_moveit/install/dual_arm_panda_moveit_config:/home/kenji/ws_moveit/install/moveit_resources_panda_description:/home/kenji/ws_moveit/install/moveit_resources_fanuc_moveit_config:/home/kenji/ws_moveit/install/moveit_resources_fanuc_description:/home/kenji/ws_moveit/install/moveit_planners_stomp:/home/kenji/ws_moveit/install/moveit_planners_chomp:/home/kenji/ws_moveit/install/chomp_motion_planner:/home/kenji/ws_moveit/install/moveit_core:/home/kenji/ws_moveit/install/moveit_msgs:/home/kenji/ws_moveit/install/moveit_common:/home/kenji/ws_moveit/install/kortex_driver:/home/kenji/ws_moveit/install/kortex_api:/opt/ros/jazzy/opt/gz_sim_vendor:/opt/ros/jazzy/opt/gz_sensors_vendor:/opt/ros/jazzy/opt/gz_physics_vendor:/opt/ros/jazzy/opt/sdformat_vendor:/opt/ros/jazzy/opt/gz_gui_vendor:/opt/ros/jazzy/opt/gz_transport_vendor:/opt/ros/jazzy/opt/gz_rendering_vendor:/opt/ros/jazzy/opt/gz_plugin_vendor:/opt/ros/jazzy/opt/gz_fuel_tools_vendor:/opt/ros/jazzy/opt/gz_msgs_vendor:/opt/ros/jazzy/opt/gz_common_vendor:/opt/ros/jazzy/opt/gz_math_vendor:/opt/ros/jazzy/opt/gz_utils_vendor:/opt/ros/jazzy/opt/gz_tools_vendor:/opt/ros/jazzy/opt/gz_ogre_next_vendor:/opt/ros/jazzy/opt/gz_dartsim_vendor:/opt/ros/jazzy/opt/gz_cmake_vendor:/home/kenji/ws_moveit/install/moveit_configs_utils:/opt/ros/jazzy DEBUGINFOD_URLS=https://debuginfod.ubuntu.com /usr/bin/cmake /home/kenji/Lakbay_Akbay_ros/src/robot_moveit_config -DAMENT_CMAKE_SYMLINK_INSTALL=1 -DCMAKE_INSTALL_PREFIX=/home/kenji/Lakbay_Akbay_ros/install/robot_moveit_config
[10.736s] DEBUG:colcon.colcon_core.event_handler.log_command:Invoking command in '/home/kenji/Lakbay_Akbay_ros/build/robot_moveit_config': AMENT_PREFIX_PATH=/home/kenji/Lakbay_Akbay_ros/install/robot_description:${AMENT_PREFIX_PATH} CMAKE_PREFIX_PATH=/home/kenji/Lakbay_Akbay_ros/install/robot_description:/home/kenji/uros_ws/install/micro_ros_setup:/home/kenji/uros_ws/install/micro_ros_agent:/home/kenji/uros_ws/install/micro_ros_msgs:/home/kenji/ws_moveit/install/robotiq_hardware_tests:/home/kenji/ws_moveit/install/robotiq_driver:/home/kenji/ws_moveit/install/serial:/home/kenji/ws_moveit/install/moveit2_tutorials:/home/kenji/ws_moveit/install/moveit_visual_tools:/home/kenji/ws_moveit/install/rviz_visual_tools:/home/kenji/ws_moveit/install/moveit_task_constructor_demo:/home/kenji/ws_moveit/install/moveit_task_constructor_visualization:/home/kenji/ws_moveit/install/moveit_task_constructor_capabilities:/home/kenji/ws_moveit/install/moveit_task_constructor_core:/home/kenji/ws_moveit/install/rviz_marker_tools:/home/kenji/ws_moveit/install/kortex_bringup:/home/kenji/ws_moveit/install/kinova_gen3_lite_moveit_config:/home/kenji/ws_moveit/install/kinova_gen3_7dof_robotiq_2f_85_moveit_config:/home/kenji/ws_moveit/install/kinova_gen3_6dof_robotiq_2f_85_moveit_config:/home/kenji/ws_moveit/install/kortex_description:/home/kenji/ws_moveit/install/robotiq_description:/home/kenji/ws_moveit/install/robotiq_controllers:/home/kenji/ws_moveit/install/pilz_industrial_motion_planner_testutils:/home/kenji/ws_moveit/install/moveit_runtime:/home/kenji/ws_moveit/install/moveit:/home/kenji/ws_moveit/install/moveit_planners:/home/kenji/ws_moveit/install/pilz_industrial_motion_planner:/home/kenji/ws_moveit/install/moveit_task_constructor_msgs:/home/kenji/ws_moveit/install/moveit_ros_control_interface:/home/kenji/ws_moveit/install/moveit_plugins:/home/kenji/ws_moveit/install/moveit_simple_controller_manager:/home/kenji/ws_moveit/install/moveit_setup_assistant:/home/kenji/ws_moveit/install/moveit_setup_srdf_plugins:/home/kenji/ws_moveit/install/moveit_setup_core_plugins:/home/kenji/ws_moveit/install/moveit_setup_controllers:/home/kenji/ws_moveit/install/moveit_setup_app_plugins:/home/kenji/ws_moveit/install/moveit_setup_framework:/home/kenji/ws_moveit/install/moveit_servo:/home/kenji/ws_moveit/install/moveit_ros_trajectory_cache:/home/kenji/ws_moveit/install/moveit_ros:/home/kenji/ws_moveit/install/moveit_ros_visualization:/home/kenji/ws_moveit/install/moveit_py:/home/kenji/ws_moveit/install/moveit_hybrid_planning:/home/kenji/ws_moveit/install/moveit_ros_planning_interface:/home/kenji/ws_moveit/install/moveit_ros_benchmarks:/home/kenji/ws_moveit/install/moveit_ros_warehouse:/home/kenji/ws_moveit/install/moveit_ros_robot_interaction:/home/kenji/ws_moveit/install/moveit_ros_perception:/home/kenji/ws_moveit/install/moveit_resources_prbt_pg70_support:/home/kenji/ws_moveit/install/moveit_resources_prbt_moveit_config:/home/kenji/ws_moveit/install/moveit_ros_move_group:/home/kenji/ws_moveit/install/moveit_planners_ompl:/home/kenji/ws_moveit/install/moveit_kinematics:/home/kenji/ws_moveit/install/moveit_ros_planning:/home/kenji/ws_moveit/install/moveit_ros_occupancy_map_monitor:/home/kenji/ws_moveit/install/moveit_resources_prbt_support:/home/kenji/ws_moveit/install/moveit_resources_prbt_ikfast_manipulator_plugin:/home/kenji/ws_moveit/install/moveit_resources:/home/kenji/ws_moveit/install/moveit_resources_pr2_description:/home/kenji/ws_moveit/install/moveit_resources_panda_moveit_config:/home/kenji/ws_moveit/install/dual_arm_panda_moveit_config:/home/kenji/ws_moveit/install/moveit_resources_panda_description:/home/kenji/ws_moveit/install/moveit_resources_fanuc_moveit_config:/home/kenji/ws_moveit/install/moveit_resources_fanuc_description:/home/kenji/ws_moveit/install/moveit_planners_stomp:/home/kenji/ws_moveit/install/moveit_planners_chomp:/home/kenji/ws_moveit/install/chomp_motion_planner:/home/kenji/ws_moveit/install/moveit_core:/home/kenji/ws_moveit/install/moveit_msgs:/home/kenji/ws_moveit/install/moveit_common:/home/kenji/ws_moveit/install/kortex_driver:/home/kenji/ws_moveit/install/kortex_api:/opt/ros/jazzy/opt/gz_sim_vendor:/opt/ros/jazzy/opt/gz_sensors_vendor:/opt/ros/jazzy/opt/gz_physics_vendor:/opt/ros/jazzy/opt/sdformat_vendor:/opt/ros/jazzy/opt/gz_gui_vendor:/opt/ros/jazzy/opt/gz_transport_vendor:/opt/ros/jazzy/opt/gz_rendering_vendor:/opt/ros/jazzy/opt/gz_plugin_vendor:/opt/ros/jazzy/opt/gz_fuel_tools_vendor:/opt/ros/jazzy/opt/gz_msgs_vendor:/opt/ros/jazzy/opt/gz_common_vendor:/opt/ros/jazzy/opt/gz_math_vendor:/opt/ros/jazzy/opt/gz_utils_vendor:/opt/ros/jazzy/opt/gz_tools_vendor:/opt/ros/jazzy/opt/gz_ogre_next_vendor:/opt/ros/jazzy/opt/gz_dartsim_vendor:/opt/ros/jazzy/opt/gz_cmake_vendor:/home/kenji/ws_moveit/install/moveit_configs_utils:/opt/ros/jazzy DEBUGINFOD_URLS=https://debuginfod.ubuntu.com /usr/bin/cmake --build /home/kenji/Lakbay_Akbay_ros/build/robot_moveit_config -- -j4 -l4
[10.922s] DEBUG:colcon.colcon_core.event_handler.log_command:Invoked command in '/home/kenji/Lakbay_Akbay_ros/build/robot_moveit_config' returned '0': AMENT_PREFIX_PATH=/home/kenji/Lakbay_Akbay_ros/install/robot_description:${AMENT_PREFIX_PATH} CMAKE_PREFIX_PATH=/home/kenji/Lakbay_Akbay_ros/install/robot_description:/home/kenji/uros_ws/install/micro_ros_setup:/home/kenji/uros_ws/install/micro_ros_agent:/home/kenji/uros_ws/install/micro_ros_msgs:/home/kenji/ws_moveit/install/robotiq_hardware_tests:/home/kenji/ws_moveit/install/robotiq_driver:/home/kenji/ws_moveit/install/serial:/home/kenji/ws_moveit/install/moveit2_tutorials:/home/kenji/ws_moveit/install/moveit_visual_tools:/home/kenji/ws_moveit/install/rviz_visual_tools:/home/kenji/ws_moveit/install/moveit_task_constructor_demo:/home/kenji/ws_moveit/install/moveit_task_constructor_visualization:/home/kenji/ws_moveit/install/moveit_task_constructor_capabilities:/home/kenji/ws_moveit/install/moveit_task_constructor_core:/home/kenji/ws_moveit/install/rviz_marker_tools:/home/kenji/ws_moveit/install/kortex_bringup:/home/kenji/ws_moveit/install/kinova_gen3_lite_moveit_config:/home/kenji/ws_moveit/install/kinova_gen3_7dof_robotiq_2f_85_moveit_config:/home/kenji/ws_moveit/install/kinova_gen3_6dof_robotiq_2f_85_moveit_config:/home/kenji/ws_moveit/install/kortex_description:/home/kenji/ws_moveit/install/robotiq_description:/home/kenji/ws_moveit/install/robotiq_controllers:/home/kenji/ws_moveit/install/pilz_industrial_motion_planner_testutils:/home/kenji/ws_moveit/install/moveit_runtime:/home/kenji/ws_moveit/install/moveit:/home/kenji/ws_moveit/install/moveit_planners:/home/kenji/ws_moveit/install/pilz_industrial_motion_planner:/home/kenji/ws_moveit/install/moveit_task_constructor_msgs:/home/kenji/ws_moveit/install/moveit_ros_control_interface:/home/kenji/ws_moveit/install/moveit_plugins:/home/kenji/ws_moveit/install/moveit_simple_controller_manager:/home/kenji/ws_moveit/install/moveit_setup_assistant:/home/kenji/ws_moveit/install/moveit_setup_srdf_plugins:/home/kenji/ws_moveit/install/moveit_setup_core_plugins:/home/kenji/ws_moveit/install/moveit_setup_controllers:/home/kenji/ws_moveit/install/moveit_setup_app_plugins:/home/kenji/ws_moveit/install/moveit_setup_framework:/home/kenji/ws_moveit/install/moveit_servo:/home/kenji/ws_moveit/install/moveit_ros_trajectory_cache:/home/kenji/ws_moveit/install/moveit_ros:/home/kenji/ws_moveit/install/moveit_ros_visualization:/home/kenji/ws_moveit/install/moveit_py:/home/kenji/ws_moveit/install/moveit_hybrid_planning:/home/kenji/ws_moveit/install/moveit_ros_planning_interface:/home/kenji/ws_moveit/install/moveit_ros_benchmarks:/home/kenji/ws_moveit/install/moveit_ros_warehouse:/home/kenji/ws_moveit/install/moveit_ros_robot_interaction:/home/kenji/ws_moveit/install/moveit_ros_perception:/home/kenji/ws_moveit/install/moveit_resources_prbt_pg70_support:/home/kenji/ws_moveit/install/moveit_resources_prbt_moveit_config:/home/kenji/ws_moveit/install/moveit_ros_move_group:/home/kenji/ws_moveit/install/moveit_planners_ompl:/home/kenji/ws_moveit/install/moveit_kinematics:/home/kenji/ws_moveit/install/moveit_ros_planning:/home/kenji/ws_moveit/install/moveit_ros_occupancy_map_monitor:/home/kenji/ws_moveit/install/moveit_resources_prbt_support:/home/kenji/ws_moveit/install/moveit_resources_prbt_ikfast_manipulator_plugin:/home/kenji/ws_moveit/install/moveit_resources:/home/kenji/ws_moveit/install/moveit_resources_pr2_description:/home/kenji/ws_moveit/install/moveit_resources_panda_moveit_config:/home/kenji/ws_moveit/install/dual_arm_panda_moveit_config:/home/kenji/ws_moveit/install/moveit_resources_panda_description:/home/kenji/ws_moveit/install/moveit_resources_fanuc_moveit_config:/home/kenji/ws_moveit/install/moveit_resources_fanuc_description:/home/kenji/ws_moveit/install/moveit_planners_stomp:/home/kenji/ws_moveit/install/moveit_planners_chomp:/home/kenji/ws_moveit/install/chomp_motion_planner:/home/kenji/ws_moveit/install/moveit_core:/home/kenji/ws_moveit/install/moveit_msgs:/home/kenji/ws_moveit/install/moveit_common:/home/kenji/ws_moveit/install/kortex_driver:/home/kenji/ws_moveit/install/kortex_api:/opt/ros/jazzy/opt/gz_sim_vendor:/opt/ros/jazzy/opt/gz_sensors_vendor:/opt/ros/jazzy/opt/gz_physics_vendor:/opt/ros/jazzy/opt/sdformat_vendor:/opt/ros/jazzy/opt/gz_gui_vendor:/opt/ros/jazzy/opt/gz_transport_vendor:/opt/ros/jazzy/opt/gz_rendering_vendor:/opt/ros/jazzy/opt/gz_plugin_vendor:/opt/ros/jazzy/opt/gz_fuel_tools_vendor:/opt/ros/jazzy/opt/gz_msgs_vendor:/opt/ros/jazzy/opt/gz_common_vendor:/opt/ros/jazzy/opt/gz_math_vendor:/opt/ros/jazzy/opt/gz_utils_vendor:/opt/ros/jazzy/opt/gz_tools_vendor:/opt/ros/jazzy/opt/gz_ogre_next_vendor:/opt/ros/jazzy/opt/gz_dartsim_vendor:/opt/ros/jazzy/opt/gz_cmake_vendor:/home/kenji/ws_moveit/install/moveit_configs_utils:/opt/ros/jazzy DEBUGINFOD_URLS=https://debuginfod.ubuntu.com /usr/bin/cmake --build /home/kenji/Lakbay_Akbay_ros/build/robot_moveit_config -- -j4 -l4
[10.923s] DEBUG:colcon.colcon_core.event_handler.log_command:Invoking command in '/home/kenji/Lakbay_Akbay_ros/build/robot_moveit_config': AMENT_PREFIX_PATH=/home/kenji/Lakbay_Akbay_ros/install/robot_description:${AMENT_PREFIX_PATH} CMAKE_PREFIX_PATH=/home/kenji/Lakbay_Akbay_ros/install/robot_description:/home/kenji/uros_ws/install/micro_ros_setup:/home/kenji/uros_ws/install/micro_ros_agent:/home/kenji/uros_ws/install/micro_ros_msgs:/home/kenji/ws_moveit/install/robotiq_hardware_tests:/home/kenji/ws_moveit/install/robotiq_driver:/home/kenji/ws_moveit/install/serial:/home/kenji/ws_moveit/install/moveit2_tutorials:/home/kenji/ws_moveit/install/moveit_visual_tools:/home/kenji/ws_moveit/install/rviz_visual_tools:/home/kenji/ws_moveit/install/moveit_task_constructor_demo:/home/kenji/ws_moveit/install/moveit_task_constructor_visualization:/home/kenji/ws_moveit/install/moveit_task_constructor_capabilities:/home/kenji/ws_moveit/install/moveit_task_constructor_core:/home/kenji/ws_moveit/install/rviz_marker_tools:/home/kenji/ws_moveit/install/kortex_bringup:/home/kenji/ws_moveit/install/kinova_gen3_lite_moveit_config:/home/kenji/ws_moveit/install/kinova_gen3_7dof_robotiq_2f_85_moveit_config:/home/kenji/ws_moveit/install/kinova_gen3_6dof_robotiq_2f_85_moveit_config:/home/kenji/ws_moveit/install/kortex_description:/home/kenji/ws_moveit/install/robotiq_description:/home/kenji/ws_moveit/install/robotiq_controllers:/home/kenji/ws_moveit/install/pilz_industrial_motion_planner_testutils:/home/kenji/ws_moveit/install/moveit_runtime:/home/kenji/ws_moveit/install/moveit:/home/kenji/ws_moveit/install/moveit_planners:/home/kenji/ws_moveit/install/pilz_industrial_motion_planner:/home/kenji/ws_moveit/install/moveit_task_constructor_msgs:/home/kenji/ws_moveit/install/moveit_ros_control_interface:/home/kenji/ws_moveit/install/moveit_plugins:/home/kenji/ws_moveit/install/moveit_simple_controller_manager:/home/kenji/ws_moveit/install/moveit_setup_assistant:/home/kenji/ws_moveit/install/moveit_setup_srdf_plugins:/home/kenji/ws_moveit/install/moveit_setup_core_plugins:/home/kenji/ws_moveit/install/moveit_setup_controllers:/home/kenji/ws_moveit/install/moveit_setup_app_plugins:/home/kenji/ws_moveit/install/moveit_setup_framework:/home/kenji/ws_moveit/install/moveit_servo:/home/kenji/ws_moveit/install/moveit_ros_trajectory_cache:/home/kenji/ws_moveit/install/moveit_ros:/home/kenji/ws_moveit/install/moveit_ros_visualization:/home/kenji/ws_moveit/install/moveit_py:/home/kenji/ws_moveit/install/moveit_hybrid_planning:/home/kenji/ws_moveit/install/moveit_ros_planning_interface:/home/kenji/ws_moveit/install/moveit_ros_benchmarks:/home/kenji/ws_moveit/install/moveit_ros_warehouse:/home/kenji/ws_moveit/install/moveit_ros_robot_interaction:/home/kenji/ws_moveit/install/moveit_ros_perception:/home/kenji/ws_moveit/install/moveit_resources_prbt_pg70_support:/home/kenji/ws_moveit/install/moveit_resources_prbt_moveit_config:/home/kenji/ws_moveit/install/moveit_ros_move_group:/home/kenji/ws_moveit/install/moveit_planners_ompl:/home/kenji/ws_moveit/install/moveit_kinematics:/home/kenji/ws_moveit/install/moveit_ros_planning:/home/kenji/ws_moveit/install/moveit_ros_occupancy_map_monitor:/home/kenji/ws_moveit/install/moveit_resources_prbt_support:/home/kenji/ws_moveit/install/moveit_resources_prbt_ikfast_manipulator_plugin:/home/kenji/ws_moveit/install/moveit_resources:/home/kenji/ws_moveit/install/moveit_resources_pr2_description:/home/kenji/ws_moveit/install/moveit_resources_panda_moveit_config:/home/kenji/ws_moveit/install/dual_arm_panda_moveit_config:/home/kenji/ws_moveit/install/moveit_resources_panda_description:/home/kenji/ws_moveit/install/moveit_resources_fanuc_moveit_config:/home/kenji/ws_moveit/install/moveit_resources_fanuc_description:/home/kenji/ws_moveit/install/moveit_planners_stomp:/home/kenji/ws_moveit/install/moveit_planners_chomp:/home/kenji/ws_moveit/install/chomp_motion_planner:/home/kenji/ws_moveit/install/moveit_core:/home/kenji/ws_moveit/install/moveit_msgs:/home/kenji/ws_moveit/install/moveit_common:/home/kenji/ws_moveit/install/kortex_driver:/home/kenji/ws_moveit/install/kortex_api:/opt/ros/jazzy/opt/gz_sim_vendor:/opt/ros/jazzy/opt/gz_sensors_vendor:/opt/ros/jazzy/opt/gz_physics_vendor:/opt/ros/jazzy/opt/sdformat_vendor:/opt/ros/jazzy/opt/gz_gui_vendor:/opt/ros/jazzy/opt/gz_transport_vendor:/opt/ros/jazzy/opt/gz_rendering_vendor:/opt/ros/jazzy/opt/gz_plugin_vendor:/opt/ros/jazzy/opt/gz_fuel_tools_vendor:/opt/ros/jazzy/opt/gz_msgs_vendor:/opt/ros/jazzy/opt/gz_common_vendor:/opt/ros/jazzy/opt/gz_math_vendor:/opt/ros/jazzy/opt/gz_utils_vendor:/opt/ros/jazzy/opt/gz_tools_vendor:/opt/ros/jazzy/opt/gz_ogre_next_vendor:/opt/ros/jazzy/opt/gz_dartsim_vendor:/opt/ros/jazzy/opt/gz_cmake_vendor:/home/kenji/ws_moveit/install/moveit_configs_utils:/opt/ros/jazzy DEBUGINFOD_URLS=https://debuginfod.ubuntu.com /usr/bin/cmake --install /home/kenji/Lakbay_Akbay_ros/build/robot_moveit_config
[12.427s] DEBUG:colcon.colcon_core.event_handler.log_command:Invoked command in '/home/kenji/Lakbay_Akbay_ros/build/joint_state_topic_hardware_interface' returned '0': CMAKE_PREFIX_PATH=${CMAKE_PREFIX_PATH}:/home/kenji/ws_moveit/install/moveit_configs_utils:/opt/ros/jazzy DEBUGINFOD_URLS=https://debuginfod.ubuntu.com /usr/bin/cmake /home/kenji/Lakbay_Akbay_ros/src/topic_based_hardware_interfaces/joint_state_topic_hardware_interface -DAMENT_CMAKE_SYMLINK_INSTALL=1 -DCMAKE_INSTALL_PREFIX=/home/kenji/Lakbay_Akbay_ros/install/joint_state_topic_hardware_interface
[12.429s] DEBUG:colcon.colcon_core.event_handler.log_command:Invoking command in '/home/kenji/Lakbay_Akbay_ros/build/joint_state_topic_hardware_interface': CMAKE_PREFIX_PATH=${CMAKE_PREFIX_PATH}:/home/kenji/ws_moveit/install/moveit_configs_utils:/opt/ros/jazzy DEBUGINFOD_URLS=https://debuginfod.ubuntu.com /usr/bin/cmake --build /home/kenji/Lakbay_Akbay_ros/build/joint_state_topic_hardware_interface -- -j4 -l4
[12.431s] Level 1:colcon.colcon_core.environment:create_environment_scripts_only(robot_moveit_config)
[12.432s] Level 1:colcon.colcon_core.environment:checking '/home/kenji/Lakbay_Akbay_ros/install/robot_moveit_config' for CMake module files
[12.433s] DEBUG:colcon.colcon_core.event_handler.log_command:Invoked command in '/home/kenji/Lakbay_Akbay_ros/build/robot_moveit_config' returned '0': AMENT_PREFIX_PATH=/home/kenji/Lakbay_Akbay_ros/install/robot_description:${AMENT_PREFIX_PATH} CMAKE_PREFIX_PATH=/home/kenji/Lakbay_Akbay_ros/install/robot_description:/home/kenji/uros_ws/install/micro_ros_setup:/home/kenji/uros_ws/install/micro_ros_agent:/home/kenji/uros_ws/install/micro_ros_msgs:/home/kenji/ws_moveit/install/robotiq_hardware_tests:/home/kenji/ws_moveit/install/robotiq_driver:/home/kenji/ws_moveit/install/serial:/home/kenji/ws_moveit/install/moveit2_tutorials:/home/kenji/ws_moveit/install/moveit_visual_tools:/home/kenji/ws_moveit/install/rviz_visual_tools:/home/kenji/ws_moveit/install/moveit_task_constructor_demo:/home/kenji/ws_moveit/install/moveit_task_constructor_visualization:/home/kenji/ws_moveit/install/moveit_task_constructor_capabilities:/home/kenji/ws_moveit/install/moveit_task_constructor_core:/home/kenji/ws_moveit/install/rviz_marker_tools:/home/kenji/ws_moveit/install/kortex_bringup:/home/kenji/ws_moveit/install/kinova_gen3_lite_moveit_config:/home/kenji/ws_moveit/install/kinova_gen3_7dof_robotiq_2f_85_moveit_config:/home/kenji/ws_moveit/install/kinova_gen3_6dof_robotiq_2f_85_moveit_config:/home/kenji/ws_moveit/install/kortex_description:/home/kenji/ws_moveit/install/robotiq_description:/home/kenji/ws_moveit/install/robotiq_controllers:/home/kenji/ws_moveit/install/pilz_industrial_motion_planner_testutils:/home/kenji/ws_moveit/install/moveit_runtime:/home/kenji/ws_moveit/install/moveit:/home/kenji/ws_moveit/install/moveit_planners:/home/kenji/ws_moveit/install/pilz_industrial_motion_planner:/home/kenji/ws_moveit/install/moveit_task_constructor_msgs:/home/kenji/ws_moveit/install/moveit_ros_control_interface:/home/kenji/ws_moveit/install/moveit_plugins:/home/kenji/ws_moveit/install/moveit_simple_controller_manager:/home/kenji/ws_moveit/install/moveit_setup_assistant:/home/kenji/ws_moveit/install/moveit_setup_srdf_plugins:/home/kenji/ws_moveit/install/moveit_setup_core_plugins:/home/kenji/ws_moveit/install/moveit_setup_controllers:/home/kenji/ws_moveit/install/moveit_setup_app_plugins:/home/kenji/ws_moveit/install/moveit_setup_framework:/home/kenji/ws_moveit/install/moveit_servo:/home/kenji/ws_moveit/install/moveit_ros_trajectory_cache:/home/kenji/ws_moveit/install/moveit_ros:/home/kenji/ws_moveit/install/moveit_ros_visualization:/home/kenji/ws_moveit/install/moveit_py:/home/kenji/ws_moveit/install/moveit_hybrid_planning:/home/kenji/ws_moveit/install/moveit_ros_planning_interface:/home/kenji/ws_moveit/install/moveit_ros_benchmarks:/home/kenji/ws_moveit/install/moveit_ros_warehouse:/home/kenji/ws_moveit/install/moveit_ros_robot_interaction:/home/kenji/ws_moveit/install/moveit_ros_perception:/home/kenji/ws_moveit/install/moveit_resources_prbt_pg70_support:/home/kenji/ws_moveit/install/moveit_resources_prbt_moveit_config:/home/kenji/ws_moveit/install/moveit_ros_move_group:/home/kenji/ws_moveit/install/moveit_planners_ompl:/home/kenji/ws_moveit/install/moveit_kinematics:/home/kenji/ws_moveit/install/moveit_ros_planning:/home/kenji/ws_moveit/install/moveit_ros_occupancy_map_monitor:/home/kenji/ws_moveit/install/moveit_resources_prbt_support:/home/kenji/ws_moveit/install/moveit_resources_prbt_ikfast_manipulator_plugin:/home/kenji/ws_moveit/install/moveit_resources:/home/kenji/ws_moveit/install/moveit_resources_pr2_description:/home/kenji/ws_moveit/install/moveit_resources_panda_moveit_config:/home/kenji/ws_moveit/install/dual_arm_panda_moveit_config:/home/kenji/ws_moveit/install/moveit_resources_panda_description:/home/kenji/ws_moveit/install/moveit_resources_fanuc_moveit_config:/home/kenji/ws_moveit/install/moveit_resources_fanuc_description:/home/kenji/ws_moveit/install/moveit_planners_stomp:/home/kenji/ws_moveit/install/moveit_planners_chomp:/home/kenji/ws_moveit/install/chomp_motion_planner:/home/kenji/ws_moveit/install/moveit_core:/home/kenji/ws_moveit/install/moveit_msgs:/home/kenji/ws_moveit/install/moveit_common:/home/kenji/ws_moveit/install/kortex_driver:/home/kenji/ws_moveit/install/kortex_api:/opt/ros/jazzy/opt/gz_sim_vendor:/opt/ros/jazzy/opt/gz_sensors_vendor:/opt/ros/jazzy/opt/gz_physics_vendor:/opt/ros/jazzy/opt/sdformat_vendor:/opt/ros/jazzy/opt/gz_gui_vendor:/opt/ros/jazzy/opt/gz_transport_vendor:/opt/ros/jazzy/opt/gz_rendering_vendor:/opt/ros/jazzy/opt/gz_plugin_vendor:/opt/ros/jazzy/opt/gz_fuel_tools_vendor:/opt/ros/jazzy/opt/gz_msgs_vendor:/opt/ros/jazzy/opt/gz_common_vendor:/opt/ros/jazzy/opt/gz_math_vendor:/opt/ros/jazzy/opt/gz_utils_vendor:/opt/ros/jazzy/opt/gz_tools_vendor:/opt/ros/jazzy/opt/gz_ogre_next_vendor:/opt/ros/jazzy/opt/gz_dartsim_vendor:/opt/ros/jazzy/opt/gz_cmake_vendor:/home/kenji/ws_moveit/install/moveit_configs_utils:/opt/ros/jazzy DEBUGINFOD_URLS=https://debuginfod.ubuntu.com /usr/bin/cmake --install /home/kenji/Lakbay_Akbay_ros/build/robot_moveit_config
[12.435s] Level 1:colcon.colcon_core.environment:checking '/home/kenji/Lakbay_Akbay_ros/install/robot_moveit_config' for CMake config files
[12.436s] Level 1:colcon.colcon_core.shell:create_environment_hook('robot_moveit_config', 'cmake_prefix_path')
[12.436s] INFO:colcon.colcon_core.shell:Creating environment hook '/home/kenji/Lakbay_Akbay_ros/install/robot_moveit_config/share/robot_moveit_config/hook/cmake_prefix_path.ps1'
[12.437s] INFO:colcon.colcon_core.shell:Creating environment descriptor '/home/kenji/Lakbay_Akbay_ros/install/robot_moveit_config/share/robot_moveit_config/hook/cmake_prefix_path.dsv'
[12.438s] INFO:colcon.colcon_core.shell:Creating environment hook '/home/kenji/Lakbay_Akbay_ros/install/robot_moveit_config/share/robot_moveit_config/hook/cmake_prefix_path.sh'
[12.439s] Level 1:colcon.colcon_core.environment:checking '/home/kenji/Lakbay_Akbay_ros/install/robot_moveit_config/bin'
[12.439s] Level 1:colcon.colcon_core.environment:checking '/home/kenji/Lakbay_Akbay_ros/install/robot_moveit_config/lib/pkgconfig/robot_moveit_config.pc'
[12.440s] Level 1:colcon.colcon_core.environment:checking '/home/kenji/Lakbay_Akbay_ros/install/robot_moveit_config/lib/python3.12/site-packages'
[12.441s] Level 1:colcon.colcon_core.environment:checking '/home/kenji/Lakbay_Akbay_ros/install/robot_moveit_config/bin'
[12.442s] INFO:colcon.colcon_core.shell:Creating package script '/home/kenji/Lakbay_Akbay_ros/install/robot_moveit_config/share/robot_moveit_config/package.ps1'
[12.443s] INFO:colcon.colcon_core.shell:Creating package descriptor '/home/kenji/Lakbay_Akbay_ros/install/robot_moveit_config/share/robot_moveit_config/package.dsv'
[12.444s] INFO:colcon.colcon_core.shell:Creating package script '/home/kenji/Lakbay_Akbay_ros/install/robot_moveit_config/share/robot_moveit_config/package.sh'
[12.445s] INFO:colcon.colcon_core.shell:Creating package script '/home/kenji/Lakbay_Akbay_ros/install/robot_moveit_config/share/robot_moveit_config/package.bash'
[12.446s] INFO:colcon.colcon_core.shell:Creating package script '/home/kenji/Lakbay_Akbay_ros/install/robot_moveit_config/share/robot_moveit_config/package.zsh'
[12.447s] Level 1:colcon.colcon_core.environment:create_file_with_runtime_dependencies(/home/kenji/Lakbay_Akbay_ros/install/robot_moveit_config/share/colcon-core/packages/robot_moveit_config)
[12.448s] Level 1:colcon.colcon_core.environment:create_environment_scripts_only(robot_moveit_config)
[12.448s] Level 1:colcon.colcon_core.environment:checking '/home/kenji/Lakbay_Akbay_ros/install/robot_moveit_config' for CMake module files
[12.450s] Level 1:colcon.colcon_core.environment:checking '/home/kenji/Lakbay_Akbay_ros/install/robot_moveit_config' for CMake config files
[12.451s] Level 1:colcon.colcon_core.shell:create_environment_hook('robot_moveit_config', 'cmake_prefix_path')
[12.452s] INFO:colcon.colcon_core.shell:Creating environment hook '/home/kenji/Lakbay_Akbay_ros/install/robot_moveit_config/share/robot_moveit_config/hook/cmake_prefix_path.ps1'
[12.453s] INFO:colcon.colcon_core.shell:Creating environment descriptor '/home/kenji/Lakbay_Akbay_ros/install/robot_moveit_config/share/robot_moveit_config/hook/cmake_prefix_path.dsv'
[12.454s] INFO:colcon.colcon_core.shell:Creating environment hook '/home/kenji/Lakbay_Akbay_ros/install/robot_moveit_config/share/robot_moveit_config/hook/cmake_prefix_path.sh'
[12.455s] Level 1:colcon.colcon_core.environment:checking '/home/kenji/Lakbay_Akbay_ros/install/robot_moveit_config/bin'
[12.456s] Level 1:colcon.colcon_core.environment:checking '/home/kenji/Lakbay_Akbay_ros/install/robot_moveit_config/lib/pkgconfig/robot_moveit_config.pc'
[12.456s] Level 1:colcon.colcon_core.environment:checking '/home/kenji/Lakbay_Akbay_ros/install/robot_moveit_config/lib/python3.12/site-packages'
[12.457s] Level 1:colcon.colcon_core.environment:checking '/home/kenji/Lakbay_Akbay_ros/install/robot_moveit_config/bin'
[12.458s] INFO:colcon.colcon_core.shell:Creating package script '/home/kenji/Lakbay_Akbay_ros/install/robot_moveit_config/share/robot_moveit_config/package.ps1'
[12.459s] INFO:colcon.colcon_core.shell:Creating package descriptor '/home/kenji/Lakbay_Akbay_ros/install/robot_moveit_config/share/robot_moveit_config/package.dsv'
[12.461s] INFO:colcon.colcon_core.shell:Creating package script '/home/kenji/Lakbay_Akbay_ros/install/robot_moveit_config/share/robot_moveit_config/package.sh'
[12.462s] INFO:colcon.colcon_core.shell:Creating package script '/home/kenji/Lakbay_Akbay_ros/install/robot_moveit_config/share/robot_moveit_config/package.bash'
[12.463s] INFO:colcon.colcon_core.shell:Creating package script '/home/kenji/Lakbay_Akbay_ros/install/robot_moveit_config/share/robot_moveit_config/package.zsh'
[12.465s] Level 1:colcon.colcon_core.environment:create_file_with_runtime_dependencies(/home/kenji/Lakbay_Akbay_ros/install/robot_moveit_config/share/colcon-core/packages/robot_moveit_config)
[80.533s] DEBUG:colcon.colcon_core.event_handler.log_command:Invoked command in '/home/kenji/Lakbay_Akbay_ros/build/joint_state_topic_hardware_interface' returned '0': CMAKE_PREFIX_PATH=${CMAKE_PREFIX_PATH}:/home/kenji/ws_moveit/install/moveit_configs_utils:/opt/ros/jazzy DEBUGINFOD_URLS=https://debuginfod.ubuntu.com /usr/bin/cmake --build /home/kenji/Lakbay_Akbay_ros/build/joint_state_topic_hardware_interface -- -j4 -l4
[80.536s] DEBUG:colcon.colcon_core.event_handler.log_command:Invoking command in '/home/kenji/Lakbay_Akbay_ros/build/joint_state_topic_hardware_interface': CMAKE_PREFIX_PATH=${CMAKE_PREFIX_PATH}:/home/kenji/ws_moveit/install/moveit_configs_utils:/opt/ros/jazzy DEBUGINFOD_URLS=https://debuginfod.ubuntu.com /usr/bin/cmake --install /home/kenji/Lakbay_Akbay_ros/build/joint_state_topic_hardware_interface
[81.020s] Level 1:colcon.colcon_core.environment:create_environment_scripts_only(joint_state_topic_hardware_interface)
[81.021s] Level 1:colcon.colcon_core.environment:checking '/home/kenji/Lakbay_Akbay_ros/install/joint_state_topic_hardware_interface' for CMake module files
[81.021s] DEBUG:colcon.colcon_core.event_handler.log_command:Invoked command in '/home/kenji/Lakbay_Akbay_ros/build/joint_state_topic_hardware_interface' returned '0': CMAKE_PREFIX_PATH=${CMAKE_PREFIX_PATH}:/home/kenji/ws_moveit/install/moveit_configs_utils:/opt/ros/jazzy DEBUGINFOD_URLS=https://debuginfod.ubuntu.com /usr/bin/cmake --install /home/kenji/Lakbay_Akbay_ros/build/joint_state_topic_hardware_interface
[81.023s] Level 1:colcon.colcon_core.environment:checking '/home/kenji/Lakbay_Akbay_ros/install/joint_state_topic_hardware_interface' for CMake config files
[81.024s] Level 1:colcon.colcon_core.shell:create_environment_hook('joint_state_topic_hardware_interface', 'cmake_prefix_path')
[81.025s] INFO:colcon.colcon_core.shell:Creating environment hook '/home/kenji/Lakbay_Akbay_ros/install/joint_state_topic_hardware_interface/share/joint_state_topic_hardware_interface/hook/cmake_prefix_path.ps1'
[81.026s] INFO:colcon.colcon_core.shell:Creating environment descriptor '/home/kenji/Lakbay_Akbay_ros/install/joint_state_topic_hardware_interface/share/joint_state_topic_hardware_interface/hook/cmake_prefix_path.dsv'
[81.027s] INFO:colcon.colcon_core.shell:Creating environment hook '/home/kenji/Lakbay_Akbay_ros/install/joint_state_topic_hardware_interface/share/joint_state_topic_hardware_interface/hook/cmake_prefix_path.sh'
[81.028s] Level 1:colcon.colcon_core.environment:checking '/home/kenji/Lakbay_Akbay_ros/install/joint_state_topic_hardware_interface/lib'
[81.028s] Level 1:colcon.colcon_core.shell:create_environment_hook('joint_state_topic_hardware_interface', 'ld_library_path_lib')
[81.029s] INFO:colcon.colcon_core.shell:Creating environment hook '/home/kenji/Lakbay_Akbay_ros/install/joint_state_topic_hardware_interface/share/joint_state_topic_hardware_interface/hook/ld_library_path_lib.ps1'
[81.030s] INFO:colcon.colcon_core.shell:Creating environment descriptor '/home/kenji/Lakbay_Akbay_ros/install/joint_state_topic_hardware_interface/share/joint_state_topic_hardware_interface/hook/ld_library_path_lib.dsv'
[81.030s] INFO:colcon.colcon_core.shell:Creating environment hook '/home/kenji/Lakbay_Akbay_ros/install/joint_state_topic_hardware_interface/share/joint_state_topic_hardware_interface/hook/ld_library_path_lib.sh'
[81.031s] Level 1:colcon.colcon_core.environment:checking '/home/kenji/Lakbay_Akbay_ros/install/joint_state_topic_hardware_interface/bin'
[81.031s] Level 1:colcon.colcon_core.environment:checking '/home/kenji/Lakbay_Akbay_ros/install/joint_state_topic_hardware_interface/lib/pkgconfig/joint_state_topic_hardware_interface.pc'
[81.031s] Level 1:colcon.colcon_core.environment:checking '/home/kenji/Lakbay_Akbay_ros/install/joint_state_topic_hardware_interface/lib/python3.12/site-packages'
[81.032s] Level 1:colcon.colcon_core.environment:checking '/home/kenji/Lakbay_Akbay_ros/install/joint_state_topic_hardware_interface/bin'
[81.032s] INFO:colcon.colcon_core.shell:Creating package script '/home/kenji/Lakbay_Akbay_ros/install/joint_state_topic_hardware_interface/share/joint_state_topic_hardware_interface/package.ps1'
[81.033s] INFO:colcon.colcon_core.shell:Creating package descriptor '/home/kenji/Lakbay_Akbay_ros/install/joint_state_topic_hardware_interface/share/joint_state_topic_hardware_interface/package.dsv'
[81.034s] INFO:colcon.colcon_core.shell:Creating package script '/home/kenji/Lakbay_Akbay_ros/install/joint_state_topic_hardware_interface/share/joint_state_topic_hardware_interface/package.sh'
[81.035s] INFO:colcon.colcon_core.shell:Creating package script '/home/kenji/Lakbay_Akbay_ros/install/joint_state_topic_hardware_interface/share/joint_state_topic_hardware_interface/package.bash'
[81.035s] INFO:colcon.colcon_core.shell:Creating package script '/home/kenji/Lakbay_Akbay_ros/install/joint_state_topic_hardware_interface/share/joint_state_topic_hardware_interface/package.zsh'
[81.035s] Level 1:colcon.colcon_core.environment:create_file_with_runtime_dependencies(/home/kenji/Lakbay_Akbay_ros/install/joint_state_topic_hardware_interface/share/colcon-core/packages/joint_state_topic_hardware_interface)
[81.036s] Level 1:colcon.colcon_core.environment:create_environment_scripts_only(joint_state_topic_hardware_interface)
[81.037s] Level 1:colcon.colcon_core.environment:checking '/home/kenji/Lakbay_Akbay_ros/install/joint_state_topic_hardware_interface' for CMake module files
[81.038s] Level 1:colcon.colcon_core.environment:checking '/home/kenji/Lakbay_Akbay_ros/install/joint_state_topic_hardware_interface' for CMake config files
[81.038s] Level 1:colcon.colcon_core.shell:create_environment_hook('joint_state_topic_hardware_interface', 'cmake_prefix_path')
[81.038s] INFO:colcon.colcon_core.shell:Creating environment hook '/home/kenji/Lakbay_Akbay_ros/install/joint_state_topic_hardware_interface/share/joint_state_topic_hardware_interface/hook/cmake_prefix_path.ps1'
[81.039s] INFO:colcon.colcon_core.shell:Creating environment descriptor '/home/kenji/Lakbay_Akbay_ros/install/joint_state_topic_hardware_interface/share/joint_state_topic_hardware_interface/hook/cmake_prefix_path.dsv'
[81.040s] INFO:colcon.colcon_core.shell:Creating environment hook '/home/kenji/Lakbay_Akbay_ros/install/joint_state_topic_hardware_interface/share/joint_state_topic_hardware_interface/hook/cmake_prefix_path.sh'
[81.041s] Level 1:colcon.colcon_core.environment:checking '/home/kenji/Lakbay_Akbay_ros/install/joint_state_topic_hardware_interface/lib'
[81.041s] Level 1:colcon.colcon_core.shell:create_environment_hook('joint_state_topic_hardware_interface', 'ld_library_path_lib')
[81.041s] INFO:colcon.colcon_core.shell:Creating environment hook '/home/kenji/Lakbay_Akbay_ros/install/joint_state_topic_hardware_interface/share/joint_state_topic_hardware_interface/hook/ld_library_path_lib.ps1'
[81.042s] INFO:colcon.colcon_core.shell:Creating environment descriptor '/home/kenji/Lakbay_Akbay_ros/install/joint_state_topic_hardware_interface/share/joint_state_topic_hardware_interface/hook/ld_library_path_lib.dsv'
[81.042s] INFO:colcon.colcon_core.shell:Creating environment hook '/home/kenji/Lakbay_Akbay_ros/install/joint_state_topic_hardware_interface/share/joint_state_topic_hardware_interface/hook/ld_library_path_lib.sh'
[81.043s] Level 1:colcon.colcon_core.environment:checking '/home/kenji/Lakbay_Akbay_ros/install/joint_state_topic_hardware_interface/bin'
[81.043s] Level 1:colcon.colcon_core.environment:checking '/home/kenji/Lakbay_Akbay_ros/install/joint_state_topic_hardware_interface/lib/pkgconfig/joint_state_topic_hardware_interface.pc'
[81.043s] Level 1:colcon.colcon_core.environment:checking '/home/kenji/Lakbay_Akbay_ros/install/joint_state_topic_hardware_interface/lib/python3.12/site-packages'
[81.044s] Level 1:colcon.colcon_core.environment:checking '/home/kenji/Lakbay_Akbay_ros/install/joint_state_topic_hardware_interface/bin'
[81.044s] INFO:colcon.colcon_core.shell:Creating package script '/home/kenji/Lakbay_Akbay_ros/install/joint_state_topic_hardware_interface/share/joint_state_topic_hardware_interface/package.ps1'
[81.045s] INFO:colcon.colcon_core.shell:Creating package descriptor '/home/kenji/Lakbay_Akbay_ros/install/joint_state_topic_hardware_interface/share/joint_state_topic_hardware_interface/package.dsv'
[81.046s] INFO:colcon.colcon_core.shell:Creating package script '/home/kenji/Lakbay_Akbay_ros/install/joint_state_topic_hardware_interface/share/joint_state_topic_hardware_interface/package.sh'
[81.047s] INFO:colcon.colcon_core.shell:Creating package script '/home/kenji/Lakbay_Akbay_ros/install/joint_state_topic_hardware_interface/share/joint_state_topic_hardware_interface/package.bash'
[81.048s] INFO:colcon.colcon_core.shell:Creating package script '/home/kenji/Lakbay_Akbay_ros/install/joint_state_topic_hardware_interface/share/joint_state_topic_hardware_interface/package.zsh'
[81.049s] Level 1:colcon.colcon_core.environment:create_file_with_runtime_dependencies(/home/kenji/Lakbay_Akbay_ros/install/joint_state_topic_hardware_interface/share/colcon-core/packages/joint_state_topic_hardware_interface)
[81.049s] DEBUG:colcon.colcon_parallel_executor.executor.parallel:closing loop
[81.050s] DEBUG:colcon.colcon_parallel_executor.executor.parallel:loop closed
[81.050s] DEBUG:colcon.colcon_parallel_executor.executor.parallel:run_until_complete finished with '0'
[81.050s] DEBUG:colcon.colcon_core.event_reactor:joining thread
[81.066s] INFO:colcon.colcon_core.plugin_system:Skipping extension 'colcon_notification.desktop_notification.terminal_notifier': Not used on non-Darwin systems
[81.066s] INFO:colcon.colcon_core.plugin_system:Skipping extension 'colcon_notification.desktop_notification.win32': Not used on non-Windows systems
[81.066s] INFO:colcon.colcon_notification.desktop_notification:Sending desktop notification using 'notify2'
[81.096s] DEBUG:colcon.colcon_core.event_reactor:joined thread
[81.096s] INFO:colcon.colcon_core.shell:Creating prefix script '/home/kenji/Lakbay_Akbay_ros/install/local_setup.ps1'
[81.099s] INFO:colcon.colcon_core.shell:Creating prefix util module '/home/kenji/Lakbay_Akbay_ros/install/_local_setup_util_ps1.py'
[81.102s] INFO:colcon.colcon_core.shell:Creating prefix chain script '/home/kenji/Lakbay_Akbay_ros/install/setup.ps1'
[81.116s] INFO:colcon.colcon_core.shell:Creating prefix script '/home/kenji/Lakbay_Akbay_ros/install/local_setup.sh'
[81.118s] INFO:colcon.colcon_core.shell:Creating prefix util module '/home/kenji/Lakbay_Akbay_ros/install/_local_setup_util_sh.py'
[81.119s] INFO:colcon.colcon_core.shell:Creating prefix chain script '/home/kenji/Lakbay_Akbay_ros/install/setup.sh'
[81.127s] INFO:colcon.colcon_core.shell:Creating prefix script '/home/kenji/Lakbay_Akbay_ros/install/local_setup.bash'
[81.129s] INFO:colcon.colcon_core.shell:Creating prefix chain script '/home/kenji/Lakbay_Akbay_ros/install/setup.bash'
[81.136s] INFO:colcon.colcon_core.shell:Creating prefix script '/home/kenji/Lakbay_Akbay_ros/install/local_setup.zsh'
[81.137s] INFO:colcon.colcon_core.shell:Creating prefix chain script '/home/kenji/Lakbay_Akbay_ros/install/setup.zsh'
