[3.297s] Invoking command in '/home/kenji/Lakbay_Akbay_ros/build/pose_estimation': DEBUGINFOD_URLS=https://debuginfod.ubuntu.com PYTHONPATH=/home/kenji/Lakbay_Akbay_ros/build/pose_estimation/prefix_override:/usr/lib/python3/dist-packages/colcon_core/task/python/colcon_distutils_commands:/home/kenji/Lakbay_Akbay_ros/install/pose_estimation/lib/python3.12/site-packages:${PYTHONPATH} /usr/bin/python3 -W ignore:setup.py install is deprecated -W ignore:easy_install command is deprecated setup.py develop --editable --build-directory /home/kenji/Lakbay_Akbay_ros/build/pose_estimation/build --no-deps symlink_data
[4.596s] running develop
[5.382s] running egg_info
[5.382s] creating pose_estimation.egg-info
[5.467s] writing pose_estimation.egg-info/PKG-INFO
[5.467s] writing dependency_links to pose_estimation.egg-info/dependency_links.txt
[5.470s] writing entry points to pose_estimation.egg-info/entry_points.txt
[5.471s] writing requirements to pose_estimation.egg-info/requires.txt
[5.471s] writing top-level names to pose_estimation.egg-info/top_level.txt
[5.471s] writing manifest file 'pose_estimation.egg-info/SOURCES.txt'
[5.626s] reading manifest file 'pose_estimation.egg-info/SOURCES.txt'
[5.628s] writing manifest file 'pose_estimation.egg-info/SOURCES.txt'
[5.708s] running build_ext
[5.709s] Creating /home/kenji/Lakbay_Akbay_ros/install/pose_estimation/lib/python3.12/site-packages/pose-estimation.egg-link (link to .)
[5.710s] Installing pose_estimation script to /home/kenji/Lakbay_Akbay_ros/install/pose_estimation/lib/pose_estimation
[5.711s] 
[5.712s] Installed /home/kenji/Lakbay_Akbay_ros/build/pose_estimation
[5.715s] running symlink_data
[5.715s] creating /home/kenji/Lakbay_Akbay_ros/install/pose_estimation/share/ament_index
[5.715s] creating /home/kenji/Lakbay_Akbay_ros/install/pose_estimation/share/ament_index/resource_index
[5.715s] creating /home/kenji/Lakbay_Akbay_ros/install/pose_estimation/share/ament_index/resource_index/packages
[5.716s] symbolically linking /home/kenji/Lakbay_Akbay_ros/build/pose_estimation/resource/pose_estimation -> /home/kenji/Lakbay_Akbay_ros/install/pose_estimation/share/ament_index/resource_index/packages
[5.716s] symbolically linking /home/kenji/Lakbay_Akbay_ros/build/pose_estimation/package.xml -> /home/kenji/Lakbay_Akbay_ros/install/pose_estimation/share/pose_estimation
[6.042s] Invoked command in '/home/kenji/Lakbay_Akbay_ros/build/pose_estimation' returned '0': DEBUGINFOD_URLS=https://debuginfod.ubuntu.com PYTHONPATH=/home/kenji/Lakbay_Akbay_ros/build/pose_estimation/prefix_override:/usr/lib/python3/dist-packages/colcon_core/task/python/colcon_distutils_commands:/home/kenji/Lakbay_Akbay_ros/install/pose_estimation/lib/python3.12/site-packages:${PYTHONPATH} /usr/bin/python3 -W ignore:setup.py install is deprecated -W ignore:easy_install command is deprecated setup.py develop --editable --build-directory /home/kenji/Lakbay_Akbay_ros/build/pose_estimation/build --no-deps symlink_data
