[0.633s] Invoking command in '/home/kenji/Lakbay_Akbay_ros/build/joint_state_topic_hardware_interface': CMAKE_PREFIX_PATH=${CMAKE_PREFIX_PATH}:/home/kenji/ws_moveit/install/moveit_configs_utils:/opt/ros/jazzy DEBUGINFOD_URLS=https://debuginfod.ubuntu.com /usr/bin/cmake /home/kenji/Lakbay_Akbay_ros/src/topic_based_hardware_interfaces/joint_state_topic_hardware_interface -DAMENT_CMAKE_SYMLINK_INSTALL=1 -DCMAKE_INSTALL_PREFIX=/home/kenji/Lakbay_Akbay_ros/install/joint_state_topic_hardware_interface
[0.893s] -- The CXX compiler identification is GNU 13.3.0
[0.947s] -- Detecting CXX compiler ABI info
[1.367s] -- Detecting CXX compiler ABI info - done
[1.400s] -- Check for working CXX compiler: /usr/bin/c++ - skipped
[1.400s] -- Detecting CXX compile features
[1.400s] -- Detecting CXX compile features - done
[1.431s] -- Found ros2_control_cmake: 0.3.0 (/opt/ros/jazzy/share/ros2_control_cmake/cmake)
[1.432s] -- Compiler warnings enabled for GNU
[1.433s] -- Detected GCC Version: 13.3.0 (Major: 13, Minor: 3)
[1.455s] -- Found ament_cmake: 2.5.5 (/opt/ros/jazzy/share/ament_cmake/cmake)
[2.475s] -- Found Python3: /usr/bin/python3 (found version "3.12.3") found components: Interpreter 
[2.693s] -- Override CMake install command with custom implementation using symlinks instead of copying resources
[3.262s] -- Found angles: 1.16.1 (/opt/ros/jazzy/share/angles/cmake)
[3.304s] -- Found rclcpp: 28.1.16 (/opt/ros/jazzy/share/rclcpp/cmake)
[3.663s] -- Found rosidl_generator_c: 4.6.7 (/opt/ros/jazzy/share/rosidl_generator_c/cmake)
[3.785s] -- Found rosidl_generator_cpp: 4.6.7 (/opt/ros/jazzy/share/rosidl_generator_cpp/cmake)
[4.065s] -- Using all available rosidl_typesupport_c: rosidl_typesupport_fastrtps_c;rosidl_typesupport_introspection_c
[4.236s] -- Using all available rosidl_typesupport_cpp: rosidl_typesupport_fastrtps_cpp;rosidl_typesupport_introspection_cpp
[5.212s] -- Found rmw_implementation_cmake: 7.3.3 (/opt/ros/jazzy/share/rmw_implementation_cmake/cmake)
[5.287s] -- Found rmw_fastrtps_cpp: 8.4.3 (/opt/ros/jazzy/share/rmw_fastrtps_cpp/cmake)
[6.111s] -- Found OpenSSL: /usr/lib/x86_64-linux-gnu/libcrypto.so (found version "3.0.13")  
[6.270s] -- Found FastRTPS: /opt/ros/jazzy/include (Required is at least version "2.13") 
[6.466s] -- Using RMW implementation 'rmw_fastrtps_cpp' as default
[7.300s] -- Found hardware_interface: 4.42.2 (/opt/ros/jazzy/share/hardware_interface/cmake)
[9.657s] -- Found ament_cmake_gmock: 2.5.5 (/opt/ros/jazzy/share/ament_cmake_gmock/cmake)
[9.717s] -- Found ros2_control_test_assets: 4.42.2 (/opt/ros/jazzy/share/ros2_control_test_assets/cmake)
[9.788s] -- Found gmock sources under '/opt/ros/jazzy/src/gmock_vendor': C++ tests using 'Google Mock' will be built
[10.032s] -- The C compiler identification is GNU 13.3.0
[10.077s] -- Detecting C compiler ABI info
[10.452s] -- Detecting C compiler ABI info - done
[10.506s] -- Check for working C compiler: /usr/bin/cc - skipped
[10.508s] -- Detecting C compile features
[10.512s] -- Detecting C compile features - done
[10.566s] -- Found ament_cmake_gtest: 2.5.5 (/opt/ros/jazzy/share/ament_cmake_gtest/cmake)
[10.567s] -- Found gtest sources under '/opt/ros/jazzy/src/gtest_vendor': C++ tests using 'Google Test' will be built
[10.619s] -- Found ament_cmake_ros: 0.12.0 (/opt/ros/jazzy/share/ament_cmake_ros/cmake)
[10.702s] -- Found launch_testing_ament_cmake: 3.4.10 (/opt/ros/jazzy/share/launch_testing_ament_cmake/cmake)
[10.752s] -- Found python_cmake_module: 0.11.1 (/opt/ros/jazzy/share/python_cmake_module/cmake)
[11.342s] -- Found PythonExtra: /usr/bin/python3  
[11.595s] -- Configuring done (10.9s)
[11.732s] -- Generating done (0.1s)
[11.755s] -- Build files have been written to: /home/kenji/Lakbay_Akbay_ros/build/joint_state_topic_hardware_interface
[11.786s] Invoked command in '/home/kenji/Lakbay_Akbay_ros/build/joint_state_topic_hardware_interface' returned '0': CMAKE_PREFIX_PATH=${CMAKE_PREFIX_PATH}:/home/kenji/ws_moveit/install/moveit_configs_utils:/opt/ros/jazzy DEBUGINFOD_URLS=https://debuginfod.ubuntu.com /usr/bin/cmake /home/kenji/Lakbay_Akbay_ros/src/topic_based_hardware_interfaces/joint_state_topic_hardware_interface -DAMENT_CMAKE_SYMLINK_INSTALL=1 -DCMAKE_INSTALL_PREFIX=/home/kenji/Lakbay_Akbay_ros/install/joint_state_topic_hardware_interface
[11.788s] Invoking command in '/home/kenji/Lakbay_Akbay_ros/build/joint_state_topic_hardware_interface': CMAKE_PREFIX_PATH=${CMAKE_PREFIX_PATH}:/home/kenji/ws_moveit/install/moveit_configs_utils:/opt/ros/jazzy DEBUGINFOD_URLS=https://debuginfod.ubuntu.com /usr/bin/cmake --build /home/kenji/Lakbay_Akbay_ros/build/joint_state_topic_hardware_interface -- -j4 -l4
[11.947s] [  7%] [32mBuilding CXX object CMakeFiles/joint_state_topic_hardware_interface.dir/src/joint_state_topic_hardware_interface.cpp.o[0m
[32.256s] [ 15%] [32m[1mLinking CXX shared library libjoint_state_topic_hardware_interface.so[0m
[33.331s] [ 15%] Built target joint_state_topic_hardware_interface
[33.377s] [ 23%] [32mBuilding CXX object CMakeFiles/jtc_client_position.dir/test/rrr/jtc_client_position.cpp.o[0m
[43.041s] [ 30%] [32m[1mLinking CXX executable jtc_client_position[0m
[43.451s] [ 30%] Built target jtc_client_position
[43.498s] [ 38%] [32mBuilding CXX object CMakeFiles/test_gripper.dir/test/gripper/test_gripper.cpp.o[0m
[51.655s] [ 46%] [32m[1mLinking CXX executable test_gripper[0m
[51.973s] [ 46%] Built target test_gripper
[52.018s] [ 53%] [32mBuilding CXX object gmock/CMakeFiles/gmock.dir/opt/ros/jazzy/src/gtest_vendor/src/gtest-all.cc.o[0m
[59.467s] [ 61%] [32mBuilding CXX object gmock/CMakeFiles/gmock.dir/src/gmock-all.cc.o[0m
[63.457s] [ 69%] [32m[1mLinking CXX static library libgmock.a[0m
[63.715s] [ 69%] Built target gmock
[63.761s] [ 76%] [32mBuilding CXX object gmock/CMakeFiles/gmock_main.dir/src/gmock_main.cc.o[0m
[65.979s] [ 84%] [32m[1mLinking CXX static library libgmock_main.a[0m
[66.095s] [ 84%] Built target gmock_main
[66.142s] [ 92%] [32mBuilding CXX object CMakeFiles/joint_state_topic_hardware_interface_test.dir/test/joint_state_topic_hardware_interface_test.cpp.o[0m
[78.934s] [100%] [32m[1mLinking CXX executable joint_state_topic_hardware_interface_test[0m
[79.868s] [100%] Built target joint_state_topic_hardware_interface_test
[79.892s] Invoked command in '/home/kenji/Lakbay_Akbay_ros/build/joint_state_topic_hardware_interface' returned '0': CMAKE_PREFIX_PATH=${CMAKE_PREFIX_PATH}:/home/kenji/ws_moveit/install/moveit_configs_utils:/opt/ros/jazzy DEBUGINFOD_URLS=https://debuginfod.ubuntu.com /usr/bin/cmake --build /home/kenji/Lakbay_Akbay_ros/build/joint_state_topic_hardware_interface -- -j4 -l4
[79.894s] Invoking command in '/home/kenji/Lakbay_Akbay_ros/build/joint_state_topic_hardware_interface': CMAKE_PREFIX_PATH=${CMAKE_PREFIX_PATH}:/home/kenji/ws_moveit/install/moveit_configs_utils:/opt/ros/jazzy DEBUGINFOD_URLS=https://debuginfod.ubuntu.com /usr/bin/cmake --install /home/kenji/Lakbay_Akbay_ros/build/joint_state_topic_hardware_interface
[79.919s] -- Install configuration: ""
[79.920s] -- Execute custom install script
[79.921s] -- Symlinking: /home/kenji/Lakbay_Akbay_ros/install/joint_state_topic_hardware_interface/share/joint_state_topic_hardware_interface//joint_state_topic_hardware_interface_plugin_description.xml
[79.942s] -- Symlinking: /home/kenji/Lakbay_Akbay_ros/install/joint_state_topic_hardware_interface/share/joint_state_topic_hardware_interface/environment/library_path.sh
[79.962s] -- Symlinking: /home/kenji/Lakbay_Akbay_ros/install/joint_state_topic_hardware_interface/share/joint_state_topic_hardware_interface/environment/library_path.dsv
[79.983s] -- Symlinking: /home/kenji/Lakbay_Akbay_ros/install/joint_state_topic_hardware_interface/share/ament_index/resource_index/package_run_dependencies/joint_state_topic_hardware_interface
[80.015s] -- Symlinking: /home/kenji/Lakbay_Akbay_ros/install/joint_state_topic_hardware_interface/share/ament_index/resource_index/parent_prefix_path/joint_state_topic_hardware_interface
[80.035s] -- Symlinking: /home/kenji/Lakbay_Akbay_ros/install/joint_state_topic_hardware_interface/share/joint_state_topic_hardware_interface/environment/ament_prefix_path.sh
[80.056s] -- Symlinking: /home/kenji/Lakbay_Akbay_ros/install/joint_state_topic_hardware_interface/share/joint_state_topic_hardware_interface/environment/ament_prefix_path.dsv
[80.076s] -- Symlinking: /home/kenji/Lakbay_Akbay_ros/install/joint_state_topic_hardware_interface/share/joint_state_topic_hardware_interface/environment/path.sh
[80.098s] -- Symlinking: /home/kenji/Lakbay_Akbay_ros/install/joint_state_topic_hardware_interface/share/joint_state_topic_hardware_interface/environment/path.dsv
[80.118s] -- Symlinking: /home/kenji/Lakbay_Akbay_ros/install/joint_state_topic_hardware_interface/share/joint_state_topic_hardware_interface/local_setup.bash
[80.139s] -- Symlinking: /home/kenji/Lakbay_Akbay_ros/install/joint_state_topic_hardware_interface/share/joint_state_topic_hardware_interface/local_setup.sh
[80.159s] -- Symlinking: /home/kenji/Lakbay_Akbay_ros/install/joint_state_topic_hardware_interface/share/joint_state_topic_hardware_interface/local_setup.zsh
[80.179s] -- Symlinking: /home/kenji/Lakbay_Akbay_ros/install/joint_state_topic_hardware_interface/share/joint_state_topic_hardware_interface/local_setup.dsv
[80.200s] -- Symlinking: /home/kenji/Lakbay_Akbay_ros/install/joint_state_topic_hardware_interface/share/joint_state_topic_hardware_interface/package.dsv
[80.220s] -- Symlinking: /home/kenji/Lakbay_Akbay_ros/install/joint_state_topic_hardware_interface/share/ament_index/resource_index/packages/joint_state_topic_hardware_interface
[80.242s] -- Symlinking: /home/kenji/Lakbay_Akbay_ros/install/joint_state_topic_hardware_interface/share/ament_index/resource_index/hardware_interface__pluginlib__plugin/joint_state_topic_hardware_interface
[80.263s] -- Symlinking: /home/kenji/Lakbay_Akbay_ros/install/joint_state_topic_hardware_interface/share/joint_state_topic_hardware_interface/cmake/ament_cmake_export_targets-extras.cmake
[80.284s] -- Symlinking: /home/kenji/Lakbay_Akbay_ros/install/joint_state_topic_hardware_interface/share/joint_state_topic_hardware_interface/cmake/ament_cmake_export_dependencies-extras.cmake
[80.304s] -- Symlinking: /home/kenji/Lakbay_Akbay_ros/install/joint_state_topic_hardware_interface/share/joint_state_topic_hardware_interface/cmake/joint_state_topic_hardware_interfaceConfig.cmake
[80.325s] -- Symlinking: /home/kenji/Lakbay_Akbay_ros/install/joint_state_topic_hardware_interface/share/joint_state_topic_hardware_interface/cmake/joint_state_topic_hardware_interfaceConfig-version.cmake
[80.346s] -- Symlinking: /home/kenji/Lakbay_Akbay_ros/install/joint_state_topic_hardware_interface/share/joint_state_topic_hardware_interface/package.xml
[80.366s] -- Installing: /home/kenji/Lakbay_Akbay_ros/install/joint_state_topic_hardware_interface/lib/libjoint_state_topic_hardware_interface.so
[80.376s] -- Set non-toolchain portion of runtime path of "/home/kenji/Lakbay_Akbay_ros/install/joint_state_topic_hardware_interface/lib/libjoint_state_topic_hardware_interface.so" to ""
[80.376s] -- Installing: /home/kenji/Lakbay_Akbay_ros/install/joint_state_topic_hardware_interface/share/joint_state_topic_hardware_interface/cmake/joint_state_topic_hardware_interfaceTargetsExport.cmake
[80.376s] -- Installing: /home/kenji/Lakbay_Akbay_ros/install/joint_state_topic_hardware_interface/share/joint_state_topic_hardware_interface/cmake/joint_state_topic_hardware_interfaceTargetsExport-noconfig.cmake
[80.381s] Invoked command in '/home/kenji/Lakbay_Akbay_ros/build/joint_state_topic_hardware_interface' returned '0': CMAKE_PREFIX_PATH=${CMAKE_PREFIX_PATH}:/home/kenji/ws_moveit/install/moveit_configs_utils:/opt/ros/jazzy DEBUGINFOD_URLS=https://debuginfod.ubuntu.com /usr/bin/cmake --install /home/kenji/Lakbay_Akbay_ros/build/joint_state_topic_hardware_interface
