-- Install configuration: ""
-- Execute custom install script
-- Up-to-date symlink: /home/kenji/Lakbay_Akbay_ros/install/robot_description/share/robot_description/urdf/robot_arm.urdf
-- Up-to-date symlink: /home/kenji/Lakbay_Akbay_ros/install/robot_description/share/robot_description/meshes/base_link.STL
-- Up-to-date symlink: /home/kenji/Lakbay_Akbay_ros/install/robot_description/share/robot_description/meshes/link1.STL
-- Up-to-date symlink: /home/kenji/Lakbay_Akbay_ros/install/robot_description/share/robot_description/meshes/link2.STL
-- Up-to-date symlink: /home/kenji/Lakbay_Akbay_ros/install/robot_description/share/robot_description/meshes/link3.STL
-- Up-to-date symlink: /home/kenji/Lakbay_Akbay_ros/install/robot_description/share/robot_description/meshes/link4.STL
-- Up-to-date symlink: /home/kenji/Lakbay_Akbay_ros/install/robot_description/share/robot_description/meshes/link5.STL
-- Up-to-date symlink: /home/kenji/Lakbay_Akbay_ros/install/robot_description/share/robot_description/meshes/link6.STL
-- Up-to-date symlink: /home/kenji/Lakbay_Akbay_ros/install/robot_description/share/robot_description/meshes/tool.STL
-- Up-to-date symlink: /home/kenji/Lakbay_Akbay_ros/install/robot_description/share/robot_description/launch/display.launch.py
-- Up-to-date symlink: /home/kenji/Lakbay_Akbay_ros/install/robot_description/share/robot_description/config/config.rviz
-- Up-to-date symlink: /home/kenji/Lakbay_Akbay_ros/install/robot_description/share/ament_index/resource_index/package_run_dependencies/robot_description
-- Up-to-date symlink: /home/kenji/Lakbay_Akbay_ros/install/robot_description/share/ament_index/resource_index/parent_prefix_path/robot_description
-- Up-to-date symlink: /home/kenji/Lakbay_Akbay_ros/install/robot_description/share/robot_description/environment/ament_prefix_path.sh
-- Up-to-date symlink: /home/kenji/Lakbay_Akbay_ros/install/robot_description/share/robot_description/environment/ament_prefix_path.dsv
-- Up-to-date symlink: /home/kenji/Lakbay_Akbay_ros/install/robot_description/share/robot_description/environment/path.sh
-- Up-to-date symlink: /home/kenji/Lakbay_Akbay_ros/install/robot_description/share/robot_description/environment/path.dsv
-- Up-to-date symlink: /home/kenji/Lakbay_Akbay_ros/install/robot_description/share/robot_description/local_setup.bash
-- Up-to-date symlink: /home/kenji/Lakbay_Akbay_ros/install/robot_description/share/robot_description/local_setup.sh
-- Up-to-date symlink: /home/kenji/Lakbay_Akbay_ros/install/robot_description/share/robot_description/local_setup.zsh
-- Up-to-date symlink: /home/kenji/Lakbay_Akbay_ros/install/robot_description/share/robot_description/local_setup.dsv
-- Symlinking: /home/kenji/Lakbay_Akbay_ros/install/robot_description/share/robot_description/package.dsv
-- Up-to-date symlink: /home/kenji/Lakbay_Akbay_ros/install/robot_description/share/ament_index/resource_index/packages/robot_description
-- Up-to-date symlink: /home/kenji/Lakbay_Akbay_ros/install/robot_description/share/robot_description/cmake/robot_descriptionConfig.cmake
-- Up-to-date symlink: /home/kenji/Lakbay_Akbay_ros/install/robot_description/share/robot_description/cmake/robot_descriptionConfig-version.cmake
-- Up-to-date symlink: /home/kenji/Lakbay_Akbay_ros/install/robot_description/share/robot_description/package.xml
