[0.236s] Invoking command in '/home/kenji/Lakbay_Akbay_ros/build/joint_state_topic_hardware_interface': CMAKE_PREFIX_PATH=${CMAKE_PREFIX_PATH}:/home/kenji/Lakbay_Akbay_ros/install/pose_estimation:/home/kenji/Lakbay_Akbay_ros/install/arm_controller_switch:/home/kenji/ws_moveit/install/moveit_configs_utils:/opt/ros/jazzy DEBUGINFOD_URLS=https://debuginfod.ubuntu.com /usr/bin/cmake --build /home/kenji/Lakbay_Akbay_ros/build/joint_state_topic_hardware_interface -- -j12 -l12
[0.387s] [ 15%] Built target gmock_main
[0.391s] [ 53%] Built target test_gripper
[0.391s] [ 53%] Built target gmock
[0.402s] [ 69%] Built target jtc_client_position
[0.403s] [ 84%] Built target joint_state_topic_hardware_interface
[0.456s] [100%] Built target joint_state_topic_hardware_interface_test
[0.519s] Invoked command in '/home/kenji/Lakbay_Akbay_ros/build/joint_state_topic_hardware_interface' returned '0': CMAKE_PREFIX_PATH=${CMAKE_PREFIX_PATH}:/home/kenji/Lakbay_Akbay_ros/install/pose_estimation:/home/kenji/Lakbay_Akbay_ros/install/arm_controller_switch:/home/kenji/ws_moveit/install/moveit_configs_utils:/opt/ros/jazzy DEBUGINFOD_URLS=https://debuginfod.ubuntu.com /usr/bin/cmake --build /home/kenji/Lakbay_Akbay_ros/build/joint_state_topic_hardware_interface -- -j12 -l12
[0.524s] Invoking command in '/home/kenji/Lakbay_Akbay_ros/build/joint_state_topic_hardware_interface': CMAKE_PREFIX_PATH=${CMAKE_PREFIX_PATH}:/home/kenji/Lakbay_Akbay_ros/install/pose_estimation:/home/kenji/Lakbay_Akbay_ros/install/arm_controller_switch:/home/kenji/ws_moveit/install/moveit_configs_utils:/opt/ros/jazzy DEBUGINFOD_URLS=https://debuginfod.ubuntu.com /usr/bin/cmake --install /home/kenji/Lakbay_Akbay_ros/build/joint_state_topic_hardware_interface
[0.538s] -- Install configuration: ""
[0.540s] -- Execute custom install script
[0.540s] -- Up-to-date symlink: /home/kenji/Lakbay_Akbay_ros/install/joint_state_topic_hardware_interface/share/joint_state_topic_hardware_interface//joint_state_topic_hardware_interface_plugin_description.xml
[0.541s] -- Up-to-date symlink: /home/kenji/Lakbay_Akbay_ros/install/joint_state_topic_hardware_interface/share/joint_state_topic_hardware_interface/environment/library_path.sh
[0.541s] -- Up-to-date symlink: /home/kenji/Lakbay_Akbay_ros/install/joint_state_topic_hardware_interface/share/joint_state_topic_hardware_interface/environment/library_path.dsv
[0.541s] -- Up-to-date symlink: /home/kenji/Lakbay_Akbay_ros/install/joint_state_topic_hardware_interface/share/ament_index/resource_index/package_run_dependencies/joint_state_topic_hardware_interface
[0.542s] -- Up-to-date symlink: /home/kenji/Lakbay_Akbay_ros/install/joint_state_topic_hardware_interface/share/ament_index/resource_index/parent_prefix_path/joint_state_topic_hardware_interface
[0.543s] -- Up-to-date symlink: /home/kenji/Lakbay_Akbay_ros/install/joint_state_topic_hardware_interface/share/joint_state_topic_hardware_interface/environment/ament_prefix_path.sh
[0.543s] -- Up-to-date symlink: /home/kenji/Lakbay_Akbay_ros/install/joint_state_topic_hardware_interface/share/joint_state_topic_hardware_interface/environment/ament_prefix_path.dsv
[0.544s] -- Up-to-date symlink: /home/kenji/Lakbay_Akbay_ros/install/joint_state_topic_hardware_interface/share/joint_state_topic_hardware_interface/environment/path.sh
[0.544s] -- Up-to-date symlink: /home/kenji/Lakbay_Akbay_ros/install/joint_state_topic_hardware_interface/share/joint_state_topic_hardware_interface/environment/path.dsv
[0.544s] -- Up-to-date symlink: /home/kenji/Lakbay_Akbay_ros/install/joint_state_topic_hardware_interface/share/joint_state_topic_hardware_interface/local_setup.bash
[0.545s] -- Up-to-date symlink: /home/kenji/Lakbay_Akbay_ros/install/joint_state_topic_hardware_interface/share/joint_state_topic_hardware_interface/local_setup.sh
[0.546s] -- Up-to-date symlink: /home/kenji/Lakbay_Akbay_ros/install/joint_state_topic_hardware_interface/share/joint_state_topic_hardware_interface/local_setup.zsh
[0.546s] -- Up-to-date symlink: /home/kenji/Lakbay_Akbay_ros/install/joint_state_topic_hardware_interface/share/joint_state_topic_hardware_interface/local_setup.dsv
[0.546s] -- Symlinking: /home/kenji/Lakbay_Akbay_ros/install/joint_state_topic_hardware_interface/share/joint_state_topic_hardware_interface/package.dsv
[0.561s] -- Up-to-date symlink: /home/kenji/Lakbay_Akbay_ros/install/joint_state_topic_hardware_interface/share/ament_index/resource_index/packages/joint_state_topic_hardware_interface
[0.561s] -- Up-to-date symlink: /home/kenji/Lakbay_Akbay_ros/install/joint_state_topic_hardware_interface/share/ament_index/resource_index/hardware_interface__pluginlib__plugin/joint_state_topic_hardware_interface
[0.563s] -- Up-to-date symlink: /home/kenji/Lakbay_Akbay_ros/install/joint_state_topic_hardware_interface/share/joint_state_topic_hardware_interface/cmake/ament_cmake_export_targets-extras.cmake
[0.563s] -- Up-to-date symlink: /home/kenji/Lakbay_Akbay_ros/install/joint_state_topic_hardware_interface/share/joint_state_topic_hardware_interface/cmake/ament_cmake_export_dependencies-extras.cmake
[0.564s] -- Up-to-date symlink: /home/kenji/Lakbay_Akbay_ros/install/joint_state_topic_hardware_interface/share/joint_state_topic_hardware_interface/cmake/joint_state_topic_hardware_interfaceConfig.cmake
[0.565s] -- Up-to-date symlink: /home/kenji/Lakbay_Akbay_ros/install/joint_state_topic_hardware_interface/share/joint_state_topic_hardware_interface/cmake/joint_state_topic_hardware_interfaceConfig-version.cmake
[0.565s] -- Up-to-date symlink: /home/kenji/Lakbay_Akbay_ros/install/joint_state_topic_hardware_interface/share/joint_state_topic_hardware_interface/package.xml
[0.567s] -- Up-to-date: /home/kenji/Lakbay_Akbay_ros/install/joint_state_topic_hardware_interface/lib/libjoint_state_topic_hardware_interface.so
[0.570s] -- Up-to-date: /home/kenji/Lakbay_Akbay_ros/install/joint_state_topic_hardware_interface/share/joint_state_topic_hardware_interface/cmake/joint_state_topic_hardware_interfaceTargetsExport.cmake
[0.570s] -- Up-to-date: /home/kenji/Lakbay_Akbay_ros/install/joint_state_topic_hardware_interface/share/joint_state_topic_hardware_interface/cmake/joint_state_topic_hardware_interfaceTargetsExport-noconfig.cmake
[0.571s] Invoked command in '/home/kenji/Lakbay_Akbay_ros/build/joint_state_topic_hardware_interface' returned '0': CMAKE_PREFIX_PATH=${CMAKE_PREFIX_PATH}:/home/kenji/Lakbay_Akbay_ros/install/pose_estimation:/home/kenji/Lakbay_Akbay_ros/install/arm_controller_switch:/home/kenji/ws_moveit/install/moveit_configs_utils:/opt/ros/jazzy DEBUGINFOD_URLS=https://debuginfod.ubuntu.com /usr/bin/cmake --install /home/kenji/Lakbay_Akbay_ros/build/joint_state_topic_hardware_interface
