[0.506s] Invoking command in '/home/kenji/Lakbay_Akbay_ros/build/joint_state_topic_hardware_interface': CMAKE_PREFIX_PATH=${CMAKE_PREFIX_PATH}:/home/kenji/Lakbay_Akbay_ros/install/usb_camera:/home/kenji/Lakbay_Akbay_ros/install/telemetry_gui:/home/kenji/Lakbay_Akbay_ros/install/pose_estimation:/home/kenji/Lakbay_Akbay_ros/install/arm_controller_switch:/home/kenji/ros2_ws/install/usb_camera:/home/kenji/ros2_ws/install/telemetry_gui:/home/kenji/ros2_ws/install/simple_gui:/home/kenji/ws_moveit/install/moveit_configs_utils:/opt/ros/jazzy DEBUGINFOD_URLS=https://debuginfod.ubuntu.com /usr/bin/cmake --build /home/kenji/Lakbay_Akbay_ros/build/joint_state_topic_hardware_interface -- -j4 -l4
[0.694s] [ 23%] Built target gmock
[0.705s] [ 38%] Built target joint_state_topic_hardware_interface
[0.715s] [ 53%] Built target gmock_main
[0.725s] [ 69%] Built target jtc_client_position
[0.777s] [ 84%] Built target test_gripper
[0.792s] [100%] Built target joint_state_topic_hardware_interface_test
[1.171s] Invoked command in '/home/kenji/Lakbay_Akbay_ros/build/joint_state_topic_hardware_interface' returned '0': CMAKE_PREFIX_PATH=${CMAKE_PREFIX_PATH}:/home/kenji/Lakbay_Akbay_ros/install/usb_camera:/home/kenji/Lakbay_Akbay_ros/install/telemetry_gui:/home/kenji/Lakbay_Akbay_ros/install/pose_estimation:/home/kenji/Lakbay_Akbay_ros/install/arm_controller_switch:/home/kenji/ros2_ws/install/usb_camera:/home/kenji/ros2_ws/install/telemetry_gui:/home/kenji/ros2_ws/install/simple_gui:/home/kenji/ws_moveit/install/moveit_configs_utils:/opt/ros/jazzy DEBUGINFOD_URLS=https://debuginfod.ubuntu.com /usr/bin/cmake --build /home/kenji/Lakbay_Akbay_ros/build/joint_state_topic_hardware_interface -- -j4 -l4
[1.172s] Invoking command in '/home/kenji/Lakbay_Akbay_ros/build/joint_state_topic_hardware_interface': CMAKE_PREFIX_PATH=${CMAKE_PREFIX_PATH}:/home/kenji/Lakbay_Akbay_ros/install/usb_camera:/home/kenji/Lakbay_Akbay_ros/install/telemetry_gui:/home/kenji/Lakbay_Akbay_ros/install/pose_estimation:/home/kenji/Lakbay_Akbay_ros/install/arm_controller_switch:/home/kenji/ros2_ws/install/usb_camera:/home/kenji/ros2_ws/install/telemetry_gui:/home/kenji/ros2_ws/install/simple_gui:/home/kenji/ws_moveit/install/moveit_configs_utils:/opt/ros/jazzy DEBUGINFOD_URLS=https://debuginfod.ubuntu.com /usr/bin/cmake --install /home/kenji/Lakbay_Akbay_ros/build/joint_state_topic_hardware_interface
[1.216s] -- Install configuration: ""
[1.216s] -- Execute custom install script
[1.216s] -- Up-to-date symlink: /home/kenji/Lakbay_Akbay_ros/install/joint_state_topic_hardware_interface/share/joint_state_topic_hardware_interface//joint_state_topic_hardware_interface_plugin_description.xml
[1.217s] -- Up-to-date symlink: /home/kenji/Lakbay_Akbay_ros/install/joint_state_topic_hardware_interface/share/joint_state_topic_hardware_interface/environment/library_path.sh
[1.217s] -- Up-to-date symlink: /home/kenji/Lakbay_Akbay_ros/install/joint_state_topic_hardware_interface/share/joint_state_topic_hardware_interface/environment/library_path.dsv
[1.218s] -- Up-to-date symlink: /home/kenji/Lakbay_Akbay_ros/install/joint_state_topic_hardware_interface/share/ament_index/resource_index/package_run_dependencies/joint_state_topic_hardware_interface
[1.220s] -- Up-to-date symlink: /home/kenji/Lakbay_Akbay_ros/install/joint_state_topic_hardware_interface/share/ament_index/resource_index/parent_prefix_path/joint_state_topic_hardware_interface
[1.221s] -- Up-to-date symlink: /home/kenji/Lakbay_Akbay_ros/install/joint_state_topic_hardware_interface/share/joint_state_topic_hardware_interface/environment/ament_prefix_path.sh
[1.221s] -- Up-to-date symlink: /home/kenji/Lakbay_Akbay_ros/install/joint_state_topic_hardware_interface/share/joint_state_topic_hardware_interface/environment/ament_prefix_path.dsv
[1.221s] -- Up-to-date symlink: /home/kenji/Lakbay_Akbay_ros/install/joint_state_topic_hardware_interface/share/joint_state_topic_hardware_interface/environment/path.sh
[1.221s] -- Up-to-date symlink: /home/kenji/Lakbay_Akbay_ros/install/joint_state_topic_hardware_interface/share/joint_state_topic_hardware_interface/environment/path.dsv
[1.222s] -- Up-to-date symlink: /home/kenji/Lakbay_Akbay_ros/install/joint_state_topic_hardware_interface/share/joint_state_topic_hardware_interface/local_setup.bash
[1.224s] -- Up-to-date symlink: /home/kenji/Lakbay_Akbay_ros/install/joint_state_topic_hardware_interface/share/joint_state_topic_hardware_interface/local_setup.sh
[1.224s] -- Up-to-date symlink: /home/kenji/Lakbay_Akbay_ros/install/joint_state_topic_hardware_interface/share/joint_state_topic_hardware_interface/local_setup.zsh
[1.224s] -- Up-to-date symlink: /home/kenji/Lakbay_Akbay_ros/install/joint_state_topic_hardware_interface/share/joint_state_topic_hardware_interface/local_setup.dsv
[1.225s] -- Symlinking: /home/kenji/Lakbay_Akbay_ros/install/joint_state_topic_hardware_interface/share/joint_state_topic_hardware_interface/package.dsv
[1.247s] -- Up-to-date symlink: /home/kenji/Lakbay_Akbay_ros/install/joint_state_topic_hardware_interface/share/ament_index/resource_index/packages/joint_state_topic_hardware_interface
[1.248s] -- Up-to-date symlink: /home/kenji/Lakbay_Akbay_ros/install/joint_state_topic_hardware_interface/share/ament_index/resource_index/hardware_interface__pluginlib__plugin/joint_state_topic_hardware_interface
[1.249s] -- Up-to-date symlink: /home/kenji/Lakbay_Akbay_ros/install/joint_state_topic_hardware_interface/share/joint_state_topic_hardware_interface/cmake/ament_cmake_export_targets-extras.cmake
[1.250s] -- Up-to-date symlink: /home/kenji/Lakbay_Akbay_ros/install/joint_state_topic_hardware_interface/share/joint_state_topic_hardware_interface/cmake/ament_cmake_export_dependencies-extras.cmake
[1.250s] -- Up-to-date symlink: /home/kenji/Lakbay_Akbay_ros/install/joint_state_topic_hardware_interface/share/joint_state_topic_hardware_interface/cmake/joint_state_topic_hardware_interfaceConfig.cmake
[1.252s] -- Up-to-date symlink: /home/kenji/Lakbay_Akbay_ros/install/joint_state_topic_hardware_interface/share/joint_state_topic_hardware_interface/cmake/joint_state_topic_hardware_interfaceConfig-version.cmake
[1.253s] -- Up-to-date symlink: /home/kenji/Lakbay_Akbay_ros/install/joint_state_topic_hardware_interface/share/joint_state_topic_hardware_interface/package.xml
[1.253s] -- Up-to-date: /home/kenji/Lakbay_Akbay_ros/install/joint_state_topic_hardware_interface/lib/libjoint_state_topic_hardware_interface.so
[1.253s] -- Up-to-date: /home/kenji/Lakbay_Akbay_ros/install/joint_state_topic_hardware_interface/share/joint_state_topic_hardware_interface/cmake/joint_state_topic_hardware_interfaceTargetsExport.cmake
[1.254s] -- Up-to-date: /home/kenji/Lakbay_Akbay_ros/install/joint_state_topic_hardware_interface/share/joint_state_topic_hardware_interface/cmake/joint_state_topic_hardware_interfaceTargetsExport-noconfig.cmake
[1.953s] Invoked command in '/home/kenji/Lakbay_Akbay_ros/build/joint_state_topic_hardware_interface' returned '0': CMAKE_PREFIX_PATH=${CMAKE_PREFIX_PATH}:/home/kenji/Lakbay_Akbay_ros/install/usb_camera:/home/kenji/Lakbay_Akbay_ros/install/telemetry_gui:/home/kenji/Lakbay_Akbay_ros/install/pose_estimation:/home/kenji/Lakbay_Akbay_ros/install/arm_controller_switch:/home/kenji/ros2_ws/install/usb_camera:/home/kenji/ros2_ws/install/telemetry_gui:/home/kenji/ros2_ws/install/simple_gui:/home/kenji/ws_moveit/install/moveit_configs_utils:/opt/ros/jazzy DEBUGINFOD_URLS=https://debuginfod.ubuntu.com /usr/bin/cmake --install /home/kenji/Lakbay_Akbay_ros/build/joint_state_topic_hardware_interface
